CRITICAL - 2022-07-04 11:45:42 --> Undefined variable $C1
in APPPATH\Views\perhitungan.php on line 134.
 1 APPPATH\Views\perhitungan.php(134): CodeIgniter\Debug\Exceptions->errorHandler(2, 'Undefined variable $C1', 'APPPATH\\Views\\perhitungan.php', 134)
 2 SYSTEMPATH\View\View.php(213): include('APPPATH\\Views\\perhitungan.php')
 3 SYSTEMPATH\View\View.php(216): CodeIgniter\View\View->CodeIgniter\View\{closure}()
 4 SYSTEMPATH\Common.php(1135): CodeIgniter\View\View->render('perhitungan', [], true)
 5 APPPATH\Controllers\Spk.php(376): view('perhitungan', [...])
 6 SYSTEMPATH\CodeIgniter.php(898): App\Controllers\Spk->perhitungan()
 7 SYSTEMPATH\CodeIgniter.php(468): CodeIgniter\CodeIgniter->runController(Object(App\Controllers\Spk))
 8 SYSTEMPATH\CodeIgniter.php(351): CodeIgniter\CodeIgniter->handleRequest(null, Object(Config\Cache), false)
 9 FCPATH\index.php(55): CodeIgniter\CodeIgniter->run()
10 SYSTEMPATH\Commands\Server\rewrite.php(43): require_once('FCPATH\\index.php')
CRITICAL - 2022-07-04 11:47:17 --> Undefined variable $C1
in APPPATH\Views\perhitungan.php on line 134.
 1 APPPATH\Views\perhitungan.php(134): CodeIgniter\Debug\Exceptions->errorHandler(2, 'Undefined variable $C1', 'APPPATH\\Views\\perhitungan.php', 134)
 2 SYSTEMPATH\View\View.php(213): include('APPPATH\\Views\\perhitungan.php')
 3 SYSTEMPATH\View\View.php(216): CodeIgniter\View\View->CodeIgniter\View\{closure}()
 4 SYSTEMPATH\Common.php(1135): CodeIgniter\View\View->render('perhitungan', [], true)
 5 APPPATH\Controllers\Spk.php(376): view('perhitungan', [...])
 6 SYSTEMPATH\CodeIgniter.php(898): App\Controllers\Spk->perhitungan()
 7 SYSTEMPATH\CodeIgniter.php(468): CodeIgniter\CodeIgniter->runController(Object(App\Controllers\Spk))
 8 SYSTEMPATH\CodeIgniter.php(351): CodeIgniter\CodeIgniter->handleRequest(null, Object(Config\Cache), false)
 9 FCPATH\index.php(55): CodeIgniter\CodeIgniter->run()
10 SYSTEMPATH\Commands\Server\rewrite.php(43): require_once('FCPATH\\index.php')
CRITICAL - 2022-07-04 20:37:02 --> Undefined variable $A
in APPPATH\Controllers\Spk.php on line 362.
 1 APPPATH\Controllers\Spk.php(362): CodeIgniter\Debug\Exceptions->errorHandler(2, 'Undefined variable $A', 'APPPATH\\Controllers\\Spk.php', 362)
 2 SYSTEMPATH\CodeIgniter.php(898): App\Controllers\Spk->perhitungan()
 3 SYSTEMPATH\CodeIgniter.php(468): CodeIgniter\CodeIgniter->runController(Object(App\Controllers\Spk))
 4 SYSTEMPATH\CodeIgniter.php(351): CodeIgniter\CodeIgniter->handleRequest(null, Object(Config\Cache), false)
 5 FCPATH\index.php(55): CodeIgniter\CodeIgniter->run()
 6 SYSTEMPATH\Commands\Server\rewrite.php(43): require_once('FCPATH\\index.php')
CRITICAL - 2022-07-04 20:38:06 --> Undefined variable $A
in APPPATH\Controllers\Spk.php on line 362.
 1 APPPATH\Controllers\Spk.php(362): CodeIgniter\Debug\Exceptions->errorHandler(2, 'Undefined variable $A', 'APPPATH\\Controllers\\Spk.php', 362)
 2 SYSTEMPATH\CodeIgniter.php(898): App\Controllers\Spk->perhitungan()
 3 SYSTEMPATH\CodeIgniter.php(468): CodeIgniter\CodeIgniter->runController(Object(App\Controllers\Spk))
 4 SYSTEMPATH\CodeIgniter.php(351): CodeIgniter\CodeIgniter->handleRequest(null, Object(Config\Cache), false)
 5 FCPATH\index.php(55): CodeIgniter\CodeIgniter->run()
 6 SYSTEMPATH\Commands\Server\rewrite.php(43): require_once('FCPATH\\index.php')
CRITICAL - 2022-07-04 20:48:12 --> Undefined variable $A
in APPPATH\Controllers\Spk.php on line 362.
 1 APPPATH\Controllers\Spk.php(362): CodeIgniter\Debug\Exceptions->errorHandler(2, 'Undefined variable $A', 'APPPATH\\Controllers\\Spk.php', 362)
 2 SYSTEMPATH\CodeIgniter.php(898): App\Controllers\Spk->perhitungan()
 3 SYSTEMPATH\CodeIgniter.php(468): CodeIgniter\CodeIgniter->runController(Object(App\Controllers\Spk))
 4 SYSTEMPATH\CodeIgniter.php(351): CodeIgniter\CodeIgniter->handleRequest(null, Object(Config\Cache), false)
 5 FCPATH\index.php(55): CodeIgniter\CodeIgniter->run()
 6 SYSTEMPATH\Commands\Server\rewrite.php(43): require_once('FCPATH\\index.php')
CRITICAL - 2022-07-04 20:49:56 --> Undefined variable $g
in APPPATH\Views\perhitungan.php on line 121.
 1 APPPATH\Views\perhitungan.php(121): CodeIgniter\Debug\Exceptions->errorHandler(2, 'Undefined variable $g', 'APPPATH\\Views\\perhitungan.php', 121)
 2 SYSTEMPATH\View\View.php(213): include('APPPATH\\Views\\perhitungan.php')
 3 SYSTEMPATH\View\View.php(216): CodeIgniter\View\View->CodeIgniter\View\{closure}()
 4 SYSTEMPATH\Common.php(1135): CodeIgniter\View\View->render('perhitungan', [], true)
 5 APPPATH\Controllers\Spk.php(376): view('perhitungan', [...])
 6 SYSTEMPATH\CodeIgniter.php(898): App\Controllers\Spk->perhitungan()
 7 SYSTEMPATH\CodeIgniter.php(468): CodeIgniter\CodeIgniter->runController(Object(App\Controllers\Spk))
 8 SYSTEMPATH\CodeIgniter.php(351): CodeIgniter\CodeIgniter->handleRequest(null, Object(Config\Cache), false)
 9 FCPATH\index.php(55): CodeIgniter\CodeIgniter->run()
10 SYSTEMPATH\Commands\Server\rewrite.php(43): require_once('FCPATH\\index.php')
CRITICAL - 2022-07-04 20:50:48 --> Attempt to read property "nilai_raport" on array
in APPPATH\Views\perhitungan.php on line 121.
 1 APPPATH\Views\perhitungan.php(121): CodeIgniter\Debug\Exceptions->errorHandler(2, 'Attempt to read property "nilai_raport" on array', 'APPPATH\\Views\\perhitungan.php', 121)
 2 SYSTEMPATH\View\View.php(213): include('APPPATH\\Views\\perhitungan.php')
 3 SYSTEMPATH\View\View.php(216): CodeIgniter\View\View->CodeIgniter\View\{closure}()
 4 SYSTEMPATH\Common.php(1135): CodeIgniter\View\View->render('perhitungan', [], true)
 5 APPPATH\Controllers\Spk.php(376): view('perhitungan', [...])
 6 SYSTEMPATH\CodeIgniter.php(898): App\Controllers\Spk->perhitungan()
 7 SYSTEMPATH\CodeIgniter.php(468): CodeIgniter\CodeIgniter->runController(Object(App\Controllers\Spk))
 8 SYSTEMPATH\CodeIgniter.php(351): CodeIgniter\CodeIgniter->handleRequest(null, Object(Config\Cache), false)
 9 FCPATH\index.php(55): CodeIgniter\CodeIgniter->run()
10 SYSTEMPATH\Commands\Server\rewrite.php(43): require_once('FCPATH\\index.php')
CRITICAL - 2022-07-04 20:52:11 --> Undefined variable $g
in APPPATH\Views\perhitungan.php on line 121.
 1 APPPATH\Views\perhitungan.php(121): CodeIgniter\Debug\Exceptions->errorHandler(2, 'Undefined variable $g', 'APPPATH\\Views\\perhitungan.php', 121)
 2 SYSTEMPATH\View\View.php(213): include('APPPATH\\Views\\perhitungan.php')
 3 SYSTEMPATH\View\View.php(216): CodeIgniter\View\View->CodeIgniter\View\{closure}()
 4 SYSTEMPATH\Common.php(1135): CodeIgniter\View\View->render('perhitungan', [], true)
 5 APPPATH\Controllers\Spk.php(376): view('perhitungan', [...])
 6 SYSTEMPATH\CodeIgniter.php(898): App\Controllers\Spk->perhitungan()
 7 SYSTEMPATH\CodeIgniter.php(468): CodeIgniter\CodeIgniter->runController(Object(App\Controllers\Spk))
 8 SYSTEMPATH\CodeIgniter.php(351): CodeIgniter\CodeIgniter->handleRequest(null, Object(Config\Cache), false)
 9 FCPATH\index.php(55): CodeIgniter\CodeIgniter->run()
10 SYSTEMPATH\Commands\Server\rewrite.php(43): require_once('FCPATH\\index.php')
CRITICAL - 2022-07-04 20:52:24 --> Undefined variable $g
in APPPATH\Views\perhitungan.php on line 121.
 1 APPPATH\Views\perhitungan.php(121): CodeIgniter\Debug\Exceptions->errorHandler(2, 'Undefined variable $g', 'APPPATH\\Views\\perhitungan.php', 121)
 2 SYSTEMPATH\View\View.php(213): include('APPPATH\\Views\\perhitungan.php')
 3 SYSTEMPATH\View\View.php(216): CodeIgniter\View\View->CodeIgniter\View\{closure}()
 4 SYSTEMPATH\Common.php(1135): CodeIgniter\View\View->render('perhitungan', [], true)
 5 APPPATH\Controllers\Spk.php(376): view('perhitungan', [...])
 6 SYSTEMPATH\CodeIgniter.php(898): App\Controllers\Spk->perhitungan()
 7 SYSTEMPATH\CodeIgniter.php(468): CodeIgniter\CodeIgniter->runController(Object(App\Controllers\Spk))
 8 SYSTEMPATH\CodeIgniter.php(351): CodeIgniter\CodeIgniter->handleRequest(null, Object(Config\Cache), false)
 9 FCPATH\index.php(55): CodeIgniter\CodeIgniter->run()
10 SYSTEMPATH\Commands\Server\rewrite.php(43): require_once('FCPATH\\index.php')
