CRITICAL - 2023-01-23 03:23:27 --> Undefined property: mysqli::$nilai_raport
in APPPATH\Views\hasil.php on line 34.
 1 APPPATH\Views\hasil.php(34): CodeIgniter\Debug\Exceptions->errorHandler(2, 'Undefined property: mysqli::$nilai_raport', 'APPPATH\\Views\\hasil.php', 34)
 2 SYSTEMPATH\View\View.php(213): include('APPPATH\\Views\\hasil.php')
 3 SYSTEMPATH\View\View.php(216): CodeIgniter\View\View->CodeIgniter\View\{closure}()
 4 SYSTEMPATH\Common.php(1135): CodeIgniter\View\View->render('hasil', [], true)
 5 APPPATH\Controllers\Spk.php(426): view('hasil', [...])
 6 SYSTEMPATH\CodeIgniter.php(898): App\Controllers\Spk->hasil()
 7 SYSTEMPATH\CodeIgniter.php(468): CodeIgniter\CodeIgniter->runController(Object(App\Controllers\Spk))
 8 SYSTEMPATH\CodeIgniter.php(351): CodeIgniter\CodeIgniter->handleRequest(null, Object(Config\Cache), false)
 9 FCPATH\index.php(55): CodeIgniter\CodeIgniter->run()
10 SYSTEMPATH\Commands\Server\rewrite.php(43): require_once('FCPATH\\index.php')
CRITICAL - 2023-01-23 03:23:31 --> Undefined property: mysqli::$kode_alternatif
in APPPATH\Views\perhitungan.php on line 68.
 1 APPPATH\Views\perhitungan.php(68): CodeIgniter\Debug\Exceptions->errorHandler(2, 'Undefined property: mysqli::$kode_alternatif', 'APPPATH\\Views\\perhitungan.php', 68)
 2 SYSTEMPATH\View\View.php(213): include('APPPATH\\Views\\perhitungan.php')
 3 SYSTEMPATH\View\View.php(216): CodeIgniter\View\View->CodeIgniter\View\{closure}()
 4 SYSTEMPATH\Common.php(1135): CodeIgniter\View\View->render('perhitungan', [], true)
 5 APPPATH\Controllers\Spk.php(405): view('perhitungan', [...])
 6 SYSTEMPATH\CodeIgniter.php(898): App\Controllers\Spk->perhitungan()
 7 SYSTEMPATH\CodeIgniter.php(468): CodeIgniter\CodeIgniter->runController(Object(App\Controllers\Spk))
 8 SYSTEMPATH\CodeIgniter.php(351): CodeIgniter\CodeIgniter->handleRequest(null, Object(Config\Cache), false)
 9 FCPATH\index.php(55): CodeIgniter\CodeIgniter->run()
10 SYSTEMPATH\Commands\Server\rewrite.php(43): require_once('FCPATH\\index.php')
CRITICAL - 2023-01-23 03:25:16 --> Undefined variable $rules_kode
in APPPATH\Controllers\Spk.php on line 357.
 1 APPPATH\Controllers\Spk.php(357): CodeIgniter\Debug\Exceptions->errorHandler(2, 'Undefined variable $rules_kode', 'APPPATH\\Controllers\\Spk.php', 357)
 2 SYSTEMPATH\CodeIgniter.php(898): App\Controllers\Spk->save_penilaian('80')
 3 SYSTEMPATH\CodeIgniter.php(468): CodeIgniter\CodeIgniter->runController(Object(App\Controllers\Spk))
 4 SYSTEMPATH\CodeIgniter.php(351): CodeIgniter\CodeIgniter->handleRequest(null, Object(Config\Cache), false)
 5 FCPATH\index.php(55): CodeIgniter\CodeIgniter->run()
 6 SYSTEMPATH\Commands\Server\rewrite.php(43): require_once('FCPATH\\index.php')
CRITICAL - 2023-01-23 03:25:37 --> Undefined variable $rules_kode
in APPPATH\Controllers\Spk.php on line 357.
 1 APPPATH\Controllers\Spk.php(357): CodeIgniter\Debug\Exceptions->errorHandler(2, 'Undefined variable $rules_kode', 'APPPATH\\Controllers\\Spk.php', 357)
 2 SYSTEMPATH\CodeIgniter.php(898): App\Controllers\Spk->save_penilaian('80')
 3 SYSTEMPATH\CodeIgniter.php(468): CodeIgniter\CodeIgniter->runController(Object(App\Controllers\Spk))
 4 SYSTEMPATH\CodeIgniter.php(351): CodeIgniter\CodeIgniter->handleRequest(null, Object(Config\Cache), false)
 5 FCPATH\index.php(55): CodeIgniter\CodeIgniter->run()
 6 SYSTEMPATH\Commands\Server\rewrite.php(43): require_once('FCPATH\\index.php')
CRITICAL - 2023-01-23 16:21:19 --> Object of class stdClass could not be converted to int
in APPPATH\Views\perhitungan.php on line 674.
 1 APPPATH\Views\perhitungan.php(674): CodeIgniter\Debug\Exceptions->errorHandler(8, 'Object of class stdClass could not be converted to int', 'APPPATH\\Views\\perhitungan.php', 674)
 2 SYSTEMPATH\View\View.php(213): include('APPPATH\\Views\\perhitungan.php')
 3 SYSTEMPATH\View\View.php(216): CodeIgniter\View\View->CodeIgniter\View\{closure}()
 4 SYSTEMPATH\Common.php(1135): CodeIgniter\View\View->render('perhitungan', [], true)
 5 APPPATH\Controllers\Spk.php(378): view('perhitungan', [...])
 6 SYSTEMPATH\CodeIgniter.php(898): App\Controllers\Spk->perhitungan()
 7 SYSTEMPATH\CodeIgniter.php(468): CodeIgniter\CodeIgniter->runController(Object(App\Controllers\Spk))
 8 SYSTEMPATH\CodeIgniter.php(351): CodeIgniter\CodeIgniter->handleRequest(null, Object(Config\Cache), false)
 9 FCPATH\index.php(55): CodeIgniter\CodeIgniter->run()
10 SYSTEMPATH\Commands\Server\rewrite.php(43): require_once('FCPATH\\index.php')
