CRITICAL - 2023-02-01 07:36:08 --> var_dump() expects at least 1 argument, 0 given
in APPPATH\Controllers\Spk.php on line 228.
 1 APPPATH\Controllers\Spk.php(228): var_dump()
 2 SYSTEMPATH\CodeIgniter.php(898): App\Controllers\Spk->save_kriteria()
 3 SYSTEMPATH\CodeIgniter.php(468): CodeIgniter\CodeIgniter->runController(Object(App\Controllers\Spk))
 4 SYSTEMPATH\CodeIgniter.php(351): CodeIgniter\CodeIgniter->handleRequest(null, Object(Config\Cache), false)
 5 FCPATH\index.php(55): CodeIgniter\CodeIgniter->run()
 6 SYSTEMPATH\Commands\Server\rewrite.php(43): require_once('FCPATH\\index.php')
CRITICAL - 2023-02-01 07:37:46 --> syntax error, unexpected token ";", expecting "]"
in APPPATH\Controllers\Spk.php on line 227.
 1 SYSTEMPATH\Autoloader\Autoloader.php(261): CodeIgniter\Autoloader\Autoloader->includeFile('APPPATH\\Controllers\\Spk.php')
 2 SYSTEMPATH\Autoloader\Autoloader.php(239): CodeIgniter\Autoloader\Autoloader->loadInNamespace('App\\Controllers\\Spk')
 3 [internal function]: CodeIgniter\Autoloader\Autoloader->loadClass('App\\Controllers\\Spk')
 4 SYSTEMPATH\CodeIgniter.php(848): class_exists('\\App\\Controllers\\Spk', true)
 5 SYSTEMPATH\CodeIgniter.php(455): CodeIgniter\CodeIgniter->startController()
 6 SYSTEMPATH\CodeIgniter.php(351): CodeIgniter\CodeIgniter->handleRequest(null, Object(Config\Cache), false)
 7 FCPATH\index.php(55): CodeIgniter\CodeIgniter->run()
 8 SYSTEMPATH\Commands\Server\rewrite.php(43): require_once('FCPATH\\index.php')
CRITICAL - 2023-02-01 07:38:53 --> Undefined constant "App\Controllers\print_r"
in APPPATH\Controllers\Spk.php on line 228.
 1 SYSTEMPATH\CodeIgniter.php(898): App\Controllers\Spk->save_kriteria()
 2 SYSTEMPATH\CodeIgniter.php(468): CodeIgniter\CodeIgniter->runController(Object(App\Controllers\Spk))
 3 SYSTEMPATH\CodeIgniter.php(351): CodeIgniter\CodeIgniter->handleRequest(null, Object(Config\Cache), false)
 4 FCPATH\index.php(55): CodeIgniter\CodeIgniter->run()
 5 SYSTEMPATH\Commands\Server\rewrite.php(43): require_once('FCPATH\\index.php')
CRITICAL - 2023-02-01 07:48:45 --> Undefined variable $builder
in APPPATH\Controllers\Spk.php on line 201.
 1 APPPATH\Controllers\Spk.php(201): CodeIgniter\Debug\Exceptions->errorHandler(2, 'Undefined variable $builder', 'APPPATH\\Controllers\\Spk.php', 201)
 2 SYSTEMPATH\CodeIgniter.php(898): App\Controllers\Spk->ubah_kriteria()
 3 SYSTEMPATH\CodeIgniter.php(468): CodeIgniter\CodeIgniter->runController(Object(App\Controllers\Spk))
 4 SYSTEMPATH\CodeIgniter.php(351): CodeIgniter\CodeIgniter->handleRequest(null, Object(Config\Cache), false)
 5 FCPATH\index.php(55): CodeIgniter\CodeIgniter->run()
 6 SYSTEMPATH\Commands\Server\rewrite.php(43): require_once('FCPATH\\index.php')
CRITICAL - 2023-02-01 07:50:00 --> Undefined variable $data
in APPPATH\Controllers\Spk.php on line 220.
 1 APPPATH\Controllers\Spk.php(220): CodeIgniter\Debug\Exceptions->errorHandler(2, 'Undefined variable $data', 'APPPATH\\Controllers\\Spk.php', 220)
 2 SYSTEMPATH\CodeIgniter.php(898): App\Controllers\Spk->save_kriteria()
 3 SYSTEMPATH\CodeIgniter.php(468): CodeIgniter\CodeIgniter->runController(Object(App\Controllers\Spk))
 4 SYSTEMPATH\CodeIgniter.php(351): CodeIgniter\CodeIgniter->handleRequest(null, Object(Config\Cache), false)
 5 FCPATH\index.php(55): CodeIgniter\CodeIgniter->run()
 6 SYSTEMPATH\Commands\Server\rewrite.php(43): require_once('FCPATH\\index.php')
