CRITICAL - 2022-06-23 01:46:18 --> Undefined array key "kode"
in APPPATH\Views\Alternatif\alternatif.php on line 27.
 1 APPPATH\Views\Alternatif\alternatif.php(27): CodeIgniter\Debug\Exceptions->errorHandler(2, 'Undefined array key "kode"', 'APPPATH\\Views\\Alternatif\\alternatif.php', 27)
 2 SYSTEMPATH\View\View.php(213): include('APPPATH\\Views\\Alternatif\\alternatif.php')
 3 SYSTEMPATH\View\View.php(216): CodeIgniter\View\View->CodeIgniter\View\{closure}()
 4 SYSTEMPATH\Common.php(1135): CodeIgniter\View\View->render('/alternatif/alternatif', [], true)
 5 APPPATH\Controllers\Spk.php(34): view('/alternatif/alternatif', [...])
 6 SYSTEMPATH\CodeIgniter.php(898): App\Controllers\Spk->alternatif()
 7 SYSTEMPATH\CodeIgniter.php(468): CodeIgniter\CodeIgniter->runController(Object(App\Controllers\Spk))
 8 SYSTEMPATH\CodeIgniter.php(351): CodeIgniter\CodeIgniter->handleRequest(null, Object(Config\Cache), false)
 9 FCPATH\index.php(55): CodeIgniter\CodeIgniter->run()
10 SYSTEMPATH\Commands\Server\rewrite.php(43): require_once('FCPATH\\index.php')
CRITICAL - 2022-06-23 02:08:11 --> Undefined array key "kode"
in APPPATH\Views\Alternatif\alternatif.php on line 31.
 1 APPPATH\Views\Alternatif\alternatif.php(31): CodeIgniter\Debug\Exceptions->errorHandler(2, 'Undefined array key "kode"', 'APPPATH\\Views\\Alternatif\\alternatif.php', 31)
 2 SYSTEMPATH\View\View.php(213): include('APPPATH\\Views\\Alternatif\\alternatif.php')
 3 SYSTEMPATH\View\View.php(216): CodeIgniter\View\View->CodeIgniter\View\{closure}()
 4 SYSTEMPATH\Common.php(1135): CodeIgniter\View\View->render('/alternatif/alternatif', [], true)
 5 APPPATH\Controllers\Spk.php(34): view('/alternatif/alternatif', [...])
 6 SYSTEMPATH\CodeIgniter.php(898): App\Controllers\Spk->alternatif()
 7 SYSTEMPATH\CodeIgniter.php(468): CodeIgniter\CodeIgniter->runController(Object(App\Controllers\Spk))
 8 SYSTEMPATH\CodeIgniter.php(351): CodeIgniter\CodeIgniter->handleRequest(null, Object(Config\Cache), false)
 9 FCPATH\index.php(55): CodeIgniter\CodeIgniter->run()
10 SYSTEMPATH\Commands\Server\rewrite.php(43): require_once('FCPATH\\index.php')
ERROR - 2022-06-23 02:08:59 --> Unknown column 'kode' in 'where clause'
CRITICAL - 2022-06-23 02:08:59 --> Call to a member function getFirstRow() on bool
in SYSTEMPATH\Model.php on line 249.
 1 SYSTEMPATH\BaseModel.php(622): CodeIgniter\Model->doFirst()
 2 APPPATH\Models\AlternatifModel.php(19): CodeIgniter\BaseModel->first()
 3 APPPATH\Controllers\Spk.php(71): App\Models\AlternatifModel->getData('A1')
 4 SYSTEMPATH\CodeIgniter.php(898): App\Controllers\Spk->edit_alternatif('A1')
 5 SYSTEMPATH\CodeIgniter.php(468): CodeIgniter\CodeIgniter->runController(Object(App\Controllers\Spk))
 6 SYSTEMPATH\CodeIgniter.php(351): CodeIgniter\CodeIgniter->handleRequest(null, Object(Config\Cache), false)
 7 FCPATH\index.php(55): CodeIgniter\CodeIgniter->run()
 8 SYSTEMPATH\Commands\Server\rewrite.php(43): require_once('FCPATH\\index.php')
CRITICAL - 2022-06-23 03:08:12 --> Undefined array key "id"
in APPPATH\Views\Kriteria\kriteria.php on line 31.
 1 APPPATH\Views\Kriteria\kriteria.php(31): CodeIgniter\Debug\Exceptions->errorHandler(2, 'Undefined array key "id"', 'APPPATH\\Views\\Kriteria\\kriteria.php', 31)
 2 SYSTEMPATH\View\View.php(213): include('APPPATH\\Views\\Kriteria\\kriteria.php')
 3 SYSTEMPATH\View\View.php(216): CodeIgniter\View\View->CodeIgniter\View\{closure}()
 4 SYSTEMPATH\Common.php(1135): CodeIgniter\View\View->render('kriteria/kriteria', [], true)
 5 APPPATH\Controllers\Spk.php(110): view('kriteria/kriteria', [...])
 6 SYSTEMPATH\CodeIgniter.php(898): App\Controllers\Spk->kriteria()
 7 SYSTEMPATH\CodeIgniter.php(468): CodeIgniter\CodeIgniter->runController(Object(App\Controllers\Spk))
 8 SYSTEMPATH\CodeIgniter.php(351): CodeIgniter\CodeIgniter->handleRequest(null, Object(Config\Cache), false)
 9 FCPATH\index.php(55): CodeIgniter\CodeIgniter->run()
10 SYSTEMPATH\Commands\Server\rewrite.php(43): require_once('FCPATH\\index.php')
CRITICAL - 2022-06-23 03:10:47 --> Undefined array key "id"
in APPPATH\Views\Kriteria\edit_kriteria.php on line 9.
 1 APPPATH\Views\Kriteria\edit_kriteria.php(9): CodeIgniter\Debug\Exceptions->errorHandler(2, 'Undefined array key "id"', 'APPPATH\\Views\\Kriteria\\edit_kriteria.php', 9)
 2 SYSTEMPATH\View\View.php(213): include('APPPATH\\Views\\Kriteria\\edit_kriteria.php')
 3 SYSTEMPATH\View\View.php(216): CodeIgniter\View\View->CodeIgniter\View\{closure}()
 4 SYSTEMPATH\Common.php(1135): CodeIgniter\View\View->render('/kriteria/edit_kriteria', [], true)
 5 APPPATH\Controllers\Spk.php(145): view('/kriteria/edit_kriteria', [...])
 6 SYSTEMPATH\CodeIgniter.php(898): App\Controllers\Spk->edit_kriteria('C3')
 7 SYSTEMPATH\CodeIgniter.php(468): CodeIgniter\CodeIgniter->runController(Object(App\Controllers\Spk))
 8 SYSTEMPATH\CodeIgniter.php(351): CodeIgniter\CodeIgniter->handleRequest(null, Object(Config\Cache), false)
 9 FCPATH\index.php(55): CodeIgniter\CodeIgniter->run()
10 SYSTEMPATH\Commands\Server\rewrite.php(43): require_once('FCPATH\\index.php')
