CRITICAL - 2022-06-11 10:32:08 --> Too few arguments to function App\Controllers\Bobot::index(), 0 passed in C:\xampp\htdocs\portofolio\SPK VIKOR\system\CodeIgniter.php on line 898 and exactly 1 expected
in APPPATH\Controllers\Bobot.php on line 9.
 1 SYSTEMPATH\CodeIgniter.php(898): App\Controllers\Bobot->index()
 2 SYSTEMPATH\CodeIgniter.php(468): CodeIgniter\CodeIgniter->runController(Object(App\Controllers\Bobot))
 3 SYSTEMPATH\CodeIgniter.php(351): CodeIgniter\CodeIgniter->handleRequest(null, Object(Config\Cache), false)
 4 FCPATH\index.php(55): CodeIgniter\CodeIgniter->run()
 5 SYSTEMPATH\Commands\Server\rewrite.php(43): require_once('FCPATH\\index.php')
CRITICAL - 2022-06-11 10:32:42 --> Too few arguments to function App\Controllers\Bobot::index(), 0 passed in C:\xampp\htdocs\portofolio\SPK VIKOR\system\CodeIgniter.php on line 898 and exactly 1 expected
in APPPATH\Controllers\Bobot.php on line 9.
 1 SYSTEMPATH\CodeIgniter.php(898): App\Controllers\Bobot->index()
 2 SYSTEMPATH\CodeIgniter.php(468): CodeIgniter\CodeIgniter->runController(Object(App\Controllers\Bobot))
 3 SYSTEMPATH\CodeIgniter.php(351): CodeIgniter\CodeIgniter->handleRequest(null, Object(Config\Cache), false)
 4 FCPATH\index.php(55): CodeIgniter\CodeIgniter->run()
 5 SYSTEMPATH\Commands\Server\rewrite.php(43): require_once('FCPATH\\index.php')
CRITICAL - 2022-06-11 10:36:18 --> Too few arguments to function App\Controllers\Bobot::index(), 0 passed in C:\xampp\htdocs\portofolio\SPK VIKOR\system\CodeIgniter.php on line 898 and exactly 1 expected
in APPPATH\Controllers\Bobot.php on line 9.
 1 SYSTEMPATH\CodeIgniter.php(898): App\Controllers\Bobot->index()
 2 SYSTEMPATH\CodeIgniter.php(468): CodeIgniter\CodeIgniter->runController(Object(App\Controllers\Bobot))
 3 SYSTEMPATH\CodeIgniter.php(351): CodeIgniter\CodeIgniter->handleRequest(null, Object(Config\Cache), false)
 4 FCPATH\index.php(55): CodeIgniter\CodeIgniter->run()
 5 SYSTEMPATH\Commands\Server\rewrite.php(43): require_once('FCPATH\\index.php')
CRITICAL - 2022-06-11 10:36:46 --> Too few arguments to function App\Controllers\Bobot::index(), 0 passed in C:\xampp\htdocs\portofolio\SPK VIKOR\system\CodeIgniter.php on line 898 and exactly 1 expected
in APPPATH\Controllers\Bobot.php on line 9.
 1 SYSTEMPATH\CodeIgniter.php(898): App\Controllers\Bobot->index()
 2 SYSTEMPATH\CodeIgniter.php(468): CodeIgniter\CodeIgniter->runController(Object(App\Controllers\Bobot))
 3 SYSTEMPATH\CodeIgniter.php(351): CodeIgniter\CodeIgniter->handleRequest(null, Object(Config\Cache), false)
 4 FCPATH\index.php(55): CodeIgniter\CodeIgniter->run()
 5 SYSTEMPATH\Commands\Server\rewrite.php(43): require_once('FCPATH\\index.php')
CRITICAL - 2022-06-11 10:36:55 --> Too few arguments to function App\Controllers\Bobot::index(), 0 passed in C:\xampp\htdocs\portofolio\SPK VIKOR\system\CodeIgniter.php on line 898 and exactly 1 expected
in APPPATH\Controllers\Bobot.php on line 9.
 1 SYSTEMPATH\CodeIgniter.php(898): App\Controllers\Bobot->index()
 2 SYSTEMPATH\CodeIgniter.php(468): CodeIgniter\CodeIgniter->runController(Object(App\Controllers\Bobot))
 3 SYSTEMPATH\CodeIgniter.php(351): CodeIgniter\CodeIgniter->handleRequest(null, Object(Config\Cache), false)
 4 FCPATH\index.php(55): CodeIgniter\CodeIgniter->run()
 5 SYSTEMPATH\Commands\Server\rewrite.php(43): require_once('FCPATH\\index.php')
CRITICAL - 2022-06-11 10:53:03 --> Too few arguments to function App\Controllers\Bobot::index(), 0 passed in C:\xampp\htdocs\portofolio\SPK VIKOR\system\CodeIgniter.php on line 898 and exactly 1 expected
in APPPATH\Controllers\Bobot.php on line 9.
 1 SYSTEMPATH\CodeIgniter.php(898): App\Controllers\Bobot->index()
 2 SYSTEMPATH\CodeIgniter.php(468): CodeIgniter\CodeIgniter->runController(Object(App\Controllers\Bobot))
 3 SYSTEMPATH\CodeIgniter.php(351): CodeIgniter\CodeIgniter->handleRequest(null, Object(Config\Cache), false)
 4 FCPATH\index.php(55): CodeIgniter\CodeIgniter->run()
 5 SYSTEMPATH\Commands\Server\rewrite.php(43): require_once('FCPATH\\index.php')
CRITICAL - 2022-06-11 10:53:40 --> Too few arguments to function App\Controllers\Bobot::index(), 0 passed in C:\xampp\htdocs\portofolio\SPK VIKOR\system\CodeIgniter.php on line 898 and exactly 1 expected
in APPPATH\Controllers\Bobot.php on line 9.
 1 SYSTEMPATH\CodeIgniter.php(898): App\Controllers\Bobot->index()
 2 SYSTEMPATH\CodeIgniter.php(468): CodeIgniter\CodeIgniter->runController(Object(App\Controllers\Bobot))
 3 SYSTEMPATH\CodeIgniter.php(351): CodeIgniter\CodeIgniter->handleRequest(null, Object(Config\Cache), false)
 4 FCPATH\index.php(55): CodeIgniter\CodeIgniter->run()
 5 SYSTEMPATH\Commands\Server\rewrite.php(43): require_once('FCPATH\\index.php')
CRITICAL - 2022-06-11 10:55:28 --> Too few arguments to function App\Controllers\Bobot::index(), 0 passed in C:\xampp\htdocs\portofolio\SPK VIKOR\system\CodeIgniter.php on line 898 and exactly 1 expected
in APPPATH\Controllers\Bobot.php on line 9.
 1 SYSTEMPATH\CodeIgniter.php(898): App\Controllers\Bobot->index()
 2 SYSTEMPATH\CodeIgniter.php(468): CodeIgniter\CodeIgniter->runController(Object(App\Controllers\Bobot))
 3 SYSTEMPATH\CodeIgniter.php(351): CodeIgniter\CodeIgniter->handleRequest(null, Object(Config\Cache), false)
 4 FCPATH\index.php(55): CodeIgniter\CodeIgniter->run()
 5 SYSTEMPATH\Commands\Server\rewrite.php(43): require_once('FCPATH\\index.php')
CRITICAL - 2022-06-11 10:57:39 --> Undefined property: App\Controllers\Bobot::$BobotModel
in APPPATH\Controllers\Bobot.php on line 16.
 1 APPPATH\Controllers\Bobot.php(16): CodeIgniter\Debug\Exceptions->errorHandler(2, 'Undefined property: App\\Controllers\\Bobot::$BobotModel', 'APPPATH\\Controllers\\Bobot.php', 16)
 2 SYSTEMPATH\CodeIgniter.php(898): App\Controllers\Bobot->index('kriteria')
 3 SYSTEMPATH\CodeIgniter.php(468): CodeIgniter\CodeIgniter->runController(Object(App\Controllers\Bobot))
 4 SYSTEMPATH\CodeIgniter.php(351): CodeIgniter\CodeIgniter->handleRequest(null, Object(Config\Cache), false)
 5 FCPATH\index.php(55): CodeIgniter\CodeIgniter->run()
 6 SYSTEMPATH\Commands\Server\rewrite.php(43): require_once('FCPATH\\index.php')
CRITICAL - 2022-06-11 10:59:03 --> Undefined variable $bobot
in APPPATH\Views\Bobot\index.php on line 37.
 1 APPPATH\Views\Bobot\index.php(37): CodeIgniter\Debug\Exceptions->errorHandler(2, 'Undefined variable $bobot', 'APPPATH\\Views\\Bobot\\index.php', 37)
 2 SYSTEMPATH\View\View.php(213): include('APPPATH\\Views\\Bobot\\index.php')
 3 SYSTEMPATH\View\View.php(216): CodeIgniter\View\View->CodeIgniter\View\{closure}()
 4 SYSTEMPATH\Common.php(1135): CodeIgniter\View\View->render('/bobot/index', [], true)
 5 APPPATH\Controllers\Bobot.php(24): view('/bobot/index')
 6 SYSTEMPATH\CodeIgniter.php(898): App\Controllers\Bobot->index('kriteria')
 7 SYSTEMPATH\CodeIgniter.php(468): CodeIgniter\CodeIgniter->runController(Object(App\Controllers\Bobot))
 8 SYSTEMPATH\CodeIgniter.php(351): CodeIgniter\CodeIgniter->handleRequest(null, Object(Config\Cache), false)
 9 FCPATH\index.php(55): CodeIgniter\CodeIgniter->run()
10 SYSTEMPATH\Commands\Server\rewrite.php(43): require_once('FCPATH\\index.php')
CRITICAL - 2022-06-11 11:00:10 --> Undefined variable $bobot
in APPPATH\Views\Bobot\index.php on line 37.
 1 APPPATH\Views\Bobot\index.php(37): CodeIgniter\Debug\Exceptions->errorHandler(2, 'Undefined variable $bobot', 'APPPATH\\Views\\Bobot\\index.php', 37)
 2 SYSTEMPATH\View\View.php(213): include('APPPATH\\Views\\Bobot\\index.php')
 3 SYSTEMPATH\View\View.php(216): CodeIgniter\View\View->CodeIgniter\View\{closure}()
 4 SYSTEMPATH\Common.php(1135): CodeIgniter\View\View->render('/bobot/index', [], true)
 5 APPPATH\Controllers\Bobot.php(24): view('/bobot/index')
 6 SYSTEMPATH\CodeIgniter.php(898): App\Controllers\Bobot->index('kriteria')
 7 SYSTEMPATH\CodeIgniter.php(468): CodeIgniter\CodeIgniter->runController(Object(App\Controllers\Bobot))
 8 SYSTEMPATH\CodeIgniter.php(351): CodeIgniter\CodeIgniter->handleRequest(null, Object(Config\Cache), false)
 9 FCPATH\index.php(55): CodeIgniter\CodeIgniter->run()
10 SYSTEMPATH\Commands\Server\rewrite.php(43): require_once('FCPATH\\index.php')
CRITICAL - 2022-06-11 11:02:44 --> Too few arguments to function App\Controllers\Bobot::index(), 0 passed in C:\xampp\htdocs\portofolio\SPK VIKOR\system\CodeIgniter.php on line 898 and exactly 1 expected
in APPPATH\Controllers\Bobot.php on line 13.
 1 SYSTEMPATH\CodeIgniter.php(898): App\Controllers\Bobot->index()
 2 SYSTEMPATH\CodeIgniter.php(468): CodeIgniter\CodeIgniter->runController(Object(App\Controllers\Bobot))
 3 SYSTEMPATH\CodeIgniter.php(351): CodeIgniter\CodeIgniter->handleRequest(null, Object(Config\Cache), false)
 4 FCPATH\index.php(55): CodeIgniter\CodeIgniter->run()
 5 SYSTEMPATH\Commands\Server\rewrite.php(43): require_once('FCPATH\\index.php')
CRITICAL - 2022-06-11 11:06:30 --> Too few arguments to function App\Controllers\Bobot::index(), 0 passed in C:\xampp\htdocs\portofolio\SPK VIKOR\system\CodeIgniter.php on line 898 and exactly 1 expected
in APPPATH\Controllers\Bobot.php on line 13.
 1 SYSTEMPATH\CodeIgniter.php(898): App\Controllers\Bobot->index()
 2 SYSTEMPATH\CodeIgniter.php(468): CodeIgniter\CodeIgniter->runController(Object(App\Controllers\Bobot))
 3 SYSTEMPATH\CodeIgniter.php(351): CodeIgniter\CodeIgniter->handleRequest(null, Object(Config\Cache), false)
 4 FCPATH\index.php(55): CodeIgniter\CodeIgniter->run()
 5 SYSTEMPATH\Commands\Server\rewrite.php(43): require_once('FCPATH\\index.php')
CRITICAL - 2022-06-11 11:11:24 --> Too few arguments to function App\Controllers\Bobot::Bobot(), 0 passed in C:\xampp\htdocs\portofolio\SPK VIKOR\system\CodeIgniter.php on line 898 and exactly 1 expected
in APPPATH\Controllers\Bobot.php on line 13.
 1 SYSTEMPATH\CodeIgniter.php(898): App\Controllers\Bobot->Bobot()
 2 SYSTEMPATH\CodeIgniter.php(468): CodeIgniter\CodeIgniter->runController(Object(App\Controllers\Bobot))
 3 SYSTEMPATH\CodeIgniter.php(351): CodeIgniter\CodeIgniter->handleRequest(null, Object(Config\Cache), false)
 4 FCPATH\index.php(55): CodeIgniter\CodeIgniter->run()
 5 SYSTEMPATH\Commands\Server\rewrite.php(43): require_once('FCPATH\\index.php')
CRITICAL - 2022-06-11 12:52:40 --> Invalid file: ../Layout/sidebar.php
in SYSTEMPATH\Exceptions\FrameworkException.php on line 33.
 1 SYSTEMPATH\View\View.php(201): CodeIgniter\Exceptions\FrameworkException::forInvalidFile('../Layout/sidebar.php')
 2 SYSTEMPATH\View\View.php(229): CodeIgniter\View\View->render('../Layout/sidebar.php', [], true)
 3 SYSTEMPATH\Common.php(1135): CodeIgniter\View\View->render('/Bobot/index', [], true)
 4 APPPATH\Controllers\Bobot.php(24): view('/Bobot/index')
 5 SYSTEMPATH\CodeIgniter.php(898): App\Controllers\Bobot->index('kriteria')
 6 SYSTEMPATH\CodeIgniter.php(468): CodeIgniter\CodeIgniter->runController(Object(App\Controllers\Bobot))
 7 SYSTEMPATH\CodeIgniter.php(351): CodeIgniter\CodeIgniter->handleRequest(null, Object(Config\Cache), false)
 8 FCPATH\index.php(55): CodeIgniter\CodeIgniter->run()
 9 SYSTEMPATH\Commands\Server\rewrite.php(43): require_once('FCPATH\\index.php')
CRITICAL - 2022-06-11 13:11:45 --> Undefined variable $bobot
in APPPATH\Views\Bobot\index.php on line 37.
 1 APPPATH\Views\Bobot\index.php(37): CodeIgniter\Debug\Exceptions->errorHandler(2, 'Undefined variable $bobot', 'APPPATH\\Views\\Bobot\\index.php', 37)
 2 SYSTEMPATH\View\View.php(213): include('APPPATH\\Views\\Bobot\\index.php')
 3 SYSTEMPATH\View\View.php(216): CodeIgniter\View\View->CodeIgniter\View\{closure}()
 4 SYSTEMPATH\Common.php(1135): CodeIgniter\View\View->render('/Bobot/index', [], true)
 5 APPPATH\Controllers\Spk.php(30): view('/Bobot/index')
 6 SYSTEMPATH\CodeIgniter.php(898): App\Controllers\Spk->bobot('kriteria')
 7 SYSTEMPATH\CodeIgniter.php(468): CodeIgniter\CodeIgniter->runController(Object(App\Controllers\Spk))
 8 SYSTEMPATH\CodeIgniter.php(351): CodeIgniter\CodeIgniter->handleRequest(null, Object(Config\Cache), false)
 9 FCPATH\index.php(55): CodeIgniter\CodeIgniter->run()
10 SYSTEMPATH\Commands\Server\rewrite.php(43): require_once('FCPATH\\index.php')
CRITICAL - 2022-06-11 13:12:00 --> Undefined variable $bobot
in APPPATH\Views\Bobot\index.php on line 37.
 1 APPPATH\Views\Bobot\index.php(37): CodeIgniter\Debug\Exceptions->errorHandler(2, 'Undefined variable $bobot', 'APPPATH\\Views\\Bobot\\index.php', 37)
 2 SYSTEMPATH\View\View.php(213): include('APPPATH\\Views\\Bobot\\index.php')
 3 SYSTEMPATH\View\View.php(216): CodeIgniter\View\View->CodeIgniter\View\{closure}()
 4 SYSTEMPATH\Common.php(1135): CodeIgniter\View\View->render('/Bobot/index', [], true)
 5 APPPATH\Controllers\Spk.php(30): view('/Bobot/index')
 6 SYSTEMPATH\CodeIgniter.php(898): App\Controllers\Spk->bobot('kriteria')
 7 SYSTEMPATH\CodeIgniter.php(468): CodeIgniter\CodeIgniter->runController(Object(App\Controllers\Spk))
 8 SYSTEMPATH\CodeIgniter.php(351): CodeIgniter\CodeIgniter->handleRequest(null, Object(Config\Cache), false)
 9 FCPATH\index.php(55): CodeIgniter\CodeIgniter->run()
10 SYSTEMPATH\Commands\Server\rewrite.php(43): require_once('FCPATH\\index.php')
