CRITICAL - 2022-07-08 04:25:03 --> Undefined variable $link
in APPPATH\Views\perhitungan.php on line 4.
 1 APPPATH\Views\perhitungan.php(4): CodeIgniter\Debug\Exceptions->errorHandler(2, 'Undefined variable $link', 'APPPATH\\Views\\perhitungan.php', 4)
 2 SYSTEMPATH\View\View.php(213): include('APPPATH\\Views\\perhitungan.php')
 3 SYSTEMPATH\View\View.php(216): CodeIgniter\View\View->CodeIgniter\View\{closure}()
 4 SYSTEMPATH\Common.php(1135): CodeIgniter\View\View->render('perhitungan', [], true)
 5 APPPATH\Controllers\Spk.php(379): view('perhitungan', [...])
 6 SYSTEMPATH\CodeIgniter.php(898): App\Controllers\Spk->perhitungan()
 7 SYSTEMPATH\CodeIgniter.php(468): CodeIgniter\CodeIgniter->runController(Object(App\Controllers\Spk))
 8 SYSTEMPATH\CodeIgniter.php(351): CodeIgniter\CodeIgniter->handleRequest(null, Object(Config\Cache), false)
 9 FCPATH\index.php(55): CodeIgniter\CodeIgniter->run()
10 SYSTEMPATH\Commands\Server\rewrite.php(43): require_once('FCPATH\\index.php')
CRITICAL - 2022-07-08 04:27:42 --> Undefined variable $g
in APPPATH\Views\perhitungan.php on line 125.
 1 APPPATH\Views\perhitungan.php(125): CodeIgniter\Debug\Exceptions->errorHandler(2, 'Undefined variable $g', 'APPPATH\\Views\\perhitungan.php', 125)
 2 SYSTEMPATH\View\View.php(213): include('APPPATH\\Views\\perhitungan.php')
 3 SYSTEMPATH\View\View.php(216): CodeIgniter\View\View->CodeIgniter\View\{closure}()
 4 SYSTEMPATH\Common.php(1135): CodeIgniter\View\View->render('perhitungan', [], true)
 5 APPPATH\Controllers\Spk.php(379): view('perhitungan', [...])
 6 SYSTEMPATH\CodeIgniter.php(898): App\Controllers\Spk->perhitungan()
 7 SYSTEMPATH\CodeIgniter.php(468): CodeIgniter\CodeIgniter->runController(Object(App\Controllers\Spk))
 8 SYSTEMPATH\CodeIgniter.php(351): CodeIgniter\CodeIgniter->handleRequest(null, Object(Config\Cache), false)
 9 FCPATH\index.php(55): CodeIgniter\CodeIgniter->run()
10 SYSTEMPATH\Commands\Server\rewrite.php(43): require_once('FCPATH\\index.php')
CRITICAL - 2022-07-08 04:28:36 --> Undefined variable $g
in APPPATH\Views\perhitungan.php on line 125.
 1 APPPATH\Views\perhitungan.php(125): CodeIgniter\Debug\Exceptions->errorHandler(2, 'Undefined variable $g', 'APPPATH\\Views\\perhitungan.php', 125)
 2 SYSTEMPATH\View\View.php(213): include('APPPATH\\Views\\perhitungan.php')
 3 SYSTEMPATH\View\View.php(216): CodeIgniter\View\View->CodeIgniter\View\{closure}()
 4 SYSTEMPATH\Common.php(1135): CodeIgniter\View\View->render('perhitungan', [], true)
 5 APPPATH\Controllers\Spk.php(379): view('perhitungan', [...])
 6 SYSTEMPATH\CodeIgniter.php(898): App\Controllers\Spk->perhitungan()
 7 SYSTEMPATH\CodeIgniter.php(468): CodeIgniter\CodeIgniter->runController(Object(App\Controllers\Spk))
 8 SYSTEMPATH\CodeIgniter.php(351): CodeIgniter\CodeIgniter->handleRequest(null, Object(Config\Cache), false)
 9 FCPATH\index.php(55): CodeIgniter\CodeIgniter->run()
10 SYSTEMPATH\Commands\Server\rewrite.php(43): require_once('FCPATH\\index.php')
CRITICAL - 2022-07-08 04:29:07 --> Undefined variable $g
in APPPATH\Views\perhitungan.php on line 125.
 1 APPPATH\Views\perhitungan.php(125): CodeIgniter\Debug\Exceptions->errorHandler(2, 'Undefined variable $g', 'APPPATH\\Views\\perhitungan.php', 125)
 2 SYSTEMPATH\View\View.php(213): include('APPPATH\\Views\\perhitungan.php')
 3 SYSTEMPATH\View\View.php(216): CodeIgniter\View\View->CodeIgniter\View\{closure}()
 4 SYSTEMPATH\Common.php(1135): CodeIgniter\View\View->render('perhitungan', [], true)
 5 APPPATH\Controllers\Spk.php(379): view('perhitungan', [...])
 6 SYSTEMPATH\CodeIgniter.php(898): App\Controllers\Spk->perhitungan()
 7 SYSTEMPATH\CodeIgniter.php(468): CodeIgniter\CodeIgniter->runController(Object(App\Controllers\Spk))
 8 SYSTEMPATH\CodeIgniter.php(351): CodeIgniter\CodeIgniter->handleRequest(null, Object(Config\Cache), false)
 9 FCPATH\index.php(55): CodeIgniter\CodeIgniter->run()
10 SYSTEMPATH\Commands\Server\rewrite.php(43): require_once('FCPATH\\index.php')
CRITICAL - 2022-07-08 04:42:54 --> Undefined variable $alternatif
in APPPATH\Views\Alternatif\tambah_alternatif.php on line 37.
 1 APPPATH\Views\Alternatif\tambah_alternatif.php(37): CodeIgniter\Debug\Exceptions->errorHandler(2, 'Undefined variable $alternatif', 'APPPATH\\Views\\Alternatif\\tambah_alternatif.php', 37)
 2 SYSTEMPATH\View\View.php(213): include('APPPATH\\Views\\Alternatif\\tambah_alternatif.php')
 3 SYSTEMPATH\View\View.php(216): CodeIgniter\View\View->CodeIgniter\View\{closure}()
 4 SYSTEMPATH\Common.php(1135): CodeIgniter\View\View->render('/alternatif/tambah_alternatif', [], true)
 5 APPPATH\Controllers\Spk.php(58): view('/alternatif/tambah_alternatif', [...])
 6 SYSTEMPATH\CodeIgniter.php(898): App\Controllers\Spk->tambah_alternatif()
 7 SYSTEMPATH\CodeIgniter.php(468): CodeIgniter\CodeIgniter->runController(Object(App\Controllers\Spk))
 8 SYSTEMPATH\CodeIgniter.php(351): CodeIgniter\CodeIgniter->handleRequest(null, Object(Config\Cache), false)
 9 FCPATH\index.php(55): CodeIgniter\CodeIgniter->run()
10 SYSTEMPATH\Commands\Server\rewrite.php(43): require_once('FCPATH\\index.php')
CRITICAL - 2022-07-08 04:43:32 --> Undefined variable $alternatif
in APPPATH\Views\Alternatif\tambah_alternatif.php on line 37.
 1 APPPATH\Views\Alternatif\tambah_alternatif.php(37): CodeIgniter\Debug\Exceptions->errorHandler(2, 'Undefined variable $alternatif', 'APPPATH\\Views\\Alternatif\\tambah_alternatif.php', 37)
 2 SYSTEMPATH\View\View.php(213): include('APPPATH\\Views\\Alternatif\\tambah_alternatif.php')
 3 SYSTEMPATH\View\View.php(216): CodeIgniter\View\View->CodeIgniter\View\{closure}()
 4 SYSTEMPATH\Common.php(1135): CodeIgniter\View\View->render('/alternatif/tambah_alternatif', [], true)
 5 APPPATH\Controllers\Spk.php(58): view('/alternatif/tambah_alternatif', [...])
 6 SYSTEMPATH\CodeIgniter.php(898): App\Controllers\Spk->tambah_alternatif()
 7 SYSTEMPATH\CodeIgniter.php(468): CodeIgniter\CodeIgniter->runController(Object(App\Controllers\Spk))
 8 SYSTEMPATH\CodeIgniter.php(351): CodeIgniter\CodeIgniter->handleRequest(null, Object(Config\Cache), false)
 9 FCPATH\index.php(55): CodeIgniter\CodeIgniter->run()
10 SYSTEMPATH\Commands\Server\rewrite.php(43): require_once('FCPATH\\index.php')
CRITICAL - 2022-07-08 04:44:45 --> Undefined variable $alternatif
in APPPATH\Views\Alternatif\tambah_alternatif.php on line 37.
 1 APPPATH\Views\Alternatif\tambah_alternatif.php(37): CodeIgniter\Debug\Exceptions->errorHandler(2, 'Undefined variable $alternatif', 'APPPATH\\Views\\Alternatif\\tambah_alternatif.php', 37)
 2 SYSTEMPATH\View\View.php(213): include('APPPATH\\Views\\Alternatif\\tambah_alternatif.php')
 3 SYSTEMPATH\View\View.php(216): CodeIgniter\View\View->CodeIgniter\View\{closure}()
 4 SYSTEMPATH\Common.php(1135): CodeIgniter\View\View->render('/alternatif/tambah_alternatif', [], true)
 5 APPPATH\Controllers\Spk.php(58): view('/alternatif/tambah_alternatif', [...])
 6 SYSTEMPATH\CodeIgniter.php(898): App\Controllers\Spk->tambah_alternatif()
 7 SYSTEMPATH\CodeIgniter.php(468): CodeIgniter\CodeIgniter->runController(Object(App\Controllers\Spk))
 8 SYSTEMPATH\CodeIgniter.php(351): CodeIgniter\CodeIgniter->handleRequest(null, Object(Config\Cache), false)
 9 FCPATH\index.php(55): CodeIgniter\CodeIgniter->run()
10 SYSTEMPATH\Commands\Server\rewrite.php(43): require_once('FCPATH\\index.php')
CRITICAL - 2022-07-08 04:45:39 --> Undefined variable $alternatif
in APPPATH\Views\Alternatif\tambah_alternatif.php on line 37.
 1 APPPATH\Views\Alternatif\tambah_alternatif.php(37): CodeIgniter\Debug\Exceptions->errorHandler(2, 'Undefined variable $alternatif', 'APPPATH\\Views\\Alternatif\\tambah_alternatif.php', 37)
 2 SYSTEMPATH\View\View.php(213): include('APPPATH\\Views\\Alternatif\\tambah_alternatif.php')
 3 SYSTEMPATH\View\View.php(216): CodeIgniter\View\View->CodeIgniter\View\{closure}()
 4 SYSTEMPATH\Common.php(1135): CodeIgniter\View\View->render('/alternatif/tambah_alternatif', [], true)
 5 APPPATH\Controllers\Spk.php(58): view('/alternatif/tambah_alternatif', [...])
 6 SYSTEMPATH\CodeIgniter.php(898): App\Controllers\Spk->tambah_alternatif()
 7 SYSTEMPATH\CodeIgniter.php(468): CodeIgniter\CodeIgniter->runController(Object(App\Controllers\Spk))
 8 SYSTEMPATH\CodeIgniter.php(351): CodeIgniter\CodeIgniter->handleRequest(null, Object(Config\Cache), false)
 9 FCPATH\index.php(55): CodeIgniter\CodeIgniter->run()
10 SYSTEMPATH\Commands\Server\rewrite.php(43): require_once('FCPATH\\index.php')
CRITICAL - 2022-07-08 04:46:31 --> Undefined variable $alternatif
in APPPATH\Views\Alternatif\tambah_alternatif.php on line 37.
 1 APPPATH\Views\Alternatif\tambah_alternatif.php(37): CodeIgniter\Debug\Exceptions->errorHandler(2, 'Undefined variable $alternatif', 'APPPATH\\Views\\Alternatif\\tambah_alternatif.php', 37)
 2 SYSTEMPATH\View\View.php(213): include('APPPATH\\Views\\Alternatif\\tambah_alternatif.php')
 3 SYSTEMPATH\View\View.php(216): CodeIgniter\View\View->CodeIgniter\View\{closure}()
 4 SYSTEMPATH\Common.php(1135): CodeIgniter\View\View->render('/alternatif/tambah_alternatif', [], true)
 5 APPPATH\Controllers\Spk.php(58): view('/alternatif/tambah_alternatif', [...])
 6 SYSTEMPATH\CodeIgniter.php(898): App\Controllers\Spk->tambah_alternatif()
 7 SYSTEMPATH\CodeIgniter.php(468): CodeIgniter\CodeIgniter->runController(Object(App\Controllers\Spk))
 8 SYSTEMPATH\CodeIgniter.php(351): CodeIgniter\CodeIgniter->handleRequest(null, Object(Config\Cache), false)
 9 FCPATH\index.php(55): CodeIgniter\CodeIgniter->run()
10 SYSTEMPATH\Commands\Server\rewrite.php(43): require_once('FCPATH\\index.php')
CRITICAL - 2022-07-08 04:46:51 --> Undefined array key "nama_alternatif"
in APPPATH\Views\Alternatif\tambah_alternatif.php on line 37.
 1 APPPATH\Views\Alternatif\tambah_alternatif.php(37): CodeIgniter\Debug\Exceptions->errorHandler(2, 'Undefined array key "nama_alternatif"', 'APPPATH\\Views\\Alternatif\\tambah_alternatif.php', 37)
 2 SYSTEMPATH\View\View.php(213): include('APPPATH\\Views\\Alternatif\\tambah_alternatif.php')
 3 SYSTEMPATH\View\View.php(216): CodeIgniter\View\View->CodeIgniter\View\{closure}()
 4 SYSTEMPATH\Common.php(1135): CodeIgniter\View\View->render('/alternatif/tambah_alternatif', [], true)
 5 APPPATH\Controllers\Spk.php(59): view('/alternatif/tambah_alternatif', [...])
 6 SYSTEMPATH\CodeIgniter.php(898): App\Controllers\Spk->tambah_alternatif()
 7 SYSTEMPATH\CodeIgniter.php(468): CodeIgniter\CodeIgniter->runController(Object(App\Controllers\Spk))
 8 SYSTEMPATH\CodeIgniter.php(351): CodeIgniter\CodeIgniter->handleRequest(null, Object(Config\Cache), false)
 9 FCPATH\index.php(55): CodeIgniter\CodeIgniter->run()
10 SYSTEMPATH\Commands\Server\rewrite.php(43): require_once('FCPATH\\index.php')
CRITICAL - 2022-07-08 04:52:53 --> url_title(): Argument #1 ($str) must be of type string, null given, called in C:\xampp\htdocs\portofolio\SPK VIKOR\app\Controllers\Spk.php on line 93
in SYSTEMPATH\Helpers\url_helper.php on line 475.
 1 APPPATH\Controllers\Spk.php(93): url_title(null, '-', true)
 2 SYSTEMPATH\CodeIgniter.php(898): App\Controllers\Spk->save_alternatif()
 3 SYSTEMPATH\CodeIgniter.php(468): CodeIgniter\CodeIgniter->runController(Object(App\Controllers\Spk))
 4 SYSTEMPATH\CodeIgniter.php(351): CodeIgniter\CodeIgniter->handleRequest(null, Object(Config\Cache), false)
 5 FCPATH\index.php(55): CodeIgniter\CodeIgniter->run()
 6 SYSTEMPATH\Commands\Server\rewrite.php(43): require_once('FCPATH\\index.php')
CRITICAL - 2022-07-08 04:55:15 --> Trying to access array offset on value of type null
in APPPATH\Views\Alternatif\edit_alternatif.php on line 13.
 1 APPPATH\Views\Alternatif\edit_alternatif.php(13): CodeIgniter\Debug\Exceptions->errorHandler(2, 'Trying to access array offset on value of type null', 'APPPATH\\Views\\Alternatif\\edit_alternatif.php', 13)
 2 SYSTEMPATH\View\View.php(213): include('APPPATH\\Views\\Alternatif\\edit_alternatif.php')
 3 SYSTEMPATH\View\View.php(216): CodeIgniter\View\View->CodeIgniter\View\{closure}()
 4 SYSTEMPATH\Common.php(1135): CodeIgniter\View\View->render('/alternatif/edit_alternatif', [], true)
 5 APPPATH\Controllers\Spk.php(117): view('/alternatif/edit_alternatif', [...])
 6 SYSTEMPATH\CodeIgniter.php(898): App\Controllers\Spk->edit_alternatif('A1')
 7 SYSTEMPATH\CodeIgniter.php(468): CodeIgniter\CodeIgniter->runController(Object(App\Controllers\Spk))
 8 SYSTEMPATH\CodeIgniter.php(351): CodeIgniter\CodeIgniter->handleRequest(null, Object(Config\Cache), false)
 9 FCPATH\index.php(55): CodeIgniter\CodeIgniter->run()
10 SYSTEMPATH\Commands\Server\rewrite.php(43): require_once('FCPATH\\index.php')
CRITICAL - 2022-07-08 08:45:39 --> Undefined array key "kode_alternatif"
in APPPATH\Controllers\Spk.php on line 125.
 1 APPPATH\Controllers\Spk.php(125): CodeIgniter\Debug\Exceptions->errorHandler(2, 'Undefined array key "kode_alternatif"', 'APPPATH\\Controllers\\Spk.php', 125)
 2 SYSTEMPATH\CodeIgniter.php(898): App\Controllers\Spk->update_alternatif('29')
 3 SYSTEMPATH\CodeIgniter.php(468): CodeIgniter\CodeIgniter->runController(Object(App\Controllers\Spk))
 4 SYSTEMPATH\CodeIgniter.php(351): CodeIgniter\CodeIgniter->handleRequest(null, Object(Config\Cache), false)
 5 FCPATH\index.php(55): CodeIgniter\CodeIgniter->run()
 6 SYSTEMPATH\Commands\Server\rewrite.php(43): require_once('FCPATH\\index.php')
CRITICAL - 2022-07-08 08:48:47 --> Undefined array key "kode_alternatif"
in APPPATH\Controllers\Spk.php on line 125.
 1 APPPATH\Controllers\Spk.php(125): CodeIgniter\Debug\Exceptions->errorHandler(2, 'Undefined array key "kode_alternatif"', 'APPPATH\\Controllers\\Spk.php', 125)
 2 SYSTEMPATH\CodeIgniter.php(898): App\Controllers\Spk->update_alternatif('29')
 3 SYSTEMPATH\CodeIgniter.php(468): CodeIgniter\CodeIgniter->runController(Object(App\Controllers\Spk))
 4 SYSTEMPATH\CodeIgniter.php(351): CodeIgniter\CodeIgniter->handleRequest(null, Object(Config\Cache), false)
 5 FCPATH\index.php(55): CodeIgniter\CodeIgniter->run()
 6 SYSTEMPATH\Commands\Server\rewrite.php(43): require_once('FCPATH\\index.php')
CRITICAL - 2022-07-08 08:55:44 --> Undefined variable $ekstra
in APPPATH\Views\Alternatif\edit_alternatif.php on line 14.
 1 APPPATH\Views\Alternatif\edit_alternatif.php(14): CodeIgniter\Debug\Exceptions->errorHandler(2, 'Undefined variable $ekstra', 'APPPATH\\Views\\Alternatif\\edit_alternatif.php', 14)
 2 SYSTEMPATH\View\View.php(213): include('APPPATH\\Views\\Alternatif\\edit_alternatif.php')
 3 SYSTEMPATH\View\View.php(216): CodeIgniter\View\View->CodeIgniter\View\{closure}()
 4 SYSTEMPATH\Common.php(1135): CodeIgniter\View\View->render('/alternatif/edit_alternatif', [], true)
 5 APPPATH\Controllers\Spk.php(117): view('/alternatif/edit_alternatif', [...])
 6 SYSTEMPATH\CodeIgniter.php(898): App\Controllers\Spk->edit_alternatif('a7x')
 7 SYSTEMPATH\CodeIgniter.php(468): CodeIgniter\CodeIgniter->runController(Object(App\Controllers\Spk))
 8 SYSTEMPATH\CodeIgniter.php(351): CodeIgniter\CodeIgniter->handleRequest(null, Object(Config\Cache), false)
 9 FCPATH\index.php(55): CodeIgniter\CodeIgniter->run()
10 SYSTEMPATH\Commands\Server\rewrite.php(43): require_once('FCPATH\\index.php')
CRITICAL - 2022-07-08 09:26:40 --> Undefined variable $link
in APPPATH\Views\Kriteria\edit_kriteria.php on line 4.
 1 APPPATH\Views\Kriteria\edit_kriteria.php(4): CodeIgniter\Debug\Exceptions->errorHandler(2, 'Undefined variable $link', 'APPPATH\\Views\\Kriteria\\edit_kriteria.php', 4)
 2 SYSTEMPATH\View\View.php(213): include('APPPATH\\Views\\Kriteria\\edit_kriteria.php')
 3 SYSTEMPATH\View\View.php(216): CodeIgniter\View\View->CodeIgniter\View\{closure}()
 4 SYSTEMPATH\Common.php(1135): CodeIgniter\View\View->render('/kriteria/edit_kriteria', [], true)
 5 APPPATH\Controllers\Spk.php(253): view('/kriteria/edit_kriteria', [...])
 6 SYSTEMPATH\CodeIgniter.php(898): App\Controllers\Spk->edit_kriteria('required')
 7 SYSTEMPATH\CodeIgniter.php(468): CodeIgniter\CodeIgniter->runController(Object(App\Controllers\Spk))
 8 SYSTEMPATH\CodeIgniter.php(351): CodeIgniter\CodeIgniter->handleRequest(null, Object(Config\Cache), false)
 9 FCPATH\index.php(55): CodeIgniter\CodeIgniter->run()
10 SYSTEMPATH\Commands\Server\rewrite.php(43): require_once('FCPATH\\index.php')
CRITICAL - 2022-07-08 09:27:35 --> Trying to access array offset on value of type null
in APPPATH\Views\Kriteria\edit_kriteria.php on line 13.
 1 APPPATH\Views\Kriteria\edit_kriteria.php(13): CodeIgniter\Debug\Exceptions->errorHandler(2, 'Trying to access array offset on value of type null', 'APPPATH\\Views\\Kriteria\\edit_kriteria.php', 13)
 2 SYSTEMPATH\View\View.php(213): include('APPPATH\\Views\\Kriteria\\edit_kriteria.php')
 3 SYSTEMPATH\View\View.php(216): CodeIgniter\View\View->CodeIgniter\View\{closure}()
 4 SYSTEMPATH\Common.php(1135): CodeIgniter\View\View->render('/kriteria/edit_kriteria', [], true)
 5 APPPATH\Controllers\Spk.php(259): view('/kriteria/edit_kriteria', [...])
 6 SYSTEMPATH\CodeIgniter.php(898): App\Controllers\Spk->edit_kriteria('required')
 7 SYSTEMPATH\CodeIgniter.php(468): CodeIgniter\CodeIgniter->runController(Object(App\Controllers\Spk))
 8 SYSTEMPATH\CodeIgniter.php(351): CodeIgniter\CodeIgniter->handleRequest(null, Object(Config\Cache), false)
 9 FCPATH\index.php(55): CodeIgniter\CodeIgniter->run()
10 SYSTEMPATH\Commands\Server\rewrite.php(43): require_once('FCPATH\\index.php')
CRITICAL - 2022-07-08 09:31:07 --> Trying to access array offset on value of type null
in APPPATH\Views\Kriteria\edit_kriteria.php on line 13.
 1 APPPATH\Views\Kriteria\edit_kriteria.php(13): CodeIgniter\Debug\Exceptions->errorHandler(2, 'Trying to access array offset on value of type null', 'APPPATH\\Views\\Kriteria\\edit_kriteria.php', 13)
 2 SYSTEMPATH\View\View.php(213): include('APPPATH\\Views\\Kriteria\\edit_kriteria.php')
 3 SYSTEMPATH\View\View.php(216): CodeIgniter\View\View->CodeIgniter\View\{closure}()
 4 SYSTEMPATH\Common.php(1135): CodeIgniter\View\View->render('/kriteria/edit_kriteria', [], true)
 5 APPPATH\Controllers\Spk.php(259): view('/kriteria/edit_kriteria', [...])
 6 SYSTEMPATH\CodeIgniter.php(898): App\Controllers\Spk->edit_kriteria('C3')
 7 SYSTEMPATH\CodeIgniter.php(468): CodeIgniter\CodeIgniter->runController(Object(App\Controllers\Spk))
 8 SYSTEMPATH\CodeIgniter.php(351): CodeIgniter\CodeIgniter->handleRequest(null, Object(Config\Cache), false)
 9 FCPATH\index.php(55): CodeIgniter\CodeIgniter->run()
10 SYSTEMPATH\Commands\Server\rewrite.php(43): require_once('FCPATH\\index.php')
CRITICAL - 2022-07-08 09:36:20 --> Class name must be a valid object or a string
in VENDORPATH\myth\auth\src\Config\Services.php on line 92.
 1 SYSTEMPATH\Config\BaseService.php(251): Myth\Auth\Config\Services::activator(Object(Myth\Auth\Config\Auth), false)
 2 SYSTEMPATH\Config\BaseService.php(192): CodeIgniter\Config\BaseService::__callStatic('activator', [...])
 3 VENDORPATH\myth\auth\src\Config\Services.php(86): CodeIgniter\Config\BaseService::getSharedInstance('activator', null)
 4 SYSTEMPATH\Config\BaseService.php(251): Myth\Auth\Config\Services::activator()
 5 SYSTEMPATH\Common.php(960): CodeIgniter\Config\BaseService::__callStatic('activator', [])
 6 VENDORPATH\myth\auth\src\Controllers\AuthController.php(195): service('activator')
 7 SYSTEMPATH\CodeIgniter.php(898): Myth\Auth\Controllers\AuthController->attemptRegister()
 8 SYSTEMPATH\CodeIgniter.php(468): CodeIgniter\CodeIgniter->runController(Object(Myth\Auth\Controllers\AuthController))
 9 SYSTEMPATH\CodeIgniter.php(351): CodeIgniter\CodeIgniter->handleRequest(null, Object(Config\Cache), false)
10 FCPATH\index.php(55): CodeIgniter\CodeIgniter->run()
11 SYSTEMPATH\Commands\Server\rewrite.php(43): require_once('FCPATH\\index.php')
CRITICAL - 2022-07-08 09:38:34 --> Class name must be a valid object or a string
in VENDORPATH\myth\auth\src\Config\Services.php on line 92.
 1 SYSTEMPATH\Config\BaseService.php(251): Myth\Auth\Config\Services::activator(Object(Myth\Auth\Config\Auth), false)
 2 SYSTEMPATH\Config\BaseService.php(192): CodeIgniter\Config\BaseService::__callStatic('activator', [...])
 3 VENDORPATH\myth\auth\src\Config\Services.php(86): CodeIgniter\Config\BaseService::getSharedInstance('activator', null)
 4 SYSTEMPATH\Config\BaseService.php(251): Myth\Auth\Config\Services::activator()
 5 SYSTEMPATH\Common.php(960): CodeIgniter\Config\BaseService::__callStatic('activator', [])
 6 VENDORPATH\myth\auth\src\Controllers\AuthController.php(195): service('activator')
 7 SYSTEMPATH\CodeIgniter.php(898): Myth\Auth\Controllers\AuthController->attemptRegister()
 8 SYSTEMPATH\CodeIgniter.php(468): CodeIgniter\CodeIgniter->runController(Object(Myth\Auth\Controllers\AuthController))
 9 SYSTEMPATH\CodeIgniter.php(351): CodeIgniter\CodeIgniter->handleRequest(null, Object(Config\Cache), false)
10 FCPATH\index.php(55): CodeIgniter\CodeIgniter->run()
11 SYSTEMPATH\Commands\Server\rewrite.php(43): require_once('FCPATH\\index.php')
CRITICAL - 2022-07-08 09:44:24 --> Undefined array key "kode_kriteria"
in APPPATH\Controllers\Spk.php on line 267.
 1 APPPATH\Controllers\Spk.php(267): CodeIgniter\Debug\Exceptions->errorHandler(2, 'Undefined array key "kode_kriteria"', 'APPPATH\\Controllers\\Spk.php', 267)
 2 SYSTEMPATH\CodeIgniter.php(898): App\Controllers\Spk->update_kriteria('3')
 3 SYSTEMPATH\CodeIgniter.php(468): CodeIgniter\CodeIgniter->runController(Object(App\Controllers\Spk))
 4 SYSTEMPATH\CodeIgniter.php(351): CodeIgniter\CodeIgniter->handleRequest(null, Object(Config\Cache), false)
 5 FCPATH\index.php(55): CodeIgniter\CodeIgniter->run()
 6 SYSTEMPATH\Commands\Server\rewrite.php(43): require_once('FCPATH\\index.php')
CRITICAL - 2022-07-08 09:45:04 --> Undefined variable $alternatif
in APPPATH\Views\Kriteria\edit_kriteria.php on line 14.
 1 APPPATH\Views\Kriteria\edit_kriteria.php(14): CodeIgniter\Debug\Exceptions->errorHandler(2, 'Undefined variable $alternatif', 'APPPATH\\Views\\Kriteria\\edit_kriteria.php', 14)
 2 SYSTEMPATH\View\View.php(213): include('APPPATH\\Views\\Kriteria\\edit_kriteria.php')
 3 SYSTEMPATH\View\View.php(216): CodeIgniter\View\View->CodeIgniter\View\{closure}()
 4 SYSTEMPATH\Common.php(1135): CodeIgniter\View\View->render('/kriteria/edit_kriteria', [], true)
 5 APPPATH\Controllers\Spk.php(259): view('/kriteria/edit_kriteria', [...])
 6 SYSTEMPATH\CodeIgniter.php(898): App\Controllers\Spk->edit_kriteria('C3')
 7 SYSTEMPATH\CodeIgniter.php(468): CodeIgniter\CodeIgniter->runController(Object(App\Controllers\Spk))
 8 SYSTEMPATH\CodeIgniter.php(351): CodeIgniter\CodeIgniter->handleRequest(null, Object(Config\Cache), false)
 9 FCPATH\index.php(55): CodeIgniter\CodeIgniter->run()
10 SYSTEMPATH\Commands\Server\rewrite.php(43): require_once('FCPATH\\index.php')
CRITICAL - 2022-07-08 09:45:51 --> Undefined variable $alternatif
in APPPATH\Views\Kriteria\edit_kriteria.php on line 14.
 1 APPPATH\Views\Kriteria\edit_kriteria.php(14): CodeIgniter\Debug\Exceptions->errorHandler(2, 'Undefined variable $alternatif', 'APPPATH\\Views\\Kriteria\\edit_kriteria.php', 14)
 2 SYSTEMPATH\View\View.php(213): include('APPPATH\\Views\\Kriteria\\edit_kriteria.php')
 3 SYSTEMPATH\View\View.php(216): CodeIgniter\View\View->CodeIgniter\View\{closure}()
 4 SYSTEMPATH\Common.php(1135): CodeIgniter\View\View->render('/kriteria/edit_kriteria', [], true)
 5 APPPATH\Controllers\Spk.php(259): view('/kriteria/edit_kriteria', [...])
 6 SYSTEMPATH\CodeIgniter.php(898): App\Controllers\Spk->edit_kriteria('C3')
 7 SYSTEMPATH\CodeIgniter.php(468): CodeIgniter\CodeIgniter->runController(Object(App\Controllers\Spk))
 8 SYSTEMPATH\CodeIgniter.php(351): CodeIgniter\CodeIgniter->handleRequest(null, Object(Config\Cache), false)
 9 FCPATH\index.php(55): CodeIgniter\CodeIgniter->run()
10 SYSTEMPATH\Commands\Server\rewrite.php(43): require_once('FCPATH\\index.php')
CRITICAL - 2022-07-08 09:46:06 --> Undefined variable $alternatif
in APPPATH\Views\Kriteria\edit_kriteria.php on line 14.
 1 APPPATH\Views\Kriteria\edit_kriteria.php(14): CodeIgniter\Debug\Exceptions->errorHandler(2, 'Undefined variable $alternatif', 'APPPATH\\Views\\Kriteria\\edit_kriteria.php', 14)
 2 SYSTEMPATH\View\View.php(213): include('APPPATH\\Views\\Kriteria\\edit_kriteria.php')
 3 SYSTEMPATH\View\View.php(216): CodeIgniter\View\View->CodeIgniter\View\{closure}()
 4 SYSTEMPATH\Common.php(1135): CodeIgniter\View\View->render('/kriteria/edit_kriteria', [], true)
 5 APPPATH\Controllers\Spk.php(259): view('/kriteria/edit_kriteria', [...])
 6 SYSTEMPATH\CodeIgniter.php(898): App\Controllers\Spk->edit_kriteria('C3')
 7 SYSTEMPATH\CodeIgniter.php(468): CodeIgniter\CodeIgniter->runController(Object(App\Controllers\Spk))
 8 SYSTEMPATH\CodeIgniter.php(351): CodeIgniter\CodeIgniter->handleRequest(null, Object(Config\Cache), false)
 9 FCPATH\index.php(55): CodeIgniter\CodeIgniter->run()
10 SYSTEMPATH\Commands\Server\rewrite.php(43): require_once('FCPATH\\index.php')
