CRITICAL - 2022-06-19 11:36:44 --> Undefined variable $x
in APPPATH\Views\Alternatif\alternatif.php on line 25.
 1 APPPATH\Views\Alternatif\alternatif.php(25): CodeIgniter\Debug\Exceptions->errorHandler(2, 'Undefined variable $x', 'APPPATH\\Views\\Alternatif\\alternatif.php', 25)
 2 SYSTEMPATH\View\View.php(213): include('APPPATH\\Views\\Alternatif\\alternatif.php')
 3 SYSTEMPATH\View\View.php(216): CodeIgniter\View\View->CodeIgniter\View\{closure}()
 4 SYSTEMPATH\Common.php(1135): CodeIgniter\View\View->render('/alternatif/alternatif', [], true)
 5 APPPATH\Controllers\Spk.php(24): view('/alternatif/alternatif')
 6 SYSTEMPATH\CodeIgniter.php(898): App\Controllers\Spk->alternatif()
 7 SYSTEMPATH\CodeIgniter.php(468): CodeIgniter\CodeIgniter->runController(Object(App\Controllers\Spk))
 8 SYSTEMPATH\CodeIgniter.php(351): CodeIgniter\CodeIgniter->handleRequest(null, Object(Config\Cache), false)
 9 FCPATH\index.php(55): CodeIgniter\CodeIgniter->run()
10 SYSTEMPATH\Commands\Server\rewrite.php(43): require_once('FCPATH\\index.php')
CRITICAL - 2022-06-19 11:36:57 --> Undefined variable $x
in APPPATH\Views\Alternatif\alternatif.php on line 25.
 1 APPPATH\Views\Alternatif\alternatif.php(25): CodeIgniter\Debug\Exceptions->errorHandler(2, 'Undefined variable $x', 'APPPATH\\Views\\Alternatif\\alternatif.php', 25)
 2 SYSTEMPATH\View\View.php(213): include('APPPATH\\Views\\Alternatif\\alternatif.php')
 3 SYSTEMPATH\View\View.php(216): CodeIgniter\View\View->CodeIgniter\View\{closure}()
 4 SYSTEMPATH\Common.php(1135): CodeIgniter\View\View->render('/alternatif/alternatif', [], true)
 5 APPPATH\Controllers\Spk.php(24): view('/alternatif/alternatif')
 6 SYSTEMPATH\CodeIgniter.php(898): App\Controllers\Spk->alternatif()
 7 SYSTEMPATH\CodeIgniter.php(468): CodeIgniter\CodeIgniter->runController(Object(App\Controllers\Spk))
 8 SYSTEMPATH\CodeIgniter.php(351): CodeIgniter\CodeIgniter->handleRequest(null, Object(Config\Cache), false)
 9 FCPATH\index.php(55): CodeIgniter\CodeIgniter->run()
10 SYSTEMPATH\Commands\Server\rewrite.php(43): require_once('FCPATH\\index.php')
