CRITICAL - 2023-01-10 06:59:05 --> Undefined property: stdClass::$nilai_prestasi
in APPPATH\Views\perhitungan.php on line 150.
 1 APPPATH\Views\perhitungan.php(150): CodeIgniter\Debug\Exceptions->errorHandler(2, 'Undefined property: stdClass::$nilai_prestasi', 'APPPATH\\Views\\perhitungan.php', 150)
 2 SYSTEMPATH\View\View.php(213): include('APPPATH\\Views\\perhitungan.php')
 3 SYSTEMPATH\View\View.php(216): CodeIgniter\View\View->CodeIgniter\View\{closure}()
 4 SYSTEMPATH\Common.php(1135): CodeIgniter\View\View->render('perhitungan', [], true)
 5 APPPATH\Controllers\Spk.php(409): view('perhitungan', [...])
 6 SYSTEMPATH\CodeIgniter.php(898): App\Controllers\Spk->perhitungan()
 7 SYSTEMPATH\CodeIgniter.php(468): CodeIgniter\CodeIgniter->runController(Object(App\Controllers\Spk))
 8 SYSTEMPATH\CodeIgniter.php(351): CodeIgniter\CodeIgniter->handleRequest(null, Object(Config\Cache), false)
 9 FCPATH\index.php(55): CodeIgniter\CodeIgniter->run()
10 SYSTEMPATH\Commands\Server\rewrite.php(43): require_once('FCPATH\\index.php')
CRITICAL - 2023-01-10 06:59:52 --> Undefined property: stdClass::$nilai_prestasi
in APPPATH\Views\perhitungan.php on line 152.
 1 APPPATH\Views\perhitungan.php(152): CodeIgniter\Debug\Exceptions->errorHandler(2, 'Undefined property: stdClass::$nilai_prestasi', 'APPPATH\\Views\\perhitungan.php', 152)
 2 SYSTEMPATH\View\View.php(213): include('APPPATH\\Views\\perhitungan.php')
 3 SYSTEMPATH\View\View.php(216): CodeIgniter\View\View->CodeIgniter\View\{closure}()
 4 SYSTEMPATH\Common.php(1135): CodeIgniter\View\View->render('perhitungan', [], true)
 5 APPPATH\Controllers\Spk.php(409): view('perhitungan', [...])
 6 SYSTEMPATH\CodeIgniter.php(898): App\Controllers\Spk->perhitungan()
 7 SYSTEMPATH\CodeIgniter.php(468): CodeIgniter\CodeIgniter->runController(Object(App\Controllers\Spk))
 8 SYSTEMPATH\CodeIgniter.php(351): CodeIgniter\CodeIgniter->handleRequest(null, Object(Config\Cache), false)
 9 FCPATH\index.php(55): CodeIgniter\CodeIgniter->run()
10 SYSTEMPATH\Commands\Server\rewrite.php(43): require_once('FCPATH\\index.php')
CRITICAL - 2023-01-10 07:01:17 --> Undefined property: stdClass::$nilai_prestasi
in APPPATH\Views\perhitungan.php on line 150.
 1 APPPATH\Views\perhitungan.php(150): CodeIgniter\Debug\Exceptions->errorHandler(2, 'Undefined property: stdClass::$nilai_prestasi', 'APPPATH\\Views\\perhitungan.php', 150)
 2 SYSTEMPATH\View\View.php(213): include('APPPATH\\Views\\perhitungan.php')
 3 SYSTEMPATH\View\View.php(216): CodeIgniter\View\View->CodeIgniter\View\{closure}()
 4 SYSTEMPATH\Common.php(1135): CodeIgniter\View\View->render('perhitungan', [], true)
 5 APPPATH\Controllers\Spk.php(409): view('perhitungan', [...])
 6 SYSTEMPATH\CodeIgniter.php(898): App\Controllers\Spk->perhitungan()
 7 SYSTEMPATH\CodeIgniter.php(468): CodeIgniter\CodeIgniter->runController(Object(App\Controllers\Spk))
 8 SYSTEMPATH\CodeIgniter.php(351): CodeIgniter\CodeIgniter->handleRequest(null, Object(Config\Cache), false)
 9 FCPATH\index.php(55): CodeIgniter\CodeIgniter->run()
10 SYSTEMPATH\Commands\Server\rewrite.php(43): require_once('FCPATH\\index.php')
CRITICAL - 2023-01-10 07:02:41 --> Undefined property: stdClass::$nilai_prestasi
in APPPATH\Views\perhitungan.php on line 132.
 1 APPPATH\Views\perhitungan.php(132): CodeIgniter\Debug\Exceptions->errorHandler(2, 'Undefined property: stdClass::$nilai_prestasi', 'APPPATH\\Views\\perhitungan.php', 132)
 2 SYSTEMPATH\View\View.php(213): include('APPPATH\\Views\\perhitungan.php')
 3 SYSTEMPATH\View\View.php(216): CodeIgniter\View\View->CodeIgniter\View\{closure}()
 4 SYSTEMPATH\Common.php(1135): CodeIgniter\View\View->render('perhitungan', [], true)
 5 APPPATH\Controllers\Spk.php(409): view('perhitungan', [...])
 6 SYSTEMPATH\CodeIgniter.php(898): App\Controllers\Spk->perhitungan()
 7 SYSTEMPATH\CodeIgniter.php(468): CodeIgniter\CodeIgniter->runController(Object(App\Controllers\Spk))
 8 SYSTEMPATH\CodeIgniter.php(351): CodeIgniter\CodeIgniter->handleRequest(null, Object(Config\Cache), false)
 9 FCPATH\index.php(55): CodeIgniter\CodeIgniter->run()
10 SYSTEMPATH\Commands\Server\rewrite.php(43): require_once('FCPATH\\index.php')
CRITICAL - 2023-01-10 07:10:23 --> Undefined property: stdClass::$nilai_prestasi
in APPPATH\Views\perhitungan.php on line 150.
 1 APPPATH\Views\perhitungan.php(150): CodeIgniter\Debug\Exceptions->errorHandler(2, 'Undefined property: stdClass::$nilai_prestasi', 'APPPATH\\Views\\perhitungan.php', 150)
 2 SYSTEMPATH\View\View.php(213): include('APPPATH\\Views\\perhitungan.php')
 3 SYSTEMPATH\View\View.php(216): CodeIgniter\View\View->CodeIgniter\View\{closure}()
 4 SYSTEMPATH\Common.php(1135): CodeIgniter\View\View->render('perhitungan', [], true)
 5 APPPATH\Controllers\Spk.php(409): view('perhitungan', [...])
 6 SYSTEMPATH\CodeIgniter.php(898): App\Controllers\Spk->perhitungan()
 7 SYSTEMPATH\CodeIgniter.php(468): CodeIgniter\CodeIgniter->runController(Object(App\Controllers\Spk))
 8 SYSTEMPATH\CodeIgniter.php(351): CodeIgniter\CodeIgniter->handleRequest(null, Object(Config\Cache), false)
 9 FCPATH\index.php(55): CodeIgniter\CodeIgniter->run()
10 SYSTEMPATH\Commands\Server\rewrite.php(43): require_once('FCPATH\\index.php')
CRITICAL - 2023-01-10 07:10:25 --> Undefined property: stdClass::$nilai_prestasi
in APPPATH\Views\perhitungan.php on line 150.
 1 APPPATH\Views\perhitungan.php(150): CodeIgniter\Debug\Exceptions->errorHandler(2, 'Undefined property: stdClass::$nilai_prestasi', 'APPPATH\\Views\\perhitungan.php', 150)
 2 SYSTEMPATH\View\View.php(213): include('APPPATH\\Views\\perhitungan.php')
 3 SYSTEMPATH\View\View.php(216): CodeIgniter\View\View->CodeIgniter\View\{closure}()
 4 SYSTEMPATH\Common.php(1135): CodeIgniter\View\View->render('perhitungan', [], true)
 5 APPPATH\Controllers\Spk.php(409): view('perhitungan', [...])
 6 SYSTEMPATH\CodeIgniter.php(898): App\Controllers\Spk->perhitungan()
 7 SYSTEMPATH\CodeIgniter.php(468): CodeIgniter\CodeIgniter->runController(Object(App\Controllers\Spk))
 8 SYSTEMPATH\CodeIgniter.php(351): CodeIgniter\CodeIgniter->handleRequest(null, Object(Config\Cache), false)
 9 FCPATH\index.php(55): CodeIgniter\CodeIgniter->run()
10 SYSTEMPATH\Commands\Server\rewrite.php(43): require_once('FCPATH\\index.php')
CRITICAL - 2023-01-10 07:11:01 --> Undefined property: stdClass::$nilai_prestasi
in APPPATH\Views\perhitungan.php on line 152.
 1 APPPATH\Views\perhitungan.php(152): CodeIgniter\Debug\Exceptions->errorHandler(2, 'Undefined property: stdClass::$nilai_prestasi', 'APPPATH\\Views\\perhitungan.php', 152)
 2 SYSTEMPATH\View\View.php(213): include('APPPATH\\Views\\perhitungan.php')
 3 SYSTEMPATH\View\View.php(216): CodeIgniter\View\View->CodeIgniter\View\{closure}()
 4 SYSTEMPATH\Common.php(1135): CodeIgniter\View\View->render('perhitungan', [], true)
 5 APPPATH\Controllers\Spk.php(409): view('perhitungan', [...])
 6 SYSTEMPATH\CodeIgniter.php(898): App\Controllers\Spk->perhitungan()
 7 SYSTEMPATH\CodeIgniter.php(468): CodeIgniter\CodeIgniter->runController(Object(App\Controllers\Spk))
 8 SYSTEMPATH\CodeIgniter.php(351): CodeIgniter\CodeIgniter->handleRequest(null, Object(Config\Cache), false)
 9 FCPATH\index.php(55): CodeIgniter\CodeIgniter->run()
10 SYSTEMPATH\Commands\Server\rewrite.php(43): require_once('FCPATH\\index.php')
CRITICAL - 2023-01-10 07:11:16 --> Undefined property: stdClass::$nilai_prestasi
in APPPATH\Views\perhitungan.php on line 152.
 1 APPPATH\Views\perhitungan.php(152): CodeIgniter\Debug\Exceptions->errorHandler(2, 'Undefined property: stdClass::$nilai_prestasi', 'APPPATH\\Views\\perhitungan.php', 152)
 2 SYSTEMPATH\View\View.php(213): include('APPPATH\\Views\\perhitungan.php')
 3 SYSTEMPATH\View\View.php(216): CodeIgniter\View\View->CodeIgniter\View\{closure}()
 4 SYSTEMPATH\Common.php(1135): CodeIgniter\View\View->render('perhitungan', [], true)
 5 APPPATH\Controllers\Spk.php(409): view('perhitungan', [...])
 6 SYSTEMPATH\CodeIgniter.php(898): App\Controllers\Spk->perhitungan()
 7 SYSTEMPATH\CodeIgniter.php(468): CodeIgniter\CodeIgniter->runController(Object(App\Controllers\Spk))
 8 SYSTEMPATH\CodeIgniter.php(351): CodeIgniter\CodeIgniter->handleRequest(null, Object(Config\Cache), false)
 9 FCPATH\index.php(55): CodeIgniter\CodeIgniter->run()
10 SYSTEMPATH\Commands\Server\rewrite.php(43): require_once('FCPATH\\index.php')
CRITICAL - 2023-01-10 08:39:06 --> Attempt to read property "bobot" on string
in APPPATH\Views\perhitungan.php on line 240.
 1 APPPATH\Views\perhitungan.php(240): CodeIgniter\Debug\Exceptions->errorHandler(2, 'Attempt to read property "bobot" on string', 'APPPATH\\Views\\perhitungan.php', 240)
 2 SYSTEMPATH\View\View.php(213): include('APPPATH\\Views\\perhitungan.php')
 3 SYSTEMPATH\View\View.php(216): CodeIgniter\View\View->CodeIgniter\View\{closure}()
 4 SYSTEMPATH\Common.php(1135): CodeIgniter\View\View->render('perhitungan', [], true)
 5 APPPATH\Controllers\Spk.php(409): view('perhitungan', [...])
 6 SYSTEMPATH\CodeIgniter.php(898): App\Controllers\Spk->perhitungan()
 7 SYSTEMPATH\CodeIgniter.php(468): CodeIgniter\CodeIgniter->runController(Object(App\Controllers\Spk))
 8 SYSTEMPATH\CodeIgniter.php(351): CodeIgniter\CodeIgniter->handleRequest(null, Object(Config\Cache), false)
 9 FCPATH\index.php(55): CodeIgniter\CodeIgniter->run()
10 SYSTEMPATH\Commands\Server\rewrite.php(43): require_once('FCPATH\\index.php')
