CRITICAL - 2022-06-27 00:18:48 --> Division by zero
in APPPATH\Views\perhitungan.php on line 339.
 1 SYSTEMPATH\View\View.php(213): include()
 2 SYSTEMPATH\View\View.php(216): CodeIgniter\View\View->CodeIgniter\View\{closure}()
 3 SYSTEMPATH\Common.php(1135): CodeIgniter\View\View->render('perhitungan', [], true)
 4 APPPATH\Controllers\Spk.php(242): view('perhitungan', [...])
 5 SYSTEMPATH\CodeIgniter.php(898): App\Controllers\Spk->perhitungan()
 6 SYSTEMPATH\CodeIgniter.php(468): CodeIgniter\CodeIgniter->runController(Object(App\Controllers\Spk))
 7 SYSTEMPATH\CodeIgniter.php(351): CodeIgniter\CodeIgniter->handleRequest(null, Object(Config\Cache), false)
 8 FCPATH\index.php(55): CodeIgniter\CodeIgniter->run()
 9 SYSTEMPATH\Commands\Server\rewrite.php(43): require_once('FCPATH\\index.php')
CRITICAL - 2022-06-27 00:21:31 --> syntax error, unexpected identifier "sort"
in APPPATH\Views\perhitungan.php on line 336.
 1 SYSTEMPATH\View\View.php(216): CodeIgniter\View\View->CodeIgniter\View\{closure}()
 2 SYSTEMPATH\Common.php(1135): CodeIgniter\View\View->render('perhitungan', [], true)
 3 APPPATH\Controllers\Spk.php(242): view('perhitungan', [...])
 4 SYSTEMPATH\CodeIgniter.php(898): App\Controllers\Spk->perhitungan()
 5 SYSTEMPATH\CodeIgniter.php(468): CodeIgniter\CodeIgniter->runController(Object(App\Controllers\Spk))
 6 SYSTEMPATH\CodeIgniter.php(351): CodeIgniter\CodeIgniter->handleRequest(null, Object(Config\Cache), false)
 7 FCPATH\index.php(55): CodeIgniter\CodeIgniter->run()
 8 SYSTEMPATH\Commands\Server\rewrite.php(43): require_once('FCPATH\\index.php')
CRITICAL - 2022-06-27 00:22:15 --> sort(): Argument #1 ($array) must be of type array, float given
in APPPATH\Views\perhitungan.php on line 327.
 1 APPPATH\Views\perhitungan.php(327): sort(0.4642857142857143)
 2 SYSTEMPATH\View\View.php(213): include('APPPATH\\Views\\perhitungan.php')
 3 SYSTEMPATH\View\View.php(216): CodeIgniter\View\View->CodeIgniter\View\{closure}()
 4 SYSTEMPATH\Common.php(1135): CodeIgniter\View\View->render('perhitungan', [], true)
 5 APPPATH\Controllers\Spk.php(242): view('perhitungan', [...])
 6 SYSTEMPATH\CodeIgniter.php(898): App\Controllers\Spk->perhitungan()
 7 SYSTEMPATH\CodeIgniter.php(468): CodeIgniter\CodeIgniter->runController(Object(App\Controllers\Spk))
 8 SYSTEMPATH\CodeIgniter.php(351): CodeIgniter\CodeIgniter->handleRequest(null, Object(Config\Cache), false)
 9 FCPATH\index.php(55): CodeIgniter\CodeIgniter->run()
10 SYSTEMPATH\Commands\Server\rewrite.php(43): require_once('FCPATH\\index.php')
ERROR - 2022-06-27 00:34:31 --> Error connecting to the database: No connection could be made because the target machine actively refused it
CRITICAL - 2022-06-27 00:34:31 --> Unable to connect to the database.
Main connection [MySQLi]: No connection could be made because the target machine actively refused it
in SYSTEMPATH\Database\BaseConnection.php on line 415.
 1 SYSTEMPATH\Database\BaseConnection.php(585): CodeIgniter\Database\BaseConnection->initialize()
 2 SYSTEMPATH\Database\BaseBuilder.php(1585): CodeIgniter\Database\BaseConnection->query('SELECT *
FROM `alternatif`', [], false)
 3 APPPATH\Models\AlternatifModel.php(26): CodeIgniter\Database\BaseBuilder->get()
 4 APPPATH\Controllers\Spk.php(229): App\Models\AlternatifModel->get()
 5 SYSTEMPATH\CodeIgniter.php(898): App\Controllers\Spk->perhitungan()
 6 SYSTEMPATH\CodeIgniter.php(468): CodeIgniter\CodeIgniter->runController(Object(App\Controllers\Spk))
 7 SYSTEMPATH\CodeIgniter.php(351): CodeIgniter\CodeIgniter->handleRequest(null, Object(Config\Cache), false)
 8 FCPATH\index.php(55): CodeIgniter\CodeIgniter->run()
 9 SYSTEMPATH\Commands\Server\rewrite.php(43): require_once('FCPATH\\index.php')
ERROR - 2022-06-27 00:35:37 --> Error connecting to the database: No connection could be made because the target machine actively refused it
CRITICAL - 2022-06-27 00:35:37 --> Unable to connect to the database.
Main connection [MySQLi]: No connection could be made because the target machine actively refused it
in SYSTEMPATH\Database\BaseConnection.php on line 415.
 1 SYSTEMPATH\Database\BaseConnection.php(585): CodeIgniter\Database\BaseConnection->initialize()
 2 SYSTEMPATH\Database\BaseBuilder.php(1585): CodeIgniter\Database\BaseConnection->query('SELECT *
FROM `alternatif`', [], false)
 3 APPPATH\Models\AlternatifModel.php(26): CodeIgniter\Database\BaseBuilder->get()
 4 APPPATH\Controllers\Spk.php(229): App\Models\AlternatifModel->get()
 5 SYSTEMPATH\CodeIgniter.php(898): App\Controllers\Spk->perhitungan()
 6 SYSTEMPATH\CodeIgniter.php(468): CodeIgniter\CodeIgniter->runController(Object(App\Controllers\Spk))
 7 SYSTEMPATH\CodeIgniter.php(351): CodeIgniter\CodeIgniter->handleRequest(null, Object(Config\Cache), false)
 8 FCPATH\index.php(55): CodeIgniter\CodeIgniter->run()
 9 SYSTEMPATH\Commands\Server\rewrite.php(43): require_once('FCPATH\\index.php')
CRITICAL - 2022-06-27 06:09:07 --> Undefined variable $MaxR
in APPPATH\Views\perhitungan.php on line 324.
 1 APPPATH\Views\perhitungan.php(324): CodeIgniter\Debug\Exceptions->errorHandler(2, 'Undefined variable $MaxR', 'APPPATH\\Views\\perhitungan.php', 324)
 2 SYSTEMPATH\View\View.php(213): include('APPPATH\\Views\\perhitungan.php')
 3 SYSTEMPATH\View\View.php(216): CodeIgniter\View\View->CodeIgniter\View\{closure}()
 4 SYSTEMPATH\Common.php(1135): CodeIgniter\View\View->render('perhitungan', [], true)
 5 APPPATH\Controllers\Spk.php(242): view('perhitungan', [...])
 6 SYSTEMPATH\CodeIgniter.php(898): App\Controllers\Spk->perhitungan()
 7 SYSTEMPATH\CodeIgniter.php(468): CodeIgniter\CodeIgniter->runController(Object(App\Controllers\Spk))
 8 SYSTEMPATH\CodeIgniter.php(351): CodeIgniter\CodeIgniter->handleRequest(null, Object(Config\Cache), false)
 9 FCPATH\index.php(55): CodeIgniter\CodeIgniter->run()
10 SYSTEMPATH\Commands\Server\rewrite.php(43): require_once('FCPATH\\index.php')
CRITICAL - 2022-06-27 06:09:26 --> Undefined variable $index
in APPPATH\Views\perhitungan.php on line 333.
 1 APPPATH\Views\perhitungan.php(333): CodeIgniter\Debug\Exceptions->errorHandler(2, 'Undefined variable $index', 'APPPATH\\Views\\perhitungan.php', 333)
 2 SYSTEMPATH\View\View.php(213): include('APPPATH\\Views\\perhitungan.php')
 3 SYSTEMPATH\View\View.php(216): CodeIgniter\View\View->CodeIgniter\View\{closure}()
 4 SYSTEMPATH\Common.php(1135): CodeIgniter\View\View->render('perhitungan', [], true)
 5 APPPATH\Controllers\Spk.php(242): view('perhitungan', [...])
 6 SYSTEMPATH\CodeIgniter.php(898): App\Controllers\Spk->perhitungan()
 7 SYSTEMPATH\CodeIgniter.php(468): CodeIgniter\CodeIgniter->runController(Object(App\Controllers\Spk))
 8 SYSTEMPATH\CodeIgniter.php(351): CodeIgniter\CodeIgniter->handleRequest(null, Object(Config\Cache), false)
 9 FCPATH\index.php(55): CodeIgniter\CodeIgniter->run()
10 SYSTEMPATH\Commands\Server\rewrite.php(43): require_once('FCPATH\\index.php')
CRITICAL - 2022-06-27 06:19:38 --> sort(): Argument #1 ($array) must be of type array, float given
in APPPATH\Views\perhitungan.php on line 338.
 1 APPPATH\Views\perhitungan.php(338): sort(0.7099378881987578)
 2 SYSTEMPATH\View\View.php(213): include('APPPATH\\Views\\perhitungan.php')
 3 SYSTEMPATH\View\View.php(216): CodeIgniter\View\View->CodeIgniter\View\{closure}()
 4 SYSTEMPATH\Common.php(1135): CodeIgniter\View\View->render('perhitungan', [], true)
 5 APPPATH\Controllers\Spk.php(242): view('perhitungan', [...])
 6 SYSTEMPATH\CodeIgniter.php(898): App\Controllers\Spk->perhitungan()
 7 SYSTEMPATH\CodeIgniter.php(468): CodeIgniter\CodeIgniter->runController(Object(App\Controllers\Spk))
 8 SYSTEMPATH\CodeIgniter.php(351): CodeIgniter\CodeIgniter->handleRequest(null, Object(Config\Cache), false)
 9 FCPATH\index.php(55): CodeIgniter\CodeIgniter->run()
10 SYSTEMPATH\Commands\Server\rewrite.php(43): require_once('FCPATH\\index.php')
CRITICAL - 2022-06-27 06:20:41 --> syntax error, unexpected variable "$indexs"
in APPPATH\Views\perhitungan.php on line 338.
 1 SYSTEMPATH\View\View.php(216): CodeIgniter\View\View->CodeIgniter\View\{closure}()
 2 SYSTEMPATH\Common.php(1135): CodeIgniter\View\View->render('perhitungan', [], true)
 3 APPPATH\Controllers\Spk.php(242): view('perhitungan', [...])
 4 SYSTEMPATH\CodeIgniter.php(898): App\Controllers\Spk->perhitungan()
 5 SYSTEMPATH\CodeIgniter.php(468): CodeIgniter\CodeIgniter->runController(Object(App\Controllers\Spk))
 6 SYSTEMPATH\CodeIgniter.php(351): CodeIgniter\CodeIgniter->handleRequest(null, Object(Config\Cache), false)
 7 FCPATH\index.php(55): CodeIgniter\CodeIgniter->run()
 8 SYSTEMPATH\Commands\Server\rewrite.php(43): require_once('FCPATH\\index.php')
CRITICAL - 2022-06-27 06:21:06 --> syntax error, unexpected variable "$indexs", expecting "," or ";"
in APPPATH\Views\perhitungan.php on line 347.
 1 SYSTEMPATH\View\View.php(216): CodeIgniter\View\View->CodeIgniter\View\{closure}()
 2 SYSTEMPATH\Common.php(1135): CodeIgniter\View\View->render('perhitungan', [], true)
 3 APPPATH\Controllers\Spk.php(242): view('perhitungan', [...])
 4 SYSTEMPATH\CodeIgniter.php(898): App\Controllers\Spk->perhitungan()
 5 SYSTEMPATH\CodeIgniter.php(468): CodeIgniter\CodeIgniter->runController(Object(App\Controllers\Spk))
 6 SYSTEMPATH\CodeIgniter.php(351): CodeIgniter\CodeIgniter->handleRequest(null, Object(Config\Cache), false)
 7 FCPATH\index.php(55): CodeIgniter\CodeIgniter->run()
 8 SYSTEMPATH\Commands\Server\rewrite.php(43): require_once('FCPATH\\index.php')
CRITICAL - 2022-06-27 06:21:25 --> Call to undefined function float()
in APPPATH\Views\perhitungan.php on line 338.
 1 SYSTEMPATH\View\View.php(213): include()
 2 SYSTEMPATH\View\View.php(216): CodeIgniter\View\View->CodeIgniter\View\{closure}()
 3 SYSTEMPATH\Common.php(1135): CodeIgniter\View\View->render('perhitungan', [], true)
 4 APPPATH\Controllers\Spk.php(242): view('perhitungan', [...])
 5 SYSTEMPATH\CodeIgniter.php(898): App\Controllers\Spk->perhitungan()
 6 SYSTEMPATH\CodeIgniter.php(468): CodeIgniter\CodeIgniter->runController(Object(App\Controllers\Spk))
 7 SYSTEMPATH\CodeIgniter.php(351): CodeIgniter\CodeIgniter->handleRequest(null, Object(Config\Cache), false)
 8 FCPATH\index.php(55): CodeIgniter\CodeIgniter->run()
 9 SYSTEMPATH\Commands\Server\rewrite.php(43): require_once('FCPATH\\index.php')
CRITICAL - 2022-06-27 06:21:28 --> Call to undefined function float()
in APPPATH\Views\perhitungan.php on line 338.
 1 SYSTEMPATH\View\View.php(213): include()
 2 SYSTEMPATH\View\View.php(216): CodeIgniter\View\View->CodeIgniter\View\{closure}()
 3 SYSTEMPATH\Common.php(1135): CodeIgniter\View\View->render('perhitungan', [], true)
 4 APPPATH\Controllers\Spk.php(242): view('perhitungan', [...])
 5 SYSTEMPATH\CodeIgniter.php(898): App\Controllers\Spk->perhitungan()
 6 SYSTEMPATH\CodeIgniter.php(468): CodeIgniter\CodeIgniter->runController(Object(App\Controllers\Spk))
 7 SYSTEMPATH\CodeIgniter.php(351): CodeIgniter\CodeIgniter->handleRequest(null, Object(Config\Cache), false)
 8 FCPATH\index.php(55): CodeIgniter\CodeIgniter->run()
 9 SYSTEMPATH\Commands\Server\rewrite.php(43): require_once('FCPATH\\index.php')
CRITICAL - 2022-06-27 06:21:39 --> Call to undefined function int()
in APPPATH\Views\perhitungan.php on line 338.
 1 SYSTEMPATH\View\View.php(213): include()
 2 SYSTEMPATH\View\View.php(216): CodeIgniter\View\View->CodeIgniter\View\{closure}()
 3 SYSTEMPATH\Common.php(1135): CodeIgniter\View\View->render('perhitungan', [], true)
 4 APPPATH\Controllers\Spk.php(242): view('perhitungan', [...])
 5 SYSTEMPATH\CodeIgniter.php(898): App\Controllers\Spk->perhitungan()
 6 SYSTEMPATH\CodeIgniter.php(468): CodeIgniter\CodeIgniter->runController(Object(App\Controllers\Spk))
 7 SYSTEMPATH\CodeIgniter.php(351): CodeIgniter\CodeIgniter->handleRequest(null, Object(Config\Cache), false)
 8 FCPATH\index.php(55): CodeIgniter\CodeIgniter->run()
 9 SYSTEMPATH\Commands\Server\rewrite.php(43): require_once('FCPATH\\index.php')
CRITICAL - 2022-06-27 06:31:56 --> count(): Argument #1 ($value) must be of type Countable|array, float given
in APPPATH\Views\perhitungan.php on line 342.
 1 SYSTEMPATH\View\View.php(213): include()
 2 SYSTEMPATH\View\View.php(216): CodeIgniter\View\View->CodeIgniter\View\{closure}()
 3 SYSTEMPATH\Common.php(1135): CodeIgniter\View\View->render('perhitungan', [], true)
 4 APPPATH\Controllers\Spk.php(242): view('perhitungan', [...])
 5 SYSTEMPATH\CodeIgniter.php(898): App\Controllers\Spk->perhitungan()
 6 SYSTEMPATH\CodeIgniter.php(468): CodeIgniter\CodeIgniter->runController(Object(App\Controllers\Spk))
 7 SYSTEMPATH\CodeIgniter.php(351): CodeIgniter\CodeIgniter->handleRequest(null, Object(Config\Cache), false)
 8 FCPATH\index.php(55): CodeIgniter\CodeIgniter->run()
 9 SYSTEMPATH\Commands\Server\rewrite.php(43): require_once('FCPATH\\index.php')
CRITICAL - 2022-06-27 06:37:48 --> Call to undefined function sum()
in APPPATH\Views\perhitungan.php on line 322.
 1 SYSTEMPATH\View\View.php(213): include()
 2 SYSTEMPATH\View\View.php(216): CodeIgniter\View\View->CodeIgniter\View\{closure}()
 3 SYSTEMPATH\Common.php(1135): CodeIgniter\View\View->render('perhitungan', [], true)
 4 APPPATH\Controllers\Spk.php(242): view('perhitungan', [...])
 5 SYSTEMPATH\CodeIgniter.php(898): App\Controllers\Spk->perhitungan()
 6 SYSTEMPATH\CodeIgniter.php(468): CodeIgniter\CodeIgniter->runController(Object(App\Controllers\Spk))
 7 SYSTEMPATH\CodeIgniter.php(351): CodeIgniter\CodeIgniter->handleRequest(null, Object(Config\Cache), false)
 8 FCPATH\index.php(55): CodeIgniter\CodeIgniter->run()
 9 SYSTEMPATH\Commands\Server\rewrite.php(43): require_once('FCPATH\\index.php')
CRITICAL - 2022-06-27 19:57:27 --> syntax error, unexpected token "echo"
in APPPATH\Views\perhitungan.php on line 337.
 1 SYSTEMPATH\View\View.php(216): CodeIgniter\View\View->CodeIgniter\View\{closure}()
 2 SYSTEMPATH\Common.php(1135): CodeIgniter\View\View->render('perhitungan', [], true)
 3 APPPATH\Controllers\Spk.php(242): view('perhitungan', [...])
 4 SYSTEMPATH\CodeIgniter.php(898): App\Controllers\Spk->perhitungan()
 5 SYSTEMPATH\CodeIgniter.php(468): CodeIgniter\CodeIgniter->runController(Object(App\Controllers\Spk))
 6 SYSTEMPATH\CodeIgniter.php(351): CodeIgniter\CodeIgniter->handleRequest(null, Object(Config\Cache), false)
 7 FCPATH\index.php(55): CodeIgniter\CodeIgniter->run()
 8 SYSTEMPATH\Commands\Server\rewrite.php(43): require_once('FCPATH\\index.php')
CRITICAL - 2022-06-27 19:59:36 --> Undefined variable $dum
in APPPATH\Views\perhitungan.php on line 351.
 1 APPPATH\Views\perhitungan.php(351): CodeIgniter\Debug\Exceptions->errorHandler(2, 'Undefined variable $dum', 'APPPATH\\Views\\perhitungan.php', 351)
 2 SYSTEMPATH\View\View.php(213): include('APPPATH\\Views\\perhitungan.php')
 3 SYSTEMPATH\View\View.php(216): CodeIgniter\View\View->CodeIgniter\View\{closure}()
 4 SYSTEMPATH\Common.php(1135): CodeIgniter\View\View->render('perhitungan', [], true)
 5 APPPATH\Controllers\Spk.php(242): view('perhitungan', [...])
 6 SYSTEMPATH\CodeIgniter.php(898): App\Controllers\Spk->perhitungan()
 7 SYSTEMPATH\CodeIgniter.php(468): CodeIgniter\CodeIgniter->runController(Object(App\Controllers\Spk))
 8 SYSTEMPATH\CodeIgniter.php(351): CodeIgniter\CodeIgniter->handleRequest(null, Object(Config\Cache), false)
 9 FCPATH\index.php(55): CodeIgniter\CodeIgniter->run()
10 SYSTEMPATH\Commands\Server\rewrite.php(43): require_once('FCPATH\\index.php')
CRITICAL - 2022-06-27 20:00:52 --> Call to undefined function vardump()
in APPPATH\Views\perhitungan.php on line 337.
 1 SYSTEMPATH\View\View.php(213): include()
 2 SYSTEMPATH\View\View.php(216): CodeIgniter\View\View->CodeIgniter\View\{closure}()
 3 SYSTEMPATH\Common.php(1135): CodeIgniter\View\View->render('perhitungan', [], true)
 4 APPPATH\Controllers\Spk.php(242): view('perhitungan', [...])
 5 SYSTEMPATH\CodeIgniter.php(898): App\Controllers\Spk->perhitungan()
 6 SYSTEMPATH\CodeIgniter.php(468): CodeIgniter\CodeIgniter->runController(Object(App\Controllers\Spk))
 7 SYSTEMPATH\CodeIgniter.php(351): CodeIgniter\CodeIgniter->handleRequest(null, Object(Config\Cache), false)
 8 FCPATH\index.php(55): CodeIgniter\CodeIgniter->run()
 9 SYSTEMPATH\Commands\Server\rewrite.php(43): require_once('FCPATH\\index.php')
CRITICAL - 2022-06-27 20:03:20 --> syntax error, unexpected token "echo"
in APPPATH\Views\perhitungan.php on line 337.
 1 SYSTEMPATH\View\View.php(216): CodeIgniter\View\View->CodeIgniter\View\{closure}()
 2 SYSTEMPATH\Common.php(1135): CodeIgniter\View\View->render('perhitungan', [], true)
 3 APPPATH\Controllers\Spk.php(242): view('perhitungan', [...])
 4 SYSTEMPATH\CodeIgniter.php(898): App\Controllers\Spk->perhitungan()
 5 SYSTEMPATH\CodeIgniter.php(468): CodeIgniter\CodeIgniter->runController(Object(App\Controllers\Spk))
 6 SYSTEMPATH\CodeIgniter.php(351): CodeIgniter\CodeIgniter->handleRequest(null, Object(Config\Cache), false)
 7 FCPATH\index.php(55): CodeIgniter\CodeIgniter->run()
 8 SYSTEMPATH\Commands\Server\rewrite.php(43): require_once('FCPATH\\index.php')
CRITICAL - 2022-06-27 20:06:48 --> sort(): Argument #1 ($array) must be of type array, float given
in APPPATH\Views\perhitungan.php on line 337.
 1 APPPATH\Views\perhitungan.php(337): sort(0.7099378881987578)
 2 SYSTEMPATH\View\View.php(213): include('APPPATH\\Views\\perhitungan.php')
 3 SYSTEMPATH\View\View.php(216): CodeIgniter\View\View->CodeIgniter\View\{closure}()
 4 SYSTEMPATH\Common.php(1135): CodeIgniter\View\View->render('perhitungan', [], true)
 5 APPPATH\Controllers\Spk.php(242): view('perhitungan', [...])
 6 SYSTEMPATH\CodeIgniter.php(898): App\Controllers\Spk->perhitungan()
 7 SYSTEMPATH\CodeIgniter.php(468): CodeIgniter\CodeIgniter->runController(Object(App\Controllers\Spk))
 8 SYSTEMPATH\CodeIgniter.php(351): CodeIgniter\CodeIgniter->handleRequest(null, Object(Config\Cache), false)
 9 FCPATH\index.php(55): CodeIgniter\CodeIgniter->run()
10 SYSTEMPATH\Commands\Server\rewrite.php(43): require_once('FCPATH\\index.php')
CRITICAL - 2022-06-27 20:07:15 --> Array to string conversion
in APPPATH\Views\perhitungan.php on line 337.
 1 APPPATH\Views\perhitungan.php(337): CodeIgniter\Debug\Exceptions->errorHandler(2, 'Array to string conversion', 'APPPATH\\Views\\perhitungan.php', 337)
 2 SYSTEMPATH\View\View.php(213): include('APPPATH\\Views\\perhitungan.php')
 3 SYSTEMPATH\View\View.php(216): CodeIgniter\View\View->CodeIgniter\View\{closure}()
 4 SYSTEMPATH\Common.php(1135): CodeIgniter\View\View->render('perhitungan', [], true)
 5 APPPATH\Controllers\Spk.php(242): view('perhitungan', [...])
 6 SYSTEMPATH\CodeIgniter.php(898): App\Controllers\Spk->perhitungan()
 7 SYSTEMPATH\CodeIgniter.php(468): CodeIgniter\CodeIgniter->runController(Object(App\Controllers\Spk))
 8 SYSTEMPATH\CodeIgniter.php(351): CodeIgniter\CodeIgniter->handleRequest(null, Object(Config\Cache), false)
 9 FCPATH\index.php(55): CodeIgniter\CodeIgniter->run()
10 SYSTEMPATH\Commands\Server\rewrite.php(43): require_once('FCPATH\\index.php')
CRITICAL - 2022-06-27 20:07:30 --> syntax error, unexpected token "echo"
in APPPATH\Views\perhitungan.php on line 337.
 1 SYSTEMPATH\View\View.php(216): CodeIgniter\View\View->CodeIgniter\View\{closure}()
 2 SYSTEMPATH\Common.php(1135): CodeIgniter\View\View->render('perhitungan', [], true)
 3 APPPATH\Controllers\Spk.php(242): view('perhitungan', [...])
 4 SYSTEMPATH\CodeIgniter.php(898): App\Controllers\Spk->perhitungan()
 5 SYSTEMPATH\CodeIgniter.php(468): CodeIgniter\CodeIgniter->runController(Object(App\Controllers\Spk))
 6 SYSTEMPATH\CodeIgniter.php(351): CodeIgniter\CodeIgniter->handleRequest(null, Object(Config\Cache), false)
 7 FCPATH\index.php(55): CodeIgniter\CodeIgniter->run()
 8 SYSTEMPATH\Commands\Server\rewrite.php(43): require_once('FCPATH\\index.php')
CRITICAL - 2022-06-27 20:10:49 --> syntax error, unexpected variable "$SS", expecting "," or ";"
in APPPATH\Views\perhitungan.php on line 351.
 1 SYSTEMPATH\View\View.php(216): CodeIgniter\View\View->CodeIgniter\View\{closure}()
 2 SYSTEMPATH\Common.php(1135): CodeIgniter\View\View->render('perhitungan', [], true)
 3 APPPATH\Controllers\Spk.php(242): view('perhitungan', [...])
 4 SYSTEMPATH\CodeIgniter.php(898): App\Controllers\Spk->perhitungan()
 5 SYSTEMPATH\CodeIgniter.php(468): CodeIgniter\CodeIgniter->runController(Object(App\Controllers\Spk))
 6 SYSTEMPATH\CodeIgniter.php(351): CodeIgniter\CodeIgniter->handleRequest(null, Object(Config\Cache), false)
 7 FCPATH\index.php(55): CodeIgniter\CodeIgniter->run()
 8 SYSTEMPATH\Commands\Server\rewrite.php(43): require_once('FCPATH\\index.php')
CRITICAL - 2022-06-27 20:11:15 --> sort(): Argument #1 ($array) must be of type array, float given
in APPPATH\Views\perhitungan.php on line 351.
 1 APPPATH\Views\perhitungan.php(351): sort(0.7099378881987578)
 2 SYSTEMPATH\View\View.php(213): include('APPPATH\\Views\\perhitungan.php')
 3 SYSTEMPATH\View\View.php(216): CodeIgniter\View\View->CodeIgniter\View\{closure}()
 4 SYSTEMPATH\Common.php(1135): CodeIgniter\View\View->render('perhitungan', [], true)
 5 APPPATH\Controllers\Spk.php(242): view('perhitungan', [...])
 6 SYSTEMPATH\CodeIgniter.php(898): App\Controllers\Spk->perhitungan()
 7 SYSTEMPATH\CodeIgniter.php(468): CodeIgniter\CodeIgniter->runController(Object(App\Controllers\Spk))
 8 SYSTEMPATH\CodeIgniter.php(351): CodeIgniter\CodeIgniter->handleRequest(null, Object(Config\Cache), false)
 9 FCPATH\index.php(55): CodeIgniter\CodeIgniter->run()
10 SYSTEMPATH\Commands\Server\rewrite.php(43): require_once('FCPATH\\index.php')
CRITICAL - 2022-06-27 20:11:30 --> Array to string conversion
in APPPATH\Views\perhitungan.php on line 351.
 1 APPPATH\Views\perhitungan.php(351): CodeIgniter\Debug\Exceptions->errorHandler(2, 'Array to string conversion', 'APPPATH\\Views\\perhitungan.php', 351)
 2 SYSTEMPATH\View\View.php(213): include('APPPATH\\Views\\perhitungan.php')
 3 SYSTEMPATH\View\View.php(216): CodeIgniter\View\View->CodeIgniter\View\{closure}()
 4 SYSTEMPATH\Common.php(1135): CodeIgniter\View\View->render('perhitungan', [], true)
 5 APPPATH\Controllers\Spk.php(242): view('perhitungan', [...])
 6 SYSTEMPATH\CodeIgniter.php(898): App\Controllers\Spk->perhitungan()
 7 SYSTEMPATH\CodeIgniter.php(468): CodeIgniter\CodeIgniter->runController(Object(App\Controllers\Spk))
 8 SYSTEMPATH\CodeIgniter.php(351): CodeIgniter\CodeIgniter->handleRequest(null, Object(Config\Cache), false)
 9 FCPATH\index.php(55): CodeIgniter\CodeIgniter->run()
10 SYSTEMPATH\Commands\Server\rewrite.php(43): require_once('FCPATH\\index.php')
CRITICAL - 2022-06-27 20:14:11 --> syntax error, unexpected variable "$index", expecting "," or ";"
in APPPATH\Views\perhitungan.php on line 342.
 1 SYSTEMPATH\View\View.php(216): CodeIgniter\View\View->CodeIgniter\View\{closure}()
 2 SYSTEMPATH\Common.php(1135): CodeIgniter\View\View->render('perhitungan', [], true)
 3 APPPATH\Controllers\Spk.php(242): view('perhitungan', [...])
 4 SYSTEMPATH\CodeIgniter.php(898): App\Controllers\Spk->perhitungan()
 5 SYSTEMPATH\CodeIgniter.php(468): CodeIgniter\CodeIgniter->runController(Object(App\Controllers\Spk))
 6 SYSTEMPATH\CodeIgniter.php(351): CodeIgniter\CodeIgniter->handleRequest(null, Object(Config\Cache), false)
 7 FCPATH\index.php(55): CodeIgniter\CodeIgniter->run()
 8 SYSTEMPATH\Commands\Server\rewrite.php(43): require_once('FCPATH\\index.php')
CRITICAL - 2022-06-27 20:15:44 --> syntax error, unexpected variable "$dum"
in APPPATH\Views\perhitungan.php on line 338.
 1 SYSTEMPATH\View\View.php(216): CodeIgniter\View\View->CodeIgniter\View\{closure}()
 2 SYSTEMPATH\Common.php(1135): CodeIgniter\View\View->render('perhitungan', [], true)
 3 APPPATH\Controllers\Spk.php(242): view('perhitungan', [...])
 4 SYSTEMPATH\CodeIgniter.php(898): App\Controllers\Spk->perhitungan()
 5 SYSTEMPATH\CodeIgniter.php(468): CodeIgniter\CodeIgniter->runController(Object(App\Controllers\Spk))
 6 SYSTEMPATH\CodeIgniter.php(351): CodeIgniter\CodeIgniter->handleRequest(null, Object(Config\Cache), false)
 7 FCPATH\index.php(55): CodeIgniter\CodeIgniter->run()
 8 SYSTEMPATH\Commands\Server\rewrite.php(43): require_once('FCPATH\\index.php')
CRITICAL - 2022-06-27 20:15:54 --> sort(): Argument #1 ($array) must be of type array, string given
in APPPATH\Views\perhitungan.php on line 338.
 1 APPPATH\Views\perhitungan.php(338): sort('0.70993788819876')
 2 SYSTEMPATH\View\View.php(213): include('APPPATH\\Views\\perhitungan.php')
 3 SYSTEMPATH\View\View.php(216): CodeIgniter\View\View->CodeIgniter\View\{closure}()
 4 SYSTEMPATH\Common.php(1135): CodeIgniter\View\View->render('perhitungan', [], true)
 5 APPPATH\Controllers\Spk.php(242): view('perhitungan', [...])
 6 SYSTEMPATH\CodeIgniter.php(898): App\Controllers\Spk->perhitungan()
 7 SYSTEMPATH\CodeIgniter.php(468): CodeIgniter\CodeIgniter->runController(Object(App\Controllers\Spk))
 8 SYSTEMPATH\CodeIgniter.php(351): CodeIgniter\CodeIgniter->handleRequest(null, Object(Config\Cache), false)
 9 FCPATH\index.php(55): CodeIgniter\CodeIgniter->run()
10 SYSTEMPATH\Commands\Server\rewrite.php(43): require_once('FCPATH\\index.php')
CRITICAL - 2022-06-27 20:17:27 --> max(): Argument #1 ($value) must be of type array, float given
in APPPATH\Views\perhitungan.php on line 337.
 1 APPPATH\Views\perhitungan.php(337): max(0.7099378881987578)
 2 SYSTEMPATH\View\View.php(213): include('APPPATH\\Views\\perhitungan.php')
 3 SYSTEMPATH\View\View.php(216): CodeIgniter\View\View->CodeIgniter\View\{closure}()
 4 SYSTEMPATH\Common.php(1135): CodeIgniter\View\View->render('perhitungan', [], true)
 5 APPPATH\Controllers\Spk.php(242): view('perhitungan', [...])
 6 SYSTEMPATH\CodeIgniter.php(898): App\Controllers\Spk->perhitungan()
 7 SYSTEMPATH\CodeIgniter.php(468): CodeIgniter\CodeIgniter->runController(Object(App\Controllers\Spk))
 8 SYSTEMPATH\CodeIgniter.php(351): CodeIgniter\CodeIgniter->handleRequest(null, Object(Config\Cache), false)
 9 FCPATH\index.php(55): CodeIgniter\CodeIgniter->run()
10 SYSTEMPATH\Commands\Server\rewrite.php(43): require_once('FCPATH\\index.php')
CRITICAL - 2022-06-27 20:17:47 --> Array to string conversion
in APPPATH\Views\perhitungan.php on line 338.
 1 APPPATH\Views\perhitungan.php(338): CodeIgniter\Debug\Exceptions->errorHandler(2, 'Array to string conversion', 'APPPATH\\Views\\perhitungan.php', 338)
 2 SYSTEMPATH\View\View.php(213): include('APPPATH\\Views\\perhitungan.php')
 3 SYSTEMPATH\View\View.php(216): CodeIgniter\View\View->CodeIgniter\View\{closure}()
 4 SYSTEMPATH\Common.php(1135): CodeIgniter\View\View->render('perhitungan', [], true)
 5 APPPATH\Controllers\Spk.php(242): view('perhitungan', [...])
 6 SYSTEMPATH\CodeIgniter.php(898): App\Controllers\Spk->perhitungan()
 7 SYSTEMPATH\CodeIgniter.php(468): CodeIgniter\CodeIgniter->runController(Object(App\Controllers\Spk))
 8 SYSTEMPATH\CodeIgniter.php(351): CodeIgniter\CodeIgniter->handleRequest(null, Object(Config\Cache), false)
 9 FCPATH\index.php(55): CodeIgniter\CodeIgniter->run()
10 SYSTEMPATH\Commands\Server\rewrite.php(43): require_once('FCPATH\\index.php')
CRITICAL - 2022-06-27 20:17:56 --> Array to string conversion
in APPPATH\Views\perhitungan.php on line 351.
 1 APPPATH\Views\perhitungan.php(351): CodeIgniter\Debug\Exceptions->errorHandler(2, 'Array to string conversion', 'APPPATH\\Views\\perhitungan.php', 351)
 2 SYSTEMPATH\View\View.php(213): include('APPPATH\\Views\\perhitungan.php')
 3 SYSTEMPATH\View\View.php(216): CodeIgniter\View\View->CodeIgniter\View\{closure}()
 4 SYSTEMPATH\Common.php(1135): CodeIgniter\View\View->render('perhitungan', [], true)
 5 APPPATH\Controllers\Spk.php(242): view('perhitungan', [...])
 6 SYSTEMPATH\CodeIgniter.php(898): App\Controllers\Spk->perhitungan()
 7 SYSTEMPATH\CodeIgniter.php(468): CodeIgniter\CodeIgniter->runController(Object(App\Controllers\Spk))
 8 SYSTEMPATH\CodeIgniter.php(351): CodeIgniter\CodeIgniter->handleRequest(null, Object(Config\Cache), false)
 9 FCPATH\index.php(55): CodeIgniter\CodeIgniter->run()
10 SYSTEMPATH\Commands\Server\rewrite.php(43): require_once('FCPATH\\index.php')
CRITICAL - 2022-06-27 20:18:44 --> Array to string conversion
in APPPATH\Views\perhitungan.php on line 338.
 1 APPPATH\Views\perhitungan.php(338): CodeIgniter\Debug\Exceptions->errorHandler(2, 'Array to string conversion', 'APPPATH\\Views\\perhitungan.php', 338)
 2 SYSTEMPATH\View\View.php(213): include('APPPATH\\Views\\perhitungan.php')
 3 SYSTEMPATH\View\View.php(216): CodeIgniter\View\View->CodeIgniter\View\{closure}()
 4 SYSTEMPATH\Common.php(1135): CodeIgniter\View\View->render('perhitungan', [], true)
 5 APPPATH\Controllers\Spk.php(242): view('perhitungan', [...])
 6 SYSTEMPATH\CodeIgniter.php(898): App\Controllers\Spk->perhitungan()
 7 SYSTEMPATH\CodeIgniter.php(468): CodeIgniter\CodeIgniter->runController(Object(App\Controllers\Spk))
 8 SYSTEMPATH\CodeIgniter.php(351): CodeIgniter\CodeIgniter->handleRequest(null, Object(Config\Cache), false)
 9 FCPATH\index.php(55): CodeIgniter\CodeIgniter->run()
10 SYSTEMPATH\Commands\Server\rewrite.php(43): require_once('FCPATH\\index.php')
CRITICAL - 2022-06-27 20:18:52 --> Array to string conversion
in APPPATH\Views\perhitungan.php on line 338.
 1 APPPATH\Views\perhitungan.php(338): CodeIgniter\Debug\Exceptions->errorHandler(2, 'Array to string conversion', 'APPPATH\\Views\\perhitungan.php', 338)
 2 SYSTEMPATH\View\View.php(213): include('APPPATH\\Views\\perhitungan.php')
 3 SYSTEMPATH\View\View.php(216): CodeIgniter\View\View->CodeIgniter\View\{closure}()
 4 SYSTEMPATH\Common.php(1135): CodeIgniter\View\View->render('perhitungan', [], true)
 5 APPPATH\Controllers\Spk.php(242): view('perhitungan', [...])
 6 SYSTEMPATH\CodeIgniter.php(898): App\Controllers\Spk->perhitungan()
 7 SYSTEMPATH\CodeIgniter.php(468): CodeIgniter\CodeIgniter->runController(Object(App\Controllers\Spk))
 8 SYSTEMPATH\CodeIgniter.php(351): CodeIgniter\CodeIgniter->handleRequest(null, Object(Config\Cache), false)
 9 FCPATH\index.php(55): CodeIgniter\CodeIgniter->run()
10 SYSTEMPATH\Commands\Server\rewrite.php(43): require_once('FCPATH\\index.php')
CRITICAL - 2022-06-27 20:19:18 --> log(): Argument #1 ($num) must be of type float, array given
in APPPATH\Views\perhitungan.php on line 338.
 1 APPPATH\Views\perhitungan.php(338): log([...])
 2 SYSTEMPATH\View\View.php(213): include('APPPATH\\Views\\perhitungan.php')
 3 SYSTEMPATH\View\View.php(216): CodeIgniter\View\View->CodeIgniter\View\{closure}()
 4 SYSTEMPATH\Common.php(1135): CodeIgniter\View\View->render('perhitungan', [], true)
 5 APPPATH\Controllers\Spk.php(242): view('perhitungan', [...])
 6 SYSTEMPATH\CodeIgniter.php(898): App\Controllers\Spk->perhitungan()
 7 SYSTEMPATH\CodeIgniter.php(468): CodeIgniter\CodeIgniter->runController(Object(App\Controllers\Spk))
 8 SYSTEMPATH\CodeIgniter.php(351): CodeIgniter\CodeIgniter->handleRequest(null, Object(Config\Cache), false)
 9 FCPATH\index.php(55): CodeIgniter\CodeIgniter->run()
10 SYSTEMPATH\Commands\Server\rewrite.php(43): require_once('FCPATH\\index.php')
CRITICAL - 2022-06-27 20:19:56 --> Call to undefined function console()
in APPPATH\Views\perhitungan.php on line 338.
 1 SYSTEMPATH\View\View.php(213): include()
 2 SYSTEMPATH\View\View.php(216): CodeIgniter\View\View->CodeIgniter\View\{closure}()
 3 SYSTEMPATH\Common.php(1135): CodeIgniter\View\View->render('perhitungan', [], true)
 4 APPPATH\Controllers\Spk.php(242): view('perhitungan', [...])
 5 SYSTEMPATH\CodeIgniter.php(898): App\Controllers\Spk->perhitungan()
 6 SYSTEMPATH\CodeIgniter.php(468): CodeIgniter\CodeIgniter->runController(Object(App\Controllers\Spk))
 7 SYSTEMPATH\CodeIgniter.php(351): CodeIgniter\CodeIgniter->handleRequest(null, Object(Config\Cache), false)
 8 FCPATH\index.php(55): CodeIgniter\CodeIgniter->run()
 9 SYSTEMPATH\Commands\Server\rewrite.php(43): require_once('FCPATH\\index.php')
CRITICAL - 2022-06-27 20:26:33 --> Array to string conversion
in APPPATH\Views\perhitungan.php on line 338.
 1 APPPATH\Views\perhitungan.php(338): CodeIgniter\Debug\Exceptions->errorHandler(2, 'Array to string conversion', 'APPPATH\\Views\\perhitungan.php', 338)
 2 SYSTEMPATH\View\View.php(213): include('APPPATH\\Views\\perhitungan.php')
 3 SYSTEMPATH\View\View.php(216): CodeIgniter\View\View->CodeIgniter\View\{closure}()
 4 SYSTEMPATH\Common.php(1135): CodeIgniter\View\View->render('perhitungan', [], true)
 5 APPPATH\Controllers\Spk.php(242): view('perhitungan', [...])
 6 SYSTEMPATH\CodeIgniter.php(898): App\Controllers\Spk->perhitungan()
 7 SYSTEMPATH\CodeIgniter.php(468): CodeIgniter\CodeIgniter->runController(Object(App\Controllers\Spk))
 8 SYSTEMPATH\CodeIgniter.php(351): CodeIgniter\CodeIgniter->handleRequest(null, Object(Config\Cache), false)
 9 FCPATH\index.php(55): CodeIgniter\CodeIgniter->run()
10 SYSTEMPATH\Commands\Server\rewrite.php(43): require_once('FCPATH\\index.php')
CRITICAL - 2022-06-27 20:26:37 --> Array to string conversion
in APPPATH\Views\perhitungan.php on line 338.
 1 APPPATH\Views\perhitungan.php(338): CodeIgniter\Debug\Exceptions->errorHandler(2, 'Array to string conversion', 'APPPATH\\Views\\perhitungan.php', 338)
 2 SYSTEMPATH\View\View.php(213): include('APPPATH\\Views\\perhitungan.php')
 3 SYSTEMPATH\View\View.php(216): CodeIgniter\View\View->CodeIgniter\View\{closure}()
 4 SYSTEMPATH\Common.php(1135): CodeIgniter\View\View->render('perhitungan', [], true)
 5 APPPATH\Controllers\Spk.php(242): view('perhitungan', [...])
 6 SYSTEMPATH\CodeIgniter.php(898): App\Controllers\Spk->perhitungan()
 7 SYSTEMPATH\CodeIgniter.php(468): CodeIgniter\CodeIgniter->runController(Object(App\Controllers\Spk))
 8 SYSTEMPATH\CodeIgniter.php(351): CodeIgniter\CodeIgniter->handleRequest(null, Object(Config\Cache), false)
 9 FCPATH\index.php(55): CodeIgniter\CodeIgniter->run()
10 SYSTEMPATH\Commands\Server\rewrite.php(43): require_once('FCPATH\\index.php')
CRITICAL - 2022-06-27 20:27:51 --> Array to string conversion
in APPPATH\Views\perhitungan.php on line 351.
 1 APPPATH\Views\perhitungan.php(351): CodeIgniter\Debug\Exceptions->errorHandler(2, 'Array to string conversion', 'APPPATH\\Views\\perhitungan.php', 351)
 2 SYSTEMPATH\View\View.php(213): include('APPPATH\\Views\\perhitungan.php')
 3 SYSTEMPATH\View\View.php(216): CodeIgniter\View\View->CodeIgniter\View\{closure}()
 4 SYSTEMPATH\Common.php(1135): CodeIgniter\View\View->render('perhitungan', [], true)
 5 APPPATH\Controllers\Spk.php(242): view('perhitungan', [...])
 6 SYSTEMPATH\CodeIgniter.php(898): App\Controllers\Spk->perhitungan()
 7 SYSTEMPATH\CodeIgniter.php(468): CodeIgniter\CodeIgniter->runController(Object(App\Controllers\Spk))
 8 SYSTEMPATH\CodeIgniter.php(351): CodeIgniter\CodeIgniter->handleRequest(null, Object(Config\Cache), false)
 9 FCPATH\index.php(55): CodeIgniter\CodeIgniter->run()
10 SYSTEMPATH\Commands\Server\rewrite.php(43): require_once('FCPATH\\index.php')
CRITICAL - 2022-06-27 20:29:03 --> syntax error, unexpected variable "$SS", expecting "("
in APPPATH\Views\perhitungan.php on line 351.
 1 SYSTEMPATH\View\View.php(216): CodeIgniter\View\View->CodeIgniter\View\{closure}()
 2 SYSTEMPATH\Common.php(1135): CodeIgniter\View\View->render('perhitungan', [], true)
 3 APPPATH\Controllers\Spk.php(242): view('perhitungan', [...])
 4 SYSTEMPATH\CodeIgniter.php(898): App\Controllers\Spk->perhitungan()
 5 SYSTEMPATH\CodeIgniter.php(468): CodeIgniter\CodeIgniter->runController(Object(App\Controllers\Spk))
 6 SYSTEMPATH\CodeIgniter.php(351): CodeIgniter\CodeIgniter->handleRequest(null, Object(Config\Cache), false)
 7 FCPATH\index.php(55): CodeIgniter\CodeIgniter->run()
 8 SYSTEMPATH\Commands\Server\rewrite.php(43): require_once('FCPATH\\index.php')
CRITICAL - 2022-06-27 20:29:19 --> Array to string conversion
in APPPATH\Views\perhitungan.php on line 351.
 1 APPPATH\Views\perhitungan.php(351): CodeIgniter\Debug\Exceptions->errorHandler(2, 'Array to string conversion', 'APPPATH\\Views\\perhitungan.php', 351)
 2 SYSTEMPATH\View\View.php(213): include('APPPATH\\Views\\perhitungan.php')
 3 SYSTEMPATH\View\View.php(216): CodeIgniter\View\View->CodeIgniter\View\{closure}()
 4 SYSTEMPATH\Common.php(1135): CodeIgniter\View\View->render('perhitungan', [], true)
 5 APPPATH\Controllers\Spk.php(242): view('perhitungan', [...])
 6 SYSTEMPATH\CodeIgniter.php(898): App\Controllers\Spk->perhitungan()
 7 SYSTEMPATH\CodeIgniter.php(468): CodeIgniter\CodeIgniter->runController(Object(App\Controllers\Spk))
 8 SYSTEMPATH\CodeIgniter.php(351): CodeIgniter\CodeIgniter->handleRequest(null, Object(Config\Cache), false)
 9 FCPATH\index.php(55): CodeIgniter\CodeIgniter->run()
10 SYSTEMPATH\Commands\Server\rewrite.php(43): require_once('FCPATH\\index.php')
CRITICAL - 2022-06-27 20:32:05 --> Array to string conversion
in APPPATH\Views\perhitungan.php on line 351.
 1 APPPATH\Views\perhitungan.php(351): CodeIgniter\Debug\Exceptions->errorHandler(2, 'Array to string conversion', 'APPPATH\\Views\\perhitungan.php', 351)
 2 SYSTEMPATH\View\View.php(213): include('APPPATH\\Views\\perhitungan.php')
 3 SYSTEMPATH\View\View.php(216): CodeIgniter\View\View->CodeIgniter\View\{closure}()
 4 SYSTEMPATH\Common.php(1135): CodeIgniter\View\View->render('perhitungan', [], true)
 5 APPPATH\Controllers\Spk.php(242): view('perhitungan', [...])
 6 SYSTEMPATH\CodeIgniter.php(898): App\Controllers\Spk->perhitungan()
 7 SYSTEMPATH\CodeIgniter.php(468): CodeIgniter\CodeIgniter->runController(Object(App\Controllers\Spk))
 8 SYSTEMPATH\CodeIgniter.php(351): CodeIgniter\CodeIgniter->handleRequest(null, Object(Config\Cache), false)
 9 FCPATH\index.php(55): CodeIgniter\CodeIgniter->run()
10 SYSTEMPATH\Commands\Server\rewrite.php(43): require_once('FCPATH\\index.php')
CRITICAL - 2022-06-27 20:32:34 --> Array to string conversion
in APPPATH\Views\perhitungan.php on line 351.
 1 APPPATH\Views\perhitungan.php(351): CodeIgniter\Debug\Exceptions->errorHandler(2, 'Array to string conversion', 'APPPATH\\Views\\perhitungan.php', 351)
 2 SYSTEMPATH\View\View.php(213): include('APPPATH\\Views\\perhitungan.php')
 3 SYSTEMPATH\View\View.php(216): CodeIgniter\View\View->CodeIgniter\View\{closure}()
 4 SYSTEMPATH\Common.php(1135): CodeIgniter\View\View->render('perhitungan', [], true)
 5 APPPATH\Controllers\Spk.php(242): view('perhitungan', [...])
 6 SYSTEMPATH\CodeIgniter.php(898): App\Controllers\Spk->perhitungan()
 7 SYSTEMPATH\CodeIgniter.php(468): CodeIgniter\CodeIgniter->runController(Object(App\Controllers\Spk))
 8 SYSTEMPATH\CodeIgniter.php(351): CodeIgniter\CodeIgniter->handleRequest(null, Object(Config\Cache), false)
 9 FCPATH\index.php(55): CodeIgniter\CodeIgniter->run()
10 SYSTEMPATH\Commands\Server\rewrite.php(43): require_once('FCPATH\\index.php')
CRITICAL - 2022-06-27 20:32:37 --> Array to string conversion
in APPPATH\Views\perhitungan.php on line 351.
 1 APPPATH\Views\perhitungan.php(351): CodeIgniter\Debug\Exceptions->errorHandler(2, 'Array to string conversion', 'APPPATH\\Views\\perhitungan.php', 351)
 2 SYSTEMPATH\View\View.php(213): include('APPPATH\\Views\\perhitungan.php')
 3 SYSTEMPATH\View\View.php(216): CodeIgniter\View\View->CodeIgniter\View\{closure}()
 4 SYSTEMPATH\Common.php(1135): CodeIgniter\View\View->render('perhitungan', [], true)
 5 APPPATH\Controllers\Spk.php(242): view('perhitungan', [...])
 6 SYSTEMPATH\CodeIgniter.php(898): App\Controllers\Spk->perhitungan()
 7 SYSTEMPATH\CodeIgniter.php(468): CodeIgniter\CodeIgniter->runController(Object(App\Controllers\Spk))
 8 SYSTEMPATH\CodeIgniter.php(351): CodeIgniter\CodeIgniter->handleRequest(null, Object(Config\Cache), false)
 9 FCPATH\index.php(55): CodeIgniter\CodeIgniter->run()
10 SYSTEMPATH\Commands\Server\rewrite.php(43): require_once('FCPATH\\index.php')
CRITICAL - 2022-06-27 20:32:52 --> Array to string conversion
in APPPATH\Views\perhitungan.php on line 351.
 1 APPPATH\Views\perhitungan.php(351): CodeIgniter\Debug\Exceptions->errorHandler(2, 'Array to string conversion', 'APPPATH\\Views\\perhitungan.php', 351)
 2 SYSTEMPATH\View\View.php(213): include('APPPATH\\Views\\perhitungan.php')
 3 SYSTEMPATH\View\View.php(216): CodeIgniter\View\View->CodeIgniter\View\{closure}()
 4 SYSTEMPATH\Common.php(1135): CodeIgniter\View\View->render('perhitungan', [], true)
 5 APPPATH\Controllers\Spk.php(242): view('perhitungan', [...])
 6 SYSTEMPATH\CodeIgniter.php(898): App\Controllers\Spk->perhitungan()
 7 SYSTEMPATH\CodeIgniter.php(468): CodeIgniter\CodeIgniter->runController(Object(App\Controllers\Spk))
 8 SYSTEMPATH\CodeIgniter.php(351): CodeIgniter\CodeIgniter->handleRequest(null, Object(Config\Cache), false)
 9 FCPATH\index.php(55): CodeIgniter\CodeIgniter->run()
10 SYSTEMPATH\Commands\Server\rewrite.php(43): require_once('FCPATH\\index.php')
CRITICAL - 2022-06-27 20:33:55 --> syntax error, unexpected token "echo"
in APPPATH\Views\perhitungan.php on line 351.
 1 SYSTEMPATH\View\View.php(216): CodeIgniter\View\View->CodeIgniter\View\{closure}()
 2 SYSTEMPATH\Common.php(1135): CodeIgniter\View\View->render('perhitungan', [], true)
 3 APPPATH\Controllers\Spk.php(242): view('perhitungan', [...])
 4 SYSTEMPATH\CodeIgniter.php(898): App\Controllers\Spk->perhitungan()
 5 SYSTEMPATH\CodeIgniter.php(468): CodeIgniter\CodeIgniter->runController(Object(App\Controllers\Spk))
 6 SYSTEMPATH\CodeIgniter.php(351): CodeIgniter\CodeIgniter->handleRequest(null, Object(Config\Cache), false)
 7 FCPATH\index.php(55): CodeIgniter\CodeIgniter->run()
 8 SYSTEMPATH\Commands\Server\rewrite.php(43): require_once('FCPATH\\index.php')
CRITICAL - 2022-06-27 20:34:35 --> Array to string conversion
in APPPATH\Views\perhitungan.php on line 351.
 1 APPPATH\Views\perhitungan.php(351): CodeIgniter\Debug\Exceptions->errorHandler(2, 'Array to string conversion', 'APPPATH\\Views\\perhitungan.php', 351)
 2 SYSTEMPATH\View\View.php(213): include('APPPATH\\Views\\perhitungan.php')
 3 SYSTEMPATH\View\View.php(216): CodeIgniter\View\View->CodeIgniter\View\{closure}()
 4 SYSTEMPATH\Common.php(1135): CodeIgniter\View\View->render('perhitungan', [], true)
 5 APPPATH\Controllers\Spk.php(242): view('perhitungan', [...])
 6 SYSTEMPATH\CodeIgniter.php(898): App\Controllers\Spk->perhitungan()
 7 SYSTEMPATH\CodeIgniter.php(468): CodeIgniter\CodeIgniter->runController(Object(App\Controllers\Spk))
 8 SYSTEMPATH\CodeIgniter.php(351): CodeIgniter\CodeIgniter->handleRequest(null, Object(Config\Cache), false)
 9 FCPATH\index.php(55): CodeIgniter\CodeIgniter->run()
10 SYSTEMPATH\Commands\Server\rewrite.php(43): require_once('FCPATH\\index.php')
CRITICAL - 2022-06-27 20:35:48 --> syntax error, unexpected token "echo"
in APPPATH\Views\perhitungan.php on line 351.
 1 SYSTEMPATH\View\View.php(216): CodeIgniter\View\View->CodeIgniter\View\{closure}()
 2 SYSTEMPATH\Common.php(1135): CodeIgniter\View\View->render('perhitungan', [], true)
 3 APPPATH\Controllers\Spk.php(242): view('perhitungan', [...])
 4 SYSTEMPATH\CodeIgniter.php(898): App\Controllers\Spk->perhitungan()
 5 SYSTEMPATH\CodeIgniter.php(468): CodeIgniter\CodeIgniter->runController(Object(App\Controllers\Spk))
 6 SYSTEMPATH\CodeIgniter.php(351): CodeIgniter\CodeIgniter->handleRequest(null, Object(Config\Cache), false)
 7 FCPATH\index.php(55): CodeIgniter\CodeIgniter->run()
 8 SYSTEMPATH\Commands\Server\rewrite.php(43): require_once('FCPATH\\index.php')
CRITICAL - 2022-06-27 20:43:31 --> Undefined constant "REGULAR"
in APPPATH\Views\perhitungan.php on line 338.
 1 SYSTEMPATH\View\View.php(213): include()
 2 SYSTEMPATH\View\View.php(216): CodeIgniter\View\View->CodeIgniter\View\{closure}()
 3 SYSTEMPATH\Common.php(1135): CodeIgniter\View\View->render('perhitungan', [], true)
 4 APPPATH\Controllers\Spk.php(242): view('perhitungan', [...])
 5 SYSTEMPATH\CodeIgniter.php(898): App\Controllers\Spk->perhitungan()
 6 SYSTEMPATH\CodeIgniter.php(468): CodeIgniter\CodeIgniter->runController(Object(App\Controllers\Spk))
 7 SYSTEMPATH\CodeIgniter.php(351): CodeIgniter\CodeIgniter->handleRequest(null, Object(Config\Cache), false)
 8 FCPATH\index.php(55): CodeIgniter\CodeIgniter->run()
 9 SYSTEMPATH\Commands\Server\rewrite.php(43): require_once('FCPATH\\index.php')
CRITICAL - 2022-06-27 23:16:49 --> syntax error, unexpected variable "$index"
in APPPATH\Views\perhitungan.php on line 346.
 1 SYSTEMPATH\View\View.php(216): CodeIgniter\View\View->CodeIgniter\View\{closure}()
 2 SYSTEMPATH\Common.php(1135): CodeIgniter\View\View->render('perhitungan', [], true)
 3 APPPATH\Controllers\Spk.php(242): view('perhitungan', [...])
 4 SYSTEMPATH\CodeIgniter.php(898): App\Controllers\Spk->perhitungan()
 5 SYSTEMPATH\CodeIgniter.php(468): CodeIgniter\CodeIgniter->runController(Object(App\Controllers\Spk))
 6 SYSTEMPATH\CodeIgniter.php(351): CodeIgniter\CodeIgniter->handleRequest(null, Object(Config\Cache), false)
 7 FCPATH\index.php(55): CodeIgniter\CodeIgniter->run()
 8 SYSTEMPATH\Commands\Server\rewrite.php(43): require_once('FCPATH\\index.php')
CRITICAL - 2022-06-27 23:19:05 --> syntax error, unexpected token "print"
in APPPATH\Views\perhitungan.php on line 341.
 1 SYSTEMPATH\View\View.php(216): CodeIgniter\View\View->CodeIgniter\View\{closure}()
 2 SYSTEMPATH\Common.php(1135): CodeIgniter\View\View->render('perhitungan', [], true)
 3 APPPATH\Controllers\Spk.php(242): view('perhitungan', [...])
 4 SYSTEMPATH\CodeIgniter.php(898): App\Controllers\Spk->perhitungan()
 5 SYSTEMPATH\CodeIgniter.php(468): CodeIgniter\CodeIgniter->runController(Object(App\Controllers\Spk))
 6 SYSTEMPATH\CodeIgniter.php(351): CodeIgniter\CodeIgniter->handleRequest(null, Object(Config\Cache), false)
 7 FCPATH\index.php(55): CodeIgniter\CodeIgniter->run()
 8 SYSTEMPATH\Commands\Server\rewrite.php(43): require_once('FCPATH\\index.php')
CRITICAL - 2022-06-27 23:24:54 --> syntax error, unexpected variable "$index", expecting "," or ";"
in APPPATH\Views\perhitungan.php on line 350.
 1 SYSTEMPATH\View\View.php(216): CodeIgniter\View\View->CodeIgniter\View\{closure}()
 2 SYSTEMPATH\Common.php(1135): CodeIgniter\View\View->render('perhitungan', [], true)
 3 APPPATH\Controllers\Spk.php(242): view('perhitungan', [...])
 4 SYSTEMPATH\CodeIgniter.php(898): App\Controllers\Spk->perhitungan()
 5 SYSTEMPATH\CodeIgniter.php(468): CodeIgniter\CodeIgniter->runController(Object(App\Controllers\Spk))
 6 SYSTEMPATH\CodeIgniter.php(351): CodeIgniter\CodeIgniter->handleRequest(null, Object(Config\Cache), false)
 7 FCPATH\index.php(55): CodeIgniter\CodeIgniter->run()
 8 SYSTEMPATH\Commands\Server\rewrite.php(43): require_once('FCPATH\\index.php')
CRITICAL - 2022-06-27 23:25:08 --> Trying to access array offset on value of type float
in APPPATH\Views\perhitungan.php on line 342.
 1 APPPATH\Views\perhitungan.php(342): CodeIgniter\Debug\Exceptions->errorHandler(2, 'Trying to access array offset on value of type float', 'APPPATH\\Views\\perhitungan.php', 342)
 2 SYSTEMPATH\View\View.php(213): include('APPPATH\\Views\\perhitungan.php')
 3 SYSTEMPATH\View\View.php(216): CodeIgniter\View\View->CodeIgniter\View\{closure}()
 4 SYSTEMPATH\Common.php(1135): CodeIgniter\View\View->render('perhitungan', [], true)
 5 APPPATH\Controllers\Spk.php(242): view('perhitungan', [...])
 6 SYSTEMPATH\CodeIgniter.php(898): App\Controllers\Spk->perhitungan()
 7 SYSTEMPATH\CodeIgniter.php(468): CodeIgniter\CodeIgniter->runController(Object(App\Controllers\Spk))
 8 SYSTEMPATH\CodeIgniter.php(351): CodeIgniter\CodeIgniter->handleRequest(null, Object(Config\Cache), false)
 9 FCPATH\index.php(55): CodeIgniter\CodeIgniter->run()
10 SYSTEMPATH\Commands\Server\rewrite.php(43): require_once('FCPATH\\index.php')
CRITICAL - 2022-06-27 23:27:07 --> Array to string conversion
in APPPATH\Views\perhitungan.php on line 364.
 1 APPPATH\Views\perhitungan.php(364): CodeIgniter\Debug\Exceptions->errorHandler(2, 'Array to string conversion', 'APPPATH\\Views\\perhitungan.php', 364)
 2 SYSTEMPATH\View\View.php(213): include('APPPATH\\Views\\perhitungan.php')
 3 SYSTEMPATH\View\View.php(216): CodeIgniter\View\View->CodeIgniter\View\{closure}()
 4 SYSTEMPATH\Common.php(1135): CodeIgniter\View\View->render('perhitungan', [], true)
 5 APPPATH\Controllers\Spk.php(242): view('perhitungan', [...])
 6 SYSTEMPATH\CodeIgniter.php(898): App\Controllers\Spk->perhitungan()
 7 SYSTEMPATH\CodeIgniter.php(468): CodeIgniter\CodeIgniter->runController(Object(App\Controllers\Spk))
 8 SYSTEMPATH\CodeIgniter.php(351): CodeIgniter\CodeIgniter->handleRequest(null, Object(Config\Cache), false)
 9 FCPATH\index.php(55): CodeIgniter\CodeIgniter->run()
10 SYSTEMPATH\Commands\Server\rewrite.php(43): require_once('FCPATH\\index.php')
CRITICAL - 2022-06-27 23:33:51 --> Undefined constant "SORT"
in APPPATH\Views\perhitungan.php on line 338.
 1 SYSTEMPATH\View\View.php(213): include()
 2 SYSTEMPATH\View\View.php(216): CodeIgniter\View\View->CodeIgniter\View\{closure}()
 3 SYSTEMPATH\Common.php(1135): CodeIgniter\View\View->render('perhitungan', [], true)
 4 APPPATH\Controllers\Spk.php(242): view('perhitungan', [...])
 5 SYSTEMPATH\CodeIgniter.php(898): App\Controllers\Spk->perhitungan()
 6 SYSTEMPATH\CodeIgniter.php(468): CodeIgniter\CodeIgniter->runController(Object(App\Controllers\Spk))
 7 SYSTEMPATH\CodeIgniter.php(351): CodeIgniter\CodeIgniter->handleRequest(null, Object(Config\Cache), false)
 8 FCPATH\index.php(55): CodeIgniter\CodeIgniter->run()
 9 SYSTEMPATH\Commands\Server\rewrite.php(43): require_once('FCPATH\\index.php')
CRITICAL - 2022-06-27 23:38:08 --> syntax error, unexpected variable "$R"
in APPPATH\Views\perhitungan.php on line 330.
 1 SYSTEMPATH\View\View.php(216): CodeIgniter\View\View->CodeIgniter\View\{closure}()
 2 SYSTEMPATH\Common.php(1135): CodeIgniter\View\View->render('perhitungan', [], true)
 3 APPPATH\Controllers\Spk.php(242): view('perhitungan', [...])
 4 SYSTEMPATH\CodeIgniter.php(898): App\Controllers\Spk->perhitungan()
 5 SYSTEMPATH\CodeIgniter.php(468): CodeIgniter\CodeIgniter->runController(Object(App\Controllers\Spk))
 6 SYSTEMPATH\CodeIgniter.php(351): CodeIgniter\CodeIgniter->handleRequest(null, Object(Config\Cache), false)
 7 FCPATH\index.php(55): CodeIgniter\CodeIgniter->run()
 8 SYSTEMPATH\Commands\Server\rewrite.php(43): require_once('FCPATH\\index.php')
CRITICAL - 2022-06-27 23:38:24 --> Array to string conversion
in APPPATH\Views\perhitungan.php on line 368.
 1 APPPATH\Views\perhitungan.php(368): CodeIgniter\Debug\Exceptions->errorHandler(2, 'Array to string conversion', 'APPPATH\\Views\\perhitungan.php', 368)
 2 SYSTEMPATH\View\View.php(213): include('APPPATH\\Views\\perhitungan.php')
 3 SYSTEMPATH\View\View.php(216): CodeIgniter\View\View->CodeIgniter\View\{closure}()
 4 SYSTEMPATH\Common.php(1135): CodeIgniter\View\View->render('perhitungan', [], true)
 5 APPPATH\Controllers\Spk.php(242): view('perhitungan', [...])
 6 SYSTEMPATH\CodeIgniter.php(898): App\Controllers\Spk->perhitungan()
 7 SYSTEMPATH\CodeIgniter.php(468): CodeIgniter\CodeIgniter->runController(Object(App\Controllers\Spk))
 8 SYSTEMPATH\CodeIgniter.php(351): CodeIgniter\CodeIgniter->handleRequest(null, Object(Config\Cache), false)
 9 FCPATH\index.php(55): CodeIgniter\CodeIgniter->run()
10 SYSTEMPATH\Commands\Server\rewrite.php(43): require_once('FCPATH\\index.php')
CRITICAL - 2022-06-27 23:38:48 --> syntax error, unexpected variable "$TMP"
in APPPATH\Views\perhitungan.php on line 368.
 1 SYSTEMPATH\View\View.php(216): CodeIgniter\View\View->CodeIgniter\View\{closure}()
 2 SYSTEMPATH\Common.php(1135): CodeIgniter\View\View->render('perhitungan', [], true)
 3 APPPATH\Controllers\Spk.php(242): view('perhitungan', [...])
 4 SYSTEMPATH\CodeIgniter.php(898): App\Controllers\Spk->perhitungan()
 5 SYSTEMPATH\CodeIgniter.php(468): CodeIgniter\CodeIgniter->runController(Object(App\Controllers\Spk))
 6 SYSTEMPATH\CodeIgniter.php(351): CodeIgniter\CodeIgniter->handleRequest(null, Object(Config\Cache), false)
 7 FCPATH\index.php(55): CodeIgniter\CodeIgniter->run()
 8 SYSTEMPATH\Commands\Server\rewrite.php(43): require_once('FCPATH\\index.php')
