CRITICAL - 2023-01-25 01:26:32 --> Undefined variable $c
in APPPATH\Views\Penilaian\input_penilaian.php on line 39.
 1 APPPATH\Views\Penilaian\input_penilaian.php(39): CodeIgniter\Debug\Exceptions->errorHandler(2, 'Undefined variable $c', 'APPPATH\\Views\\Penilaian\\input_penilaian.php', 39)
 2 SYSTEMPATH\View\View.php(213): include('APPPATH\\Views\\Penilaian\\input_penilaian.php')
 3 SYSTEMPATH\View\View.php(216): CodeIgniter\View\View->CodeIgniter\View\{closure}()
 4 SYSTEMPATH\Common.php(1135): CodeIgniter\View\View->render('penilaian/input_penilaian', [], true)
 5 APPPATH\Controllers\Spk.php(342): view('penilaian/input_penilaian', [...])
 6 SYSTEMPATH\CodeIgniter.php(898): App\Controllers\Spk->input_penilaian('A1')
 7 SYSTEMPATH\CodeIgniter.php(468): CodeIgniter\CodeIgniter->runController(Object(App\Controllers\Spk))
 8 SYSTEMPATH\CodeIgniter.php(351): CodeIgniter\CodeIgniter->handleRequest(null, Object(Config\Cache), false)
 9 FCPATH\index.php(55): CodeIgniter\CodeIgniter->run()
10 SYSTEMPATH\Commands\Server\rewrite.php(43): require_once('FCPATH\\index.php')
CRITICAL - 2023-01-25 01:26:50 --> Undefined array key "kode_kriteria"
in APPPATH\Views\Penilaian\input_penilaian.php on line 39.
 1 APPPATH\Views\Penilaian\input_penilaian.php(39): CodeIgniter\Debug\Exceptions->errorHandler(2, 'Undefined array key "kode_kriteria"', 'APPPATH\\Views\\Penilaian\\input_penilaian.php', 39)
 2 SYSTEMPATH\View\View.php(213): include('APPPATH\\Views\\Penilaian\\input_penilaian.php')
 3 SYSTEMPATH\View\View.php(216): CodeIgniter\View\View->CodeIgniter\View\{closure}()
 4 SYSTEMPATH\Common.php(1135): CodeIgniter\View\View->render('penilaian/input_penilaian', [], true)
 5 APPPATH\Controllers\Spk.php(342): view('penilaian/input_penilaian', [...])
 6 SYSTEMPATH\CodeIgniter.php(898): App\Controllers\Spk->input_penilaian('A1')
 7 SYSTEMPATH\CodeIgniter.php(468): CodeIgniter\CodeIgniter->runController(Object(App\Controllers\Spk))
 8 SYSTEMPATH\CodeIgniter.php(351): CodeIgniter\CodeIgniter->handleRequest(null, Object(Config\Cache), false)
 9 FCPATH\index.php(55): CodeIgniter\CodeIgniter->run()
10 SYSTEMPATH\Commands\Server\rewrite.php(43): require_once('FCPATH\\index.php')
CRITICAL - 2023-01-25 01:27:21 --> Trying to access array offset on value of type null
in APPPATH\Views\Penilaian\input_penilaian.php on line 39.
 1 APPPATH\Views\Penilaian\input_penilaian.php(39): CodeIgniter\Debug\Exceptions->errorHandler(2, 'Trying to access array offset on value of type null', 'APPPATH\\Views\\Penilaian\\input_penilaian.php', 39)
 2 SYSTEMPATH\View\View.php(213): include('APPPATH\\Views\\Penilaian\\input_penilaian.php')
 3 SYSTEMPATH\View\View.php(216): CodeIgniter\View\View->CodeIgniter\View\{closure}()
 4 SYSTEMPATH\Common.php(1135): CodeIgniter\View\View->render('penilaian/input_penilaian', [], true)
 5 APPPATH\Controllers\Spk.php(342): view('penilaian/input_penilaian', [...])
 6 SYSTEMPATH\CodeIgniter.php(898): App\Controllers\Spk->input_penilaian('A1')
 7 SYSTEMPATH\CodeIgniter.php(468): CodeIgniter\CodeIgniter->runController(Object(App\Controllers\Spk))
 8 SYSTEMPATH\CodeIgniter.php(351): CodeIgniter\CodeIgniter->handleRequest(null, Object(Config\Cache), false)
 9 FCPATH\index.php(55): CodeIgniter\CodeIgniter->run()
10 SYSTEMPATH\Commands\Server\rewrite.php(43): require_once('FCPATH\\index.php')
CRITICAL - 2023-01-25 01:27:58 --> Trying to access array offset on value of type null
in APPPATH\Views\Penilaian\input_penilaian.php on line 18.
 1 APPPATH\Views\Penilaian\input_penilaian.php(18): CodeIgniter\Debug\Exceptions->errorHandler(2, 'Trying to access array offset on value of type null', 'APPPATH\\Views\\Penilaian\\input_penilaian.php', 18)
 2 SYSTEMPATH\View\View.php(213): include('APPPATH\\Views\\Penilaian\\input_penilaian.php')
 3 SYSTEMPATH\View\View.php(216): CodeIgniter\View\View->CodeIgniter\View\{closure}()
 4 SYSTEMPATH\Common.php(1135): CodeIgniter\View\View->render('penilaian/input_penilaian', [], true)
 5 APPPATH\Controllers\Spk.php(342): view('penilaian/input_penilaian', [...])
 6 SYSTEMPATH\CodeIgniter.php(898): App\Controllers\Spk->input_penilaian('A1')
 7 SYSTEMPATH\CodeIgniter.php(468): CodeIgniter\CodeIgniter->runController(Object(App\Controllers\Spk))
 8 SYSTEMPATH\CodeIgniter.php(351): CodeIgniter\CodeIgniter->handleRequest(null, Object(Config\Cache), false)
 9 FCPATH\index.php(55): CodeIgniter\CodeIgniter->run()
10 SYSTEMPATH\Commands\Server\rewrite.php(43): require_once('FCPATH\\index.php')
CRITICAL - 2023-01-25 01:29:21 --> Trying to access array offset on value of type null
in APPPATH\Views\Penilaian\input_penilaian.php on line 18.
 1 APPPATH\Views\Penilaian\input_penilaian.php(18): CodeIgniter\Debug\Exceptions->errorHandler(2, 'Trying to access array offset on value of type null', 'APPPATH\\Views\\Penilaian\\input_penilaian.php', 18)
 2 SYSTEMPATH\View\View.php(213): include('APPPATH\\Views\\Penilaian\\input_penilaian.php')
 3 SYSTEMPATH\View\View.php(216): CodeIgniter\View\View->CodeIgniter\View\{closure}()
 4 SYSTEMPATH\Common.php(1135): CodeIgniter\View\View->render('penilaian/input_penilaian', [], true)
 5 APPPATH\Controllers\Spk.php(342): view('penilaian/input_penilaian', [...])
 6 SYSTEMPATH\CodeIgniter.php(898): App\Controllers\Spk->input_penilaian('A1')
 7 SYSTEMPATH\CodeIgniter.php(468): CodeIgniter\CodeIgniter->runController(Object(App\Controllers\Spk))
 8 SYSTEMPATH\CodeIgniter.php(351): CodeIgniter\CodeIgniter->handleRequest(null, Object(Config\Cache), false)
 9 FCPATH\index.php(55): CodeIgniter\CodeIgniter->run()
10 SYSTEMPATH\Commands\Server\rewrite.php(43): require_once('FCPATH\\index.php')
CRITICAL - 2023-01-25 01:29:44 --> Undefined variable $c
in APPPATH\Views\Penilaian\input_penilaian.php on line 39.
 1 APPPATH\Views\Penilaian\input_penilaian.php(39): CodeIgniter\Debug\Exceptions->errorHandler(2, 'Undefined variable $c', 'APPPATH\\Views\\Penilaian\\input_penilaian.php', 39)
 2 SYSTEMPATH\View\View.php(213): include('APPPATH\\Views\\Penilaian\\input_penilaian.php')
 3 SYSTEMPATH\View\View.php(216): CodeIgniter\View\View->CodeIgniter\View\{closure}()
 4 SYSTEMPATH\Common.php(1135): CodeIgniter\View\View->render('penilaian/input_penilaian', [], true)
 5 APPPATH\Controllers\Spk.php(342): view('penilaian/input_penilaian', [...])
 6 SYSTEMPATH\CodeIgniter.php(898): App\Controllers\Spk->input_penilaian('A1')
 7 SYSTEMPATH\CodeIgniter.php(468): CodeIgniter\CodeIgniter->runController(Object(App\Controllers\Spk))
 8 SYSTEMPATH\CodeIgniter.php(351): CodeIgniter\CodeIgniter->handleRequest(null, Object(Config\Cache), false)
 9 FCPATH\index.php(55): CodeIgniter\CodeIgniter->run()
10 SYSTEMPATH\Commands\Server\rewrite.php(43): require_once('FCPATH\\index.php')
CRITICAL - 2023-01-25 01:38:17 --> Undefined variable $raport
in APPPATH\Views\Penilaian\input_penilaian.php on line 39.
 1 APPPATH\Views\Penilaian\input_penilaian.php(39): CodeIgniter\Debug\Exceptions->errorHandler(2, 'Undefined variable $raport', 'APPPATH\\Views\\Penilaian\\input_penilaian.php', 39)
 2 SYSTEMPATH\View\View.php(213): include('APPPATH\\Views\\Penilaian\\input_penilaian.php')
 3 SYSTEMPATH\View\View.php(216): CodeIgniter\View\View->CodeIgniter\View\{closure}()
 4 SYSTEMPATH\Common.php(1135): CodeIgniter\View\View->render('penilaian/input_penilaian', [], true)
 5 APPPATH\Controllers\Spk.php(342): view('penilaian/input_penilaian', [...])
 6 SYSTEMPATH\CodeIgniter.php(898): App\Controllers\Spk->input_penilaian('A1')
 7 SYSTEMPATH\CodeIgniter.php(468): CodeIgniter\CodeIgniter->runController(Object(App\Controllers\Spk))
 8 SYSTEMPATH\CodeIgniter.php(351): CodeIgniter\CodeIgniter->handleRequest(null, Object(Config\Cache), false)
 9 FCPATH\index.php(55): CodeIgniter\CodeIgniter->run()
10 SYSTEMPATH\Commands\Server\rewrite.php(43): require_once('FCPATH\\index.php')
ERROR - 2023-01-25 02:55:07 --> Column 'kode_kriteria' cannot be null
CRITICAL - 2023-01-25 03:04:15 --> Deletes are not allowed unless they contain a "where" or "like" clause.
in SYSTEMPATH\Database\BaseBuilder.php on line 2334.
 1 SYSTEMPATH\Model.php(400): CodeIgniter\Database\BaseBuilder->delete()
 2 SYSTEMPATH\BaseModel.php(963): CodeIgniter\Model->doDelete(null, false)
 3 APPPATH\Controllers\Spk.php(218): CodeIgniter\BaseModel->delete()
 4 SYSTEMPATH\CodeIgniter.php(898): App\Controllers\Spk->save_kriteria()
 5 SYSTEMPATH\CodeIgniter.php(468): CodeIgniter\CodeIgniter->runController(Object(App\Controllers\Spk))
 6 SYSTEMPATH\CodeIgniter.php(351): CodeIgniter\CodeIgniter->handleRequest(null, Object(Config\Cache), false)
 7 FCPATH\index.php(55): CodeIgniter\CodeIgniter->run()
 8 SYSTEMPATH\Commands\Server\rewrite.php(43): require_once('FCPATH\\index.php')
CRITICAL - 2023-01-25 03:33:48 --> There is no data to update.
in SYSTEMPATH\BaseModel.php on line 1576.
 1 SYSTEMPATH\BaseModel.php(1576): CodeIgniter\Database\Exceptions\DataException::forEmptyDataset('update')
 2 SYSTEMPATH\BaseModel.php(832): CodeIgniter\BaseModel->transformDataToArray(null, 'update')
 3 SYSTEMPATH\Model.php(692): CodeIgniter\BaseModel->update([...], null)
 4 APPPATH\Controllers\Spk.php(219): CodeIgniter\Model->update([...])
 5 SYSTEMPATH\CodeIgniter.php(898): App\Controllers\Spk->save_kriteria()
 6 SYSTEMPATH\CodeIgniter.php(468): CodeIgniter\CodeIgniter->runController(Object(App\Controllers\Spk))
 7 SYSTEMPATH\CodeIgniter.php(351): CodeIgniter\CodeIgniter->handleRequest(null, Object(Config\Cache), false)
 8 FCPATH\index.php(55): CodeIgniter\CodeIgniter->run()
 9 SYSTEMPATH\Commands\Server\rewrite.php(43): require_once('FCPATH\\index.php')
CRITICAL - 2023-01-25 03:34:13 --> There is no data to update.
in SYSTEMPATH\BaseModel.php on line 1576.
 1 SYSTEMPATH\BaseModel.php(1576): CodeIgniter\Database\Exceptions\DataException::forEmptyDataset('update')
 2 SYSTEMPATH\BaseModel.php(832): CodeIgniter\BaseModel->transformDataToArray(null, 'update')
 3 SYSTEMPATH\Model.php(692): CodeIgniter\BaseModel->update([...], null)
 4 APPPATH\Controllers\Spk.php(219): CodeIgniter\Model->update([...])
 5 SYSTEMPATH\CodeIgniter.php(898): App\Controllers\Spk->save_kriteria()
 6 SYSTEMPATH\CodeIgniter.php(468): CodeIgniter\CodeIgniter->runController(Object(App\Controllers\Spk))
 7 SYSTEMPATH\CodeIgniter.php(351): CodeIgniter\CodeIgniter->handleRequest(null, Object(Config\Cache), false)
 8 FCPATH\index.php(55): CodeIgniter\CodeIgniter->run()
 9 SYSTEMPATH\Commands\Server\rewrite.php(43): require_once('FCPATH\\index.php')
ERROR - 2023-01-25 03:36:18 --> Operand should contain 1 column(s)
ERROR - 2023-01-25 03:36:55 --> Operand should contain 1 column(s)
CRITICAL - 2023-01-25 03:38:53 --> There is no data to update.
in SYSTEMPATH\BaseModel.php on line 1576.
 1 SYSTEMPATH\BaseModel.php(1576): CodeIgniter\Database\Exceptions\DataException::forEmptyDataset('update')
 2 SYSTEMPATH\BaseModel.php(832): CodeIgniter\BaseModel->transformDataToArray(null, 'update')
 3 SYSTEMPATH\Model.php(692): CodeIgniter\BaseModel->update([...], null)
 4 APPPATH\Controllers\Spk.php(223): CodeIgniter\Model->update([...])
 5 SYSTEMPATH\CodeIgniter.php(898): App\Controllers\Spk->save_kriteria()
 6 SYSTEMPATH\CodeIgniter.php(468): CodeIgniter\CodeIgniter->runController(Object(App\Controllers\Spk))
 7 SYSTEMPATH\CodeIgniter.php(351): CodeIgniter\CodeIgniter->handleRequest(null, Object(Config\Cache), false)
 8 FCPATH\index.php(55): CodeIgniter\CodeIgniter->run()
 9 SYSTEMPATH\Commands\Server\rewrite.php(43): require_once('FCPATH\\index.php')
CRITICAL - 2023-01-25 03:40:38 --> There is no data to update.
in SYSTEMPATH\BaseModel.php on line 1576.
 1 SYSTEMPATH\BaseModel.php(1576): CodeIgniter\Database\Exceptions\DataException::forEmptyDataset('update')
 2 SYSTEMPATH\BaseModel.php(832): CodeIgniter\BaseModel->transformDataToArray(null, 'update')
 3 SYSTEMPATH\Model.php(692): CodeIgniter\BaseModel->update([...], null)
 4 APPPATH\Controllers\Spk.php(223): CodeIgniter\Model->update([...])
 5 SYSTEMPATH\CodeIgniter.php(898): App\Controllers\Spk->save_kriteria()
 6 SYSTEMPATH\CodeIgniter.php(468): CodeIgniter\CodeIgniter->runController(Object(App\Controllers\Spk))
 7 SYSTEMPATH\CodeIgniter.php(351): CodeIgniter\CodeIgniter->handleRequest(null, Object(Config\Cache), false)
 8 FCPATH\index.php(55): CodeIgniter\CodeIgniter->run()
 9 SYSTEMPATH\Commands\Server\rewrite.php(43): require_once('FCPATH\\index.php')
ERROR - 2023-01-25 03:41:00 --> Operand should contain 1 column(s)
CRITICAL - 2023-01-25 05:35:55 --> Undefined variable $builder
in APPPATH\Controllers\Spk.php on line 226.
 1 APPPATH\Controllers\Spk.php(226): CodeIgniter\Debug\Exceptions->errorHandler(2, 'Undefined variable $builder', 'APPPATH\\Controllers\\Spk.php', 226)
 2 SYSTEMPATH\CodeIgniter.php(898): App\Controllers\Spk->save_kriteria()
 3 SYSTEMPATH\CodeIgniter.php(468): CodeIgniter\CodeIgniter->runController(Object(App\Controllers\Spk))
 4 SYSTEMPATH\CodeIgniter.php(351): CodeIgniter\CodeIgniter->handleRequest(null, Object(Config\Cache), false)
 5 FCPATH\index.php(55): CodeIgniter\CodeIgniter->run()
 6 SYSTEMPATH\Commands\Server\rewrite.php(43): require_once('FCPATH\\index.php')
CRITICAL - 2023-01-25 05:36:37 --> Undefined variable $data
in APPPATH\Controllers\Spk.php on line 220.
 1 APPPATH\Controllers\Spk.php(220): CodeIgniter\Debug\Exceptions->errorHandler(2, 'Undefined variable $data', 'APPPATH\\Controllers\\Spk.php', 220)
 2 SYSTEMPATH\CodeIgniter.php(898): App\Controllers\Spk->save_kriteria()
 3 SYSTEMPATH\CodeIgniter.php(468): CodeIgniter\CodeIgniter->runController(Object(App\Controllers\Spk))
 4 SYSTEMPATH\CodeIgniter.php(351): CodeIgniter\CodeIgniter->handleRequest(null, Object(Config\Cache), false)
 5 FCPATH\index.php(55): CodeIgniter\CodeIgniter->run()
 6 SYSTEMPATH\Commands\Server\rewrite.php(43): require_once('FCPATH\\index.php')
