ERROR - 2023-01-26 09:31:29 --> Error connecting to the database: No connection could be made because the target machine actively refused it
CRITICAL - 2023-01-26 09:31:29 --> Unable to connect to the database.
Main connection [MySQLi]: No connection could be made because the target machine actively refused it
in SYSTEMPATH\Database\BaseConnection.php on line 415.
 1 SYSTEMPATH\Database\BaseConnection.php(585): CodeIgniter\Database\BaseConnection->initialize()
 2 SYSTEMPATH\Database\BaseBuilder.php(1585): CodeIgniter\Database\BaseConnection->query('SELECT *
FROM `alternatif`', [], false)
 3 SYSTEMPATH\Model.php(222): CodeIgniter\Database\BaseBuilder->get()
 4 SYSTEMPATH\BaseModel.php(584): CodeIgniter\Model->doFindAll(0, 0)
 5 APPPATH\Models\AlternatifModel.php(17): CodeIgniter\BaseModel->findAll()
 6 APPPATH\Controllers\Spk.php(308): App\Models\AlternatifModel->getData()
 7 SYSTEMPATH\CodeIgniter.php(898): App\Controllers\Spk->penilaian()
 8 SYSTEMPATH\CodeIgniter.php(468): CodeIgniter\CodeIgniter->runController(Object(App\Controllers\Spk))
 9 SYSTEMPATH\CodeIgniter.php(351): CodeIgniter\CodeIgniter->handleRequest(null, Object(Config\Cache), false)
10 FCPATH\index.php(55): CodeIgniter\CodeIgniter->run()
11 SYSTEMPATH\Commands\Server\rewrite.php(43): require_once('FCPATH\\index.php')
CRITICAL - 2023-01-26 09:32:02 --> Trying to access array offset on value of type null
in APPPATH\Views\Kriteria\edit_kriteria.php on line 13.
 1 APPPATH\Views\Kriteria\edit_kriteria.php(13): CodeIgniter\Debug\Exceptions->errorHandler(2, 'Trying to access array offset on value of type null', 'APPPATH\\Views\\Kriteria\\edit_kriteria.php', 13)
 2 SYSTEMPATH\View\View.php(213): include('APPPATH\\Views\\Kriteria\\edit_kriteria.php')
 3 SYSTEMPATH\View\View.php(216): CodeIgniter\View\View->CodeIgniter\View\{closure}()
 4 SYSTEMPATH\Common.php(1135): CodeIgniter\View\View->render('/kriteria/edit_kriteria', [], true)
 5 APPPATH\Controllers\Spk.php(241): view('/kriteria/edit_kriteria', [...])
 6 SYSTEMPATH\CodeIgniter.php(898): App\Controllers\Spk->edit_kriteria('C1')
 7 SYSTEMPATH\CodeIgniter.php(468): CodeIgniter\CodeIgniter->runController(Object(App\Controllers\Spk))
 8 SYSTEMPATH\CodeIgniter.php(351): CodeIgniter\CodeIgniter->handleRequest(null, Object(Config\Cache), false)
 9 FCPATH\index.php(55): CodeIgniter\CodeIgniter->run()
10 SYSTEMPATH\Commands\Server\rewrite.php(43): require_once('FCPATH\\index.php')
CRITICAL - 2023-01-26 09:32:12 --> Trying to access array offset on value of type null
in APPPATH\Views\Kriteria\edit_kriteria.php on line 13.
 1 APPPATH\Views\Kriteria\edit_kriteria.php(13): CodeIgniter\Debug\Exceptions->errorHandler(2, 'Trying to access array offset on value of type null', 'APPPATH\\Views\\Kriteria\\edit_kriteria.php', 13)
 2 SYSTEMPATH\View\View.php(213): include('APPPATH\\Views\\Kriteria\\edit_kriteria.php')
 3 SYSTEMPATH\View\View.php(216): CodeIgniter\View\View->CodeIgniter\View\{closure}()
 4 SYSTEMPATH\Common.php(1135): CodeIgniter\View\View->render('/kriteria/edit_kriteria', [], true)
 5 APPPATH\Controllers\Spk.php(241): view('/kriteria/edit_kriteria', [...])
 6 SYSTEMPATH\CodeIgniter.php(898): App\Controllers\Spk->edit_kriteria('C1')
 7 SYSTEMPATH\CodeIgniter.php(468): CodeIgniter\CodeIgniter->runController(Object(App\Controllers\Spk))
 8 SYSTEMPATH\CodeIgniter.php(351): CodeIgniter\CodeIgniter->handleRequest(null, Object(Config\Cache), false)
 9 FCPATH\index.php(55): CodeIgniter\CodeIgniter->run()
10 SYSTEMPATH\Commands\Server\rewrite.php(43): require_once('FCPATH\\index.php')
CRITICAL - 2023-01-26 09:32:23 --> Trying to access array offset on value of type null
in APPPATH\Views\Kriteria\edit_kriteria.php on line 13.
 1 APPPATH\Views\Kriteria\edit_kriteria.php(13): CodeIgniter\Debug\Exceptions->errorHandler(2, 'Trying to access array offset on value of type null', 'APPPATH\\Views\\Kriteria\\edit_kriteria.php', 13)
 2 SYSTEMPATH\View\View.php(213): include('APPPATH\\Views\\Kriteria\\edit_kriteria.php')
 3 SYSTEMPATH\View\View.php(216): CodeIgniter\View\View->CodeIgniter\View\{closure}()
 4 SYSTEMPATH\Common.php(1135): CodeIgniter\View\View->render('/kriteria/edit_kriteria', [], true)
 5 APPPATH\Controllers\Spk.php(241): view('/kriteria/edit_kriteria', [...])
 6 SYSTEMPATH\CodeIgniter.php(898): App\Controllers\Spk->edit_kriteria('C1')
 7 SYSTEMPATH\CodeIgniter.php(468): CodeIgniter\CodeIgniter->runController(Object(App\Controllers\Spk))
 8 SYSTEMPATH\CodeIgniter.php(351): CodeIgniter\CodeIgniter->handleRequest(null, Object(Config\Cache), false)
 9 FCPATH\index.php(55): CodeIgniter\CodeIgniter->run()
10 SYSTEMPATH\Commands\Server\rewrite.php(43): require_once('FCPATH\\index.php')
CRITICAL - 2023-01-26 11:17:27 --> Trying to access array offset on value of type null
in APPPATH\Views\Kriteria\edit_kriteria.php on line 13.
 1 APPPATH\Views\Kriteria\edit_kriteria.php(13): CodeIgniter\Debug\Exceptions->errorHandler(2, 'Trying to access array offset on value of type null', 'APPPATH\\Views\\Kriteria\\edit_kriteria.php', 13)
 2 SYSTEMPATH\View\View.php(213): include('APPPATH\\Views\\Kriteria\\edit_kriteria.php')
 3 SYSTEMPATH\View\View.php(216): CodeIgniter\View\View->CodeIgniter\View\{closure}()
 4 SYSTEMPATH\Common.php(1135): CodeIgniter\View\View->render('/kriteria/edit_kriteria', [], true)
 5 APPPATH\Controllers\Spk.php(257): view('/kriteria/edit_kriteria', [...])
 6 SYSTEMPATH\CodeIgniter.php(898): App\Controllers\Spk->edit_kriteria('C2')
 7 SYSTEMPATH\CodeIgniter.php(468): CodeIgniter\CodeIgniter->runController(Object(App\Controllers\Spk))
 8 SYSTEMPATH\CodeIgniter.php(351): CodeIgniter\CodeIgniter->handleRequest(null, Object(Config\Cache), false)
 9 FCPATH\index.php(55): CodeIgniter\CodeIgniter->run()
10 SYSTEMPATH\Commands\Server\rewrite.php(43): require_once('FCPATH\\index.php')
CRITICAL - 2023-01-26 11:29:27 --> Undefined array key "id_kriteria"
in APPPATH\Views\Kriteria\ubah_kriteria.php on line 28.
 1 APPPATH\Views\Kriteria\ubah_kriteria.php(28): CodeIgniter\Debug\Exceptions->errorHandler(2, 'Undefined array key "id_kriteria"', 'APPPATH\\Views\\Kriteria\\ubah_kriteria.php', 28)
 2 SYSTEMPATH\View\View.php(213): include('APPPATH\\Views\\Kriteria\\ubah_kriteria.php')
 3 SYSTEMPATH\View\View.php(216): CodeIgniter\View\View->CodeIgniter\View\{closure}()
 4 SYSTEMPATH\Common.php(1135): CodeIgniter\View\View->render('kriteria/ubah_kriteria', [], true)
 5 APPPATH\Controllers\Spk.php(200): view('kriteria/ubah_kriteria', [...])
 6 SYSTEMPATH\CodeIgniter.php(898): App\Controllers\Spk->ubah_kriteria()
 7 SYSTEMPATH\CodeIgniter.php(468): CodeIgniter\CodeIgniter->runController(Object(App\Controllers\Spk))
 8 SYSTEMPATH\CodeIgniter.php(351): CodeIgniter\CodeIgniter->handleRequest(null, Object(Config\Cache), false)
 9 FCPATH\index.php(55): CodeIgniter\CodeIgniter->run()
10 SYSTEMPATH\Commands\Server\rewrite.php(43): require_once('FCPATH\\index.php')
CRITICAL - 2023-01-26 12:18:40 --> Undefined array key "id_kriteria"
in APPPATH\Views\Kriteria\ubah_kriteria.php on line 28.
 1 APPPATH\Views\Kriteria\ubah_kriteria.php(28): CodeIgniter\Debug\Exceptions->errorHandler(2, 'Undefined array key "id_kriteria"', 'APPPATH\\Views\\Kriteria\\ubah_kriteria.php', 28)
 2 SYSTEMPATH\View\View.php(213): include('APPPATH\\Views\\Kriteria\\ubah_kriteria.php')
 3 SYSTEMPATH\View\View.php(216): CodeIgniter\View\View->CodeIgniter\View\{closure}()
 4 SYSTEMPATH\Common.php(1135): CodeIgniter\View\View->render('kriteria/ubah_kriteria', [], true)
 5 APPPATH\Controllers\Spk.php(200): view('kriteria/ubah_kriteria', [...])
 6 SYSTEMPATH\CodeIgniter.php(898): App\Controllers\Spk->ubah_kriteria()
 7 SYSTEMPATH\CodeIgniter.php(468): CodeIgniter\CodeIgniter->runController(Object(App\Controllers\Spk))
 8 SYSTEMPATH\CodeIgniter.php(351): CodeIgniter\CodeIgniter->handleRequest(null, Object(Config\Cache), false)
 9 FCPATH\index.php(55): CodeIgniter\CodeIgniter->run()
10 SYSTEMPATH\Commands\Server\rewrite.php(43): require_once('FCPATH\\index.php')
CRITICAL - 2023-01-26 12:18:46 --> Undefined array key "id_kriteria"
in APPPATH\Views\Kriteria\ubah_kriteria.php on line 28.
 1 APPPATH\Views\Kriteria\ubah_kriteria.php(28): CodeIgniter\Debug\Exceptions->errorHandler(2, 'Undefined array key "id_kriteria"', 'APPPATH\\Views\\Kriteria\\ubah_kriteria.php', 28)
 2 SYSTEMPATH\View\View.php(213): include('APPPATH\\Views\\Kriteria\\ubah_kriteria.php')
 3 SYSTEMPATH\View\View.php(216): CodeIgniter\View\View->CodeIgniter\View\{closure}()
 4 SYSTEMPATH\Common.php(1135): CodeIgniter\View\View->render('kriteria/ubah_kriteria', [], true)
 5 APPPATH\Controllers\Spk.php(200): view('kriteria/ubah_kriteria', [...])
 6 SYSTEMPATH\CodeIgniter.php(898): App\Controllers\Spk->ubah_kriteria()
 7 SYSTEMPATH\CodeIgniter.php(468): CodeIgniter\CodeIgniter->runController(Object(App\Controllers\Spk))
 8 SYSTEMPATH\CodeIgniter.php(351): CodeIgniter\CodeIgniter->handleRequest(null, Object(Config\Cache), false)
 9 FCPATH\index.php(55): CodeIgniter\CodeIgniter->run()
10 SYSTEMPATH\Commands\Server\rewrite.php(43): require_once('FCPATH\\index.php')
CRITICAL - 2023-01-26 12:19:17 --> Undefined array key "nama_kriteria"
in APPPATH\Views\Kriteria\ubah_kriteria.php on line 31.
 1 APPPATH\Views\Kriteria\ubah_kriteria.php(31): CodeIgniter\Debug\Exceptions->errorHandler(2, 'Undefined array key "nama_kriteria"', 'APPPATH\\Views\\Kriteria\\ubah_kriteria.php', 31)
 2 SYSTEMPATH\View\View.php(213): include('APPPATH\\Views\\Kriteria\\ubah_kriteria.php')
 3 SYSTEMPATH\View\View.php(216): CodeIgniter\View\View->CodeIgniter\View\{closure}()
 4 SYSTEMPATH\Common.php(1135): CodeIgniter\View\View->render('kriteria/ubah_kriteria', [], true)
 5 APPPATH\Controllers\Spk.php(200): view('kriteria/ubah_kriteria', [...])
 6 SYSTEMPATH\CodeIgniter.php(898): App\Controllers\Spk->ubah_kriteria()
 7 SYSTEMPATH\CodeIgniter.php(468): CodeIgniter\CodeIgniter->runController(Object(App\Controllers\Spk))
 8 SYSTEMPATH\CodeIgniter.php(351): CodeIgniter\CodeIgniter->handleRequest(null, Object(Config\Cache), false)
 9 FCPATH\index.php(55): CodeIgniter\CodeIgniter->run()
10 SYSTEMPATH\Commands\Server\rewrite.php(43): require_once('FCPATH\\index.php')
CRITICAL - 2023-01-26 12:19:19 --> Undefined array key "nama_kriteria"
in APPPATH\Views\Kriteria\ubah_kriteria.php on line 31.
 1 APPPATH\Views\Kriteria\ubah_kriteria.php(31): CodeIgniter\Debug\Exceptions->errorHandler(2, 'Undefined array key "nama_kriteria"', 'APPPATH\\Views\\Kriteria\\ubah_kriteria.php', 31)
 2 SYSTEMPATH\View\View.php(213): include('APPPATH\\Views\\Kriteria\\ubah_kriteria.php')
 3 SYSTEMPATH\View\View.php(216): CodeIgniter\View\View->CodeIgniter\View\{closure}()
 4 SYSTEMPATH\Common.php(1135): CodeIgniter\View\View->render('kriteria/ubah_kriteria', [], true)
 5 APPPATH\Controllers\Spk.php(200): view('kriteria/ubah_kriteria', [...])
 6 SYSTEMPATH\CodeIgniter.php(898): App\Controllers\Spk->ubah_kriteria()
 7 SYSTEMPATH\CodeIgniter.php(468): CodeIgniter\CodeIgniter->runController(Object(App\Controllers\Spk))
 8 SYSTEMPATH\CodeIgniter.php(351): CodeIgniter\CodeIgniter->handleRequest(null, Object(Config\Cache), false)
 9 FCPATH\index.php(55): CodeIgniter\CodeIgniter->run()
10 SYSTEMPATH\Commands\Server\rewrite.php(43): require_once('FCPATH\\index.php')
CRITICAL - 2023-01-26 12:22:20 --> Undefined array key "id_kriteria"
in APPPATH\Views\Kriteria\ubah_kriteria.php on line 28.
 1 APPPATH\Views\Kriteria\ubah_kriteria.php(28): CodeIgniter\Debug\Exceptions->errorHandler(2, 'Undefined array key "id_kriteria"', 'APPPATH\\Views\\Kriteria\\ubah_kriteria.php', 28)
 2 SYSTEMPATH\View\View.php(213): include('APPPATH\\Views\\Kriteria\\ubah_kriteria.php')
 3 SYSTEMPATH\View\View.php(216): CodeIgniter\View\View->CodeIgniter\View\{closure}()
 4 SYSTEMPATH\Common.php(1135): CodeIgniter\View\View->render('kriteria/ubah_kriteria', [], true)
 5 APPPATH\Controllers\Spk.php(200): view('kriteria/ubah_kriteria', [...])
 6 SYSTEMPATH\CodeIgniter.php(898): App\Controllers\Spk->ubah_kriteria()
 7 SYSTEMPATH\CodeIgniter.php(468): CodeIgniter\CodeIgniter->runController(Object(App\Controllers\Spk))
 8 SYSTEMPATH\CodeIgniter.php(351): CodeIgniter\CodeIgniter->handleRequest(null, Object(Config\Cache), false)
 9 FCPATH\index.php(55): CodeIgniter\CodeIgniter->run()
10 SYSTEMPATH\Commands\Server\rewrite.php(43): require_once('FCPATH\\index.php')
CRITICAL - 2023-01-26 12:22:23 --> Undefined array key "id_kriteria"
in APPPATH\Views\Kriteria\ubah_kriteria.php on line 28.
 1 APPPATH\Views\Kriteria\ubah_kriteria.php(28): CodeIgniter\Debug\Exceptions->errorHandler(2, 'Undefined array key "id_kriteria"', 'APPPATH\\Views\\Kriteria\\ubah_kriteria.php', 28)
 2 SYSTEMPATH\View\View.php(213): include('APPPATH\\Views\\Kriteria\\ubah_kriteria.php')
 3 SYSTEMPATH\View\View.php(216): CodeIgniter\View\View->CodeIgniter\View\{closure}()
 4 SYSTEMPATH\Common.php(1135): CodeIgniter\View\View->render('kriteria/ubah_kriteria', [], true)
 5 APPPATH\Controllers\Spk.php(200): view('kriteria/ubah_kriteria', [...])
 6 SYSTEMPATH\CodeIgniter.php(898): App\Controllers\Spk->ubah_kriteria()
 7 SYSTEMPATH\CodeIgniter.php(468): CodeIgniter\CodeIgniter->runController(Object(App\Controllers\Spk))
 8 SYSTEMPATH\CodeIgniter.php(351): CodeIgniter\CodeIgniter->handleRequest(null, Object(Config\Cache), false)
 9 FCPATH\index.php(55): CodeIgniter\CodeIgniter->run()
10 SYSTEMPATH\Commands\Server\rewrite.php(43): require_once('FCPATH\\index.php')
CRITICAL - 2023-01-26 12:23:05 --> Undefined array key "id_kriteria"
in APPPATH\Views\Kriteria\ubah_kriteria.php on line 28.
 1 APPPATH\Views\Kriteria\ubah_kriteria.php(28): CodeIgniter\Debug\Exceptions->errorHandler(2, 'Undefined array key "id_kriteria"', 'APPPATH\\Views\\Kriteria\\ubah_kriteria.php', 28)
 2 SYSTEMPATH\View\View.php(213): include('APPPATH\\Views\\Kriteria\\ubah_kriteria.php')
 3 SYSTEMPATH\View\View.php(216): CodeIgniter\View\View->CodeIgniter\View\{closure}()
 4 SYSTEMPATH\Common.php(1135): CodeIgniter\View\View->render('kriteria/ubah_kriteria', [], true)
 5 APPPATH\Controllers\Spk.php(200): view('kriteria/ubah_kriteria', [...])
 6 SYSTEMPATH\CodeIgniter.php(898): App\Controllers\Spk->ubah_kriteria()
 7 SYSTEMPATH\CodeIgniter.php(468): CodeIgniter\CodeIgniter->runController(Object(App\Controllers\Spk))
 8 SYSTEMPATH\CodeIgniter.php(351): CodeIgniter\CodeIgniter->handleRequest(null, Object(Config\Cache), false)
 9 FCPATH\index.php(55): CodeIgniter\CodeIgniter->run()
10 SYSTEMPATH\Commands\Server\rewrite.php(43): require_once('FCPATH\\index.php')
CRITICAL - 2023-01-26 12:24:23 --> Undefined array key "slug"
in APPPATH\Views\Kriteria\ubah_kriteria.php on line 29.
 1 APPPATH\Views\Kriteria\ubah_kriteria.php(29): CodeIgniter\Debug\Exceptions->errorHandler(2, 'Undefined array key "slug"', 'APPPATH\\Views\\Kriteria\\ubah_kriteria.php', 29)
 2 SYSTEMPATH\View\View.php(213): include('APPPATH\\Views\\Kriteria\\ubah_kriteria.php')
 3 SYSTEMPATH\View\View.php(216): CodeIgniter\View\View->CodeIgniter\View\{closure}()
 4 SYSTEMPATH\Common.php(1135): CodeIgniter\View\View->render('kriteria/ubah_kriteria', [], true)
 5 APPPATH\Controllers\Spk.php(200): view('kriteria/ubah_kriteria', [...])
 6 SYSTEMPATH\CodeIgniter.php(898): App\Controllers\Spk->ubah_kriteria()
 7 SYSTEMPATH\CodeIgniter.php(468): CodeIgniter\CodeIgniter->runController(Object(App\Controllers\Spk))
 8 SYSTEMPATH\CodeIgniter.php(351): CodeIgniter\CodeIgniter->handleRequest(null, Object(Config\Cache), false)
 9 FCPATH\index.php(55): CodeIgniter\CodeIgniter->run()
10 SYSTEMPATH\Commands\Server\rewrite.php(43): require_once('FCPATH\\index.php')
CRITICAL - 2023-01-26 12:24:31 --> Undefined array key "kode_kriteria"
in APPPATH\Views\Kriteria\ubah_kriteria.php on line 29.
 1 APPPATH\Views\Kriteria\ubah_kriteria.php(29): CodeIgniter\Debug\Exceptions->errorHandler(2, 'Undefined array key "kode_kriteria"', 'APPPATH\\Views\\Kriteria\\ubah_kriteria.php', 29)
 2 SYSTEMPATH\View\View.php(213): include('APPPATH\\Views\\Kriteria\\ubah_kriteria.php')
 3 SYSTEMPATH\View\View.php(216): CodeIgniter\View\View->CodeIgniter\View\{closure}()
 4 SYSTEMPATH\Common.php(1135): CodeIgniter\View\View->render('kriteria/ubah_kriteria', [], true)
 5 APPPATH\Controllers\Spk.php(200): view('kriteria/ubah_kriteria', [...])
 6 SYSTEMPATH\CodeIgniter.php(898): App\Controllers\Spk->ubah_kriteria()
 7 SYSTEMPATH\CodeIgniter.php(468): CodeIgniter\CodeIgniter->runController(Object(App\Controllers\Spk))
 8 SYSTEMPATH\CodeIgniter.php(351): CodeIgniter\CodeIgniter->handleRequest(null, Object(Config\Cache), false)
 9 FCPATH\index.php(55): CodeIgniter\CodeIgniter->run()
10 SYSTEMPATH\Commands\Server\rewrite.php(43): require_once('FCPATH\\index.php')
