CRITICAL - 2022-06-24 11:59:01 --> syntax error, unexpected token ";", expecting "]"
in APPPATH\Controllers\Spk.php on line 178.
 1 SYSTEMPATH\Autoloader\Autoloader.php(261): CodeIgniter\Autoloader\Autoloader->includeFile('APPPATH\\Controllers\\Spk.php')
 2 SYSTEMPATH\Autoloader\Autoloader.php(239): CodeIgniter\Autoloader\Autoloader->loadInNamespace('App\\Controllers\\Spk')
 3 [internal function]: CodeIgniter\Autoloader\Autoloader->loadClass('App\\Controllers\\Spk')
 4 SYSTEMPATH\CodeIgniter.php(848): class_exists('\\App\\Controllers\\Spk', true)
 5 SYSTEMPATH\CodeIgniter.php(455): CodeIgniter\CodeIgniter->startController()
 6 SYSTEMPATH\CodeIgniter.php(351): CodeIgniter\CodeIgniter->handleRequest(null, Object(Config\Cache), false)
 7 FCPATH\index.php(55): CodeIgniter\CodeIgniter->run()
 8 SYSTEMPATH\Commands\Server\rewrite.php(43): require_once('FCPATH\\index.php')
CRITICAL - 2022-06-24 11:59:36 --> Undefined variable $builder
in APPPATH\Models\PenilaianModel.php on line 30.
 1 APPPATH\Models\PenilaianModel.php(30): CodeIgniter\Debug\Exceptions->errorHandler(2, 'Undefined variable $builder', 'APPPATH\\Models\\PenilaianModel.php', 30)
 2 APPPATH\Controllers\Spk.php(178): App\Models\PenilaianModel->getAll()
 3 SYSTEMPATH\CodeIgniter.php(898): App\Controllers\Spk->penilaian()
 4 SYSTEMPATH\CodeIgniter.php(468): CodeIgniter\CodeIgniter->runController(Object(App\Controllers\Spk))
 5 SYSTEMPATH\CodeIgniter.php(351): CodeIgniter\CodeIgniter->handleRequest(null, Object(Config\Cache), false)
 6 FCPATH\index.php(55): CodeIgniter\CodeIgniter->run()
 7 SYSTEMPATH\Commands\Server\rewrite.php(43): require_once('FCPATH\\index.php')
CRITICAL - 2022-06-24 12:23:19 --> syntax error, unexpected end of file
in APPPATH\Views\Penilaian\penilaian.php on line 43.
 1 SYSTEMPATH\View\View.php(216): CodeIgniter\View\View->CodeIgniter\View\{closure}()
 2 SYSTEMPATH\Common.php(1135): CodeIgniter\View\View->render('penilaian/penilaian', [], true)
 3 APPPATH\Controllers\Spk.php(183): view('penilaian/penilaian', [...])
 4 SYSTEMPATH\CodeIgniter.php(898): App\Controllers\Spk->penilaian()
 5 SYSTEMPATH\CodeIgniter.php(468): CodeIgniter\CodeIgniter->runController(Object(App\Controllers\Spk))
 6 SYSTEMPATH\CodeIgniter.php(351): CodeIgniter\CodeIgniter->handleRequest(null, Object(Config\Cache), false)
 7 FCPATH\index.php(55): CodeIgniter\CodeIgniter->run()
 8 SYSTEMPATH\Commands\Server\rewrite.php(43): require_once('FCPATH\\index.php')
CRITICAL - 2022-06-24 12:23:45 --> Cannot use object of type stdClass as array
in APPPATH\Views\Penilaian\penilaian.php on line 28.
 1 SYSTEMPATH\View\View.php(213): include()
 2 SYSTEMPATH\View\View.php(216): CodeIgniter\View\View->CodeIgniter\View\{closure}()
 3 SYSTEMPATH\Common.php(1135): CodeIgniter\View\View->render('penilaian/penilaian', [], true)
 4 APPPATH\Controllers\Spk.php(183): view('penilaian/penilaian', [...])
 5 SYSTEMPATH\CodeIgniter.php(898): App\Controllers\Spk->penilaian()
 6 SYSTEMPATH\CodeIgniter.php(468): CodeIgniter\CodeIgniter->runController(Object(App\Controllers\Spk))
 7 SYSTEMPATH\CodeIgniter.php(351): CodeIgniter\CodeIgniter->handleRequest(null, Object(Config\Cache), false)
 8 FCPATH\index.php(55): CodeIgniter\CodeIgniter->run()
 9 SYSTEMPATH\Commands\Server\rewrite.php(43): require_once('FCPATH\\index.php')
CRITICAL - 2022-06-24 13:37:23 --> Call to undefined method App\Models\PenilaianModel::getText
in SYSTEMPATH\Model.php on line 773.
 1 APPPATH\Controllers\Spk.php(193): CodeIgniter\Model->__call('getText', [...])
 2 SYSTEMPATH\CodeIgniter.php(898): App\Controllers\Spk->input_penilaian('A1')
 3 SYSTEMPATH\CodeIgniter.php(468): CodeIgniter\CodeIgniter->runController(Object(App\Controllers\Spk))
 4 SYSTEMPATH\CodeIgniter.php(351): CodeIgniter\CodeIgniter->handleRequest(null, Object(Config\Cache), false)
 5 FCPATH\index.php(55): CodeIgniter\CodeIgniter->run()
 6 SYSTEMPATH\Commands\Server\rewrite.php(43): require_once('FCPATH\\index.php')
CRITICAL - 2022-06-24 13:46:42 --> Trying to access array offset on value of type null
in APPPATH\Views\Alternatif\edit_alternatif.php on line 9.
 1 APPPATH\Views\Alternatif\edit_alternatif.php(9): CodeIgniter\Debug\Exceptions->errorHandler(2, 'Trying to access array offset on value of type null', 'APPPATH\\Views\\Alternatif\\edit_alternatif.php', 9)
 2 SYSTEMPATH\View\View.php(213): include('APPPATH\\Views\\Alternatif\\edit_alternatif.php')
 3 SYSTEMPATH\View\View.php(216): CodeIgniter\View\View->CodeIgniter\View\{closure}()
 4 SYSTEMPATH\Common.php(1135): CodeIgniter\View\View->render('/alternatif/edit_alternatif', [], true)
 5 APPPATH\Controllers\Spk.php(77): view('/alternatif/edit_alternatif', [...])
 6 SYSTEMPATH\CodeIgniter.php(898): App\Controllers\Spk->edit_alternatif('alternatif')
 7 SYSTEMPATH\CodeIgniter.php(468): CodeIgniter\CodeIgniter->runController(Object(App\Controllers\Spk))
 8 SYSTEMPATH\CodeIgniter.php(351): CodeIgniter\CodeIgniter->handleRequest(null, Object(Config\Cache), false)
 9 FCPATH\index.php(55): CodeIgniter\CodeIgniter->run()
10 SYSTEMPATH\Commands\Server\rewrite.php(43): require_once('FCPATH\\index.php')
CRITICAL - 2022-06-24 13:50:06 --> Undefined array key "kode"
in APPPATH\Views\Kriteria\edit_kriteria.php on line 32.
 1 APPPATH\Views\Kriteria\edit_kriteria.php(32): CodeIgniter\Debug\Exceptions->errorHandler(2, 'Undefined array key "kode"', 'APPPATH\\Views\\Kriteria\\edit_kriteria.php', 32)
 2 SYSTEMPATH\View\View.php(213): include('APPPATH\\Views\\Kriteria\\edit_kriteria.php')
 3 SYSTEMPATH\View\View.php(216): CodeIgniter\View\View->CodeIgniter\View\{closure}()
 4 SYSTEMPATH\Common.php(1135): CodeIgniter\View\View->render('/kriteria/edit_kriteria', [], true)
 5 APPPATH\Controllers\Spk.php(147): view('/kriteria/edit_kriteria', [...])
 6 SYSTEMPATH\CodeIgniter.php(898): App\Controllers\Spk->edit_kriteria('C2')
 7 SYSTEMPATH\CodeIgniter.php(468): CodeIgniter\CodeIgniter->runController(Object(App\Controllers\Spk))
 8 SYSTEMPATH\CodeIgniter.php(351): CodeIgniter\CodeIgniter->handleRequest(null, Object(Config\Cache), false)
 9 FCPATH\index.php(55): CodeIgniter\CodeIgniter->run()
10 SYSTEMPATH\Commands\Server\rewrite.php(43): require_once('FCPATH\\index.php')
CRITICAL - 2022-06-24 14:08:32 --> Undefined variable $alternatif
in APPPATH\Views\Penilaian\input_penilaian.php on line 15.
 1 APPPATH\Views\Penilaian\input_penilaian.php(15): CodeIgniter\Debug\Exceptions->errorHandler(2, 'Undefined variable $alternatif', 'APPPATH\\Views\\Penilaian\\input_penilaian.php', 15)
 2 SYSTEMPATH\View\View.php(213): include('APPPATH\\Views\\Penilaian\\input_penilaian.php')
 3 SYSTEMPATH\View\View.php(216): CodeIgniter\View\View->CodeIgniter\View\{closure}()
 4 SYSTEMPATH\Common.php(1135): CodeIgniter\View\View->render('penilaian/input_penilaian', [], true)
 5 APPPATH\Controllers\Spk.php(197): view('penilaian/input_penilaian', [...])
 6 SYSTEMPATH\CodeIgniter.php(898): App\Controllers\Spk->input_penilaian('A2')
 7 SYSTEMPATH\CodeIgniter.php(468): CodeIgniter\CodeIgniter->runController(Object(App\Controllers\Spk))
 8 SYSTEMPATH\CodeIgniter.php(351): CodeIgniter\CodeIgniter->handleRequest(null, Object(Config\Cache), false)
 9 FCPATH\index.php(55): CodeIgniter\CodeIgniter->run()
10 SYSTEMPATH\Commands\Server\rewrite.php(43): require_once('FCPATH\\index.php')
CRITICAL - 2022-06-24 14:08:47 --> Undefined array key "kode_alternatif"
in APPPATH\Views\Penilaian\input_penilaian.php on line 15.
 1 APPPATH\Views\Penilaian\input_penilaian.php(15): CodeIgniter\Debug\Exceptions->errorHandler(2, 'Undefined array key "kode_alternatif"', 'APPPATH\\Views\\Penilaian\\input_penilaian.php', 15)
 2 SYSTEMPATH\View\View.php(213): include('APPPATH\\Views\\Penilaian\\input_penilaian.php')
 3 SYSTEMPATH\View\View.php(216): CodeIgniter\View\View->CodeIgniter\View\{closure}()
 4 SYSTEMPATH\Common.php(1135): CodeIgniter\View\View->render('penilaian/input_penilaian', [], true)
 5 APPPATH\Controllers\Spk.php(198): view('penilaian/input_penilaian', [...])
 6 SYSTEMPATH\CodeIgniter.php(898): App\Controllers\Spk->input_penilaian('A2')
 7 SYSTEMPATH\CodeIgniter.php(468): CodeIgniter\CodeIgniter->runController(Object(App\Controllers\Spk))
 8 SYSTEMPATH\CodeIgniter.php(351): CodeIgniter\CodeIgniter->handleRequest(null, Object(Config\Cache), false)
 9 FCPATH\index.php(55): CodeIgniter\CodeIgniter->run()
10 SYSTEMPATH\Commands\Server\rewrite.php(43): require_once('FCPATH\\index.php')
CRITICAL - 2022-06-24 14:10:08 --> Undefined array key "bobot"
in APPPATH\Views\Penilaian\input_penilaian.php on line 32.
 1 APPPATH\Views\Penilaian\input_penilaian.php(32): CodeIgniter\Debug\Exceptions->errorHandler(2, 'Undefined array key "bobot"', 'APPPATH\\Views\\Penilaian\\input_penilaian.php', 32)
 2 SYSTEMPATH\View\View.php(213): include('APPPATH\\Views\\Penilaian\\input_penilaian.php')
 3 SYSTEMPATH\View\View.php(216): CodeIgniter\View\View->CodeIgniter\View\{closure}()
 4 SYSTEMPATH\Common.php(1135): CodeIgniter\View\View->render('penilaian/input_penilaian', [], true)
 5 APPPATH\Controllers\Spk.php(198): view('penilaian/input_penilaian', [...])
 6 SYSTEMPATH\CodeIgniter.php(898): App\Controllers\Spk->input_penilaian('A2')
 7 SYSTEMPATH\CodeIgniter.php(468): CodeIgniter\CodeIgniter->runController(Object(App\Controllers\Spk))
 8 SYSTEMPATH\CodeIgniter.php(351): CodeIgniter\CodeIgniter->handleRequest(null, Object(Config\Cache), false)
 9 FCPATH\index.php(55): CodeIgniter\CodeIgniter->run()
10 SYSTEMPATH\Commands\Server\rewrite.php(43): require_once('FCPATH\\index.php')
CRITICAL - 2022-06-24 14:28:16 --> foreach() argument must be of type array|object, null given
in APPPATH\Views\Penilaian\input_penilaian.php on line 23.
 1 APPPATH\Views\Penilaian\input_penilaian.php(23): CodeIgniter\Debug\Exceptions->errorHandler(2, 'foreach() argument must be of type array|object, null given', 'APPPATH\\Views\\Penilaian\\input_penilaian.php', 23)
 2 SYSTEMPATH\View\View.php(213): include('APPPATH\\Views\\Penilaian\\input_penilaian.php')
 3 SYSTEMPATH\View\View.php(216): CodeIgniter\View\View->CodeIgniter\View\{closure}()
 4 SYSTEMPATH\Common.php(1135): CodeIgniter\View\View->render('penilaian/input_penilaian', [], true)
 5 APPPATH\Controllers\Spk.php(199): view('penilaian/input_penilaian', [...])
 6 SYSTEMPATH\CodeIgniter.php(898): App\Controllers\Spk->input_penilaian('A2')
 7 SYSTEMPATH\CodeIgniter.php(468): CodeIgniter\CodeIgniter->runController(Object(App\Controllers\Spk))
 8 SYSTEMPATH\CodeIgniter.php(351): CodeIgniter\CodeIgniter->handleRequest(null, Object(Config\Cache), false)
 9 FCPATH\index.php(55): CodeIgniter\CodeIgniter->run()
10 SYSTEMPATH\Commands\Server\rewrite.php(43): require_once('FCPATH\\index.php')
CRITICAL - 2022-06-24 14:29:27 --> foreach() argument must be of type array|object, null given
in APPPATH\Views\Penilaian\input_penilaian.php on line 23.
 1 APPPATH\Views\Penilaian\input_penilaian.php(23): CodeIgniter\Debug\Exceptions->errorHandler(2, 'foreach() argument must be of type array|object, null given', 'APPPATH\\Views\\Penilaian\\input_penilaian.php', 23)
 2 SYSTEMPATH\View\View.php(213): include('APPPATH\\Views\\Penilaian\\input_penilaian.php')
 3 SYSTEMPATH\View\View.php(216): CodeIgniter\View\View->CodeIgniter\View\{closure}()
 4 SYSTEMPATH\Common.php(1135): CodeIgniter\View\View->render('penilaian/input_penilaian', [], true)
 5 APPPATH\Controllers\Spk.php(199): view('penilaian/input_penilaian', [...])
 6 SYSTEMPATH\CodeIgniter.php(898): App\Controllers\Spk->input_penilaian('A2')
 7 SYSTEMPATH\CodeIgniter.php(468): CodeIgniter\CodeIgniter->runController(Object(App\Controllers\Spk))
 8 SYSTEMPATH\CodeIgniter.php(351): CodeIgniter\CodeIgniter->handleRequest(null, Object(Config\Cache), false)
 9 FCPATH\index.php(55): CodeIgniter\CodeIgniter->run()
10 SYSTEMPATH\Commands\Server\rewrite.php(43): require_once('FCPATH\\index.php')
CRITICAL - 2022-06-24 23:08:38 --> Array to string conversion
in APPPATH\Views\Penilaian\input_penilaian.php on line 30.
 1 APPPATH\Views\Penilaian\input_penilaian.php(30): CodeIgniter\Debug\Exceptions->errorHandler(2, 'Array to string conversion', 'APPPATH\\Views\\Penilaian\\input_penilaian.php', 30)
 2 SYSTEMPATH\View\View.php(213): include('APPPATH\\Views\\Penilaian\\input_penilaian.php')
 3 SYSTEMPATH\View\View.php(216): CodeIgniter\View\View->CodeIgniter\View\{closure}()
 4 SYSTEMPATH\Common.php(1135): CodeIgniter\View\View->render('penilaian/input_penilaian', [], true)
 5 APPPATH\Controllers\Spk.php(199): view('penilaian/input_penilaian', [...])
 6 SYSTEMPATH\CodeIgniter.php(898): App\Controllers\Spk->input_penilaian('A2')
 7 SYSTEMPATH\CodeIgniter.php(468): CodeIgniter\CodeIgniter->runController(Object(App\Controllers\Spk))
 8 SYSTEMPATH\CodeIgniter.php(351): CodeIgniter\CodeIgniter->handleRequest(null, Object(Config\Cache), false)
 9 FCPATH\index.php(55): CodeIgniter\CodeIgniter->run()
10 SYSTEMPATH\Commands\Server\rewrite.php(43): require_once('FCPATH\\index.php')
CRITICAL - 2022-06-24 23:14:22 --> syntax error, unexpected token ";"
in APPPATH\Views\Penilaian\input_penilaian.php on line 29.
 1 SYSTEMPATH\View\View.php(216): CodeIgniter\View\View->CodeIgniter\View\{closure}()
 2 SYSTEMPATH\Common.php(1135): CodeIgniter\View\View->render('penilaian/input_penilaian', [], true)
 3 APPPATH\Controllers\Spk.php(199): view('penilaian/input_penilaian', [...])
 4 SYSTEMPATH\CodeIgniter.php(898): App\Controllers\Spk->input_penilaian('A2')
 5 SYSTEMPATH\CodeIgniter.php(468): CodeIgniter\CodeIgniter->runController(Object(App\Controllers\Spk))
 6 SYSTEMPATH\CodeIgniter.php(351): CodeIgniter\CodeIgniter->handleRequest(null, Object(Config\Cache), false)
 7 FCPATH\index.php(55): CodeIgniter\CodeIgniter->run()
 8 SYSTEMPATH\Commands\Server\rewrite.php(43): require_once('FCPATH\\index.php')
CRITICAL - 2022-06-24 23:14:50 --> syntax error, unexpected token ";"
in APPPATH\Views\Penilaian\input_penilaian.php on line 28.
 1 SYSTEMPATH\View\View.php(216): CodeIgniter\View\View->CodeIgniter\View\{closure}()
 2 SYSTEMPATH\Common.php(1135): CodeIgniter\View\View->render('penilaian/input_penilaian', [], true)
 3 APPPATH\Controllers\Spk.php(199): view('penilaian/input_penilaian', [...])
 4 SYSTEMPATH\CodeIgniter.php(898): App\Controllers\Spk->input_penilaian('A2')
 5 SYSTEMPATH\CodeIgniter.php(468): CodeIgniter\CodeIgniter->runController(Object(App\Controllers\Spk))
 6 SYSTEMPATH\CodeIgniter.php(351): CodeIgniter\CodeIgniter->handleRequest(null, Object(Config\Cache), false)
 7 FCPATH\index.php(55): CodeIgniter\CodeIgniter->run()
 8 SYSTEMPATH\Commands\Server\rewrite.php(43): require_once('FCPATH\\index.php')
CRITICAL - 2022-06-24 23:25:43 --> Undefined variable $m
in APPPATH\Views\Penilaian\input_penilaian.php on line 42.
 1 APPPATH\Views\Penilaian\input_penilaian.php(42): CodeIgniter\Debug\Exceptions->errorHandler(2, 'Undefined variable $m', 'APPPATH\\Views\\Penilaian\\input_penilaian.php', 42)
 2 SYSTEMPATH\View\View.php(213): include('APPPATH\\Views\\Penilaian\\input_penilaian.php')
 3 SYSTEMPATH\View\View.php(216): CodeIgniter\View\View->CodeIgniter\View\{closure}()
 4 SYSTEMPATH\Common.php(1135): CodeIgniter\View\View->render('penilaian/input_penilaian', [], true)
 5 APPPATH\Controllers\Spk.php(199): view('penilaian/input_penilaian', [...])
 6 SYSTEMPATH\CodeIgniter.php(898): App\Controllers\Spk->input_penilaian('A2')
 7 SYSTEMPATH\CodeIgniter.php(468): CodeIgniter\CodeIgniter->runController(Object(App\Controllers\Spk))
 8 SYSTEMPATH\CodeIgniter.php(351): CodeIgniter\CodeIgniter->handleRequest(null, Object(Config\Cache), false)
 9 FCPATH\index.php(55): CodeIgniter\CodeIgniter->run()
10 SYSTEMPATH\Commands\Server\rewrite.php(43): require_once('FCPATH\\index.php')
