CRITICAL - 2022-07-03 01:56:52 --> syntax error, unexpected identifier "kode_alternatif", expecting ")"
in APPPATH\Controllers\Spk.php on line 142.
 1 SYSTEMPATH\Autoloader\Autoloader.php(261): CodeIgniter\Autoloader\Autoloader->includeFile('APPPATH\\Controllers\\Spk.php')
 2 SYSTEMPATH\Autoloader\Autoloader.php(239): CodeIgniter\Autoloader\Autoloader->loadInNamespace('App\\Controllers\\Spk')
 3 [internal function]: CodeIgniter\Autoloader\Autoloader->loadClass('App\\Controllers\\Spk')
 4 SYSTEMPATH\CodeIgniter.php(848): class_exists('\\App\\Controllers\\Spk', true)
 5 SYSTEMPATH\CodeIgniter.php(455): CodeIgniter\CodeIgniter->startController()
 6 SYSTEMPATH\CodeIgniter.php(351): CodeIgniter\CodeIgniter->handleRequest(null, Object(Config\Cache), false)
 7 FCPATH\index.php(55): CodeIgniter\CodeIgniter->run()
 8 SYSTEMPATH\Commands\Server\rewrite.php(43): require_once('FCPATH\\index.php')
CRITICAL - 2022-07-03 01:56:57 --> syntax error, unexpected identifier "kode_alternatif", expecting ")"
in APPPATH\Controllers\Spk.php on line 142.
 1 SYSTEMPATH\Autoloader\Autoloader.php(261): CodeIgniter\Autoloader\Autoloader->includeFile('APPPATH\\Controllers\\Spk.php')
 2 SYSTEMPATH\Autoloader\Autoloader.php(239): CodeIgniter\Autoloader\Autoloader->loadInNamespace('App\\Controllers\\Spk')
 3 [internal function]: CodeIgniter\Autoloader\Autoloader->loadClass('App\\Controllers\\Spk')
 4 SYSTEMPATH\CodeIgniter.php(848): class_exists('\\App\\Controllers\\Spk', true)
 5 SYSTEMPATH\CodeIgniter.php(455): CodeIgniter\CodeIgniter->startController()
 6 SYSTEMPATH\CodeIgniter.php(351): CodeIgniter\CodeIgniter->handleRequest(null, Object(Config\Cache), false)
 7 FCPATH\index.php(55): CodeIgniter\CodeIgniter->run()
 8 SYSTEMPATH\Commands\Server\rewrite.php(43): require_once('FCPATH\\index.php')
CRITICAL - 2022-07-03 01:59:40 --> Trying to access array offset on value of type null
in APPPATH\Views\Alternatif\edit_alternatif.php on line 9.
 1 APPPATH\Views\Alternatif\edit_alternatif.php(9): CodeIgniter\Debug\Exceptions->errorHandler(2, 'Trying to access array offset on value of type null', 'APPPATH\\Views\\Alternatif\\edit_alternatif.php', 9)
 2 SYSTEMPATH\View\View.php(213): include('APPPATH\\Views\\Alternatif\\edit_alternatif.php')
 3 SYSTEMPATH\View\View.php(216): CodeIgniter\View\View->CodeIgniter\View\{closure}()
 4 SYSTEMPATH\Common.php(1135): CodeIgniter\View\View->render('/alternatif/edit_alternatif', [], true)
 5 APPPATH\Controllers\Spk.php(111): view('/alternatif/edit_alternatif', [...])
 6 SYSTEMPATH\CodeIgniter.php(898): App\Controllers\Spk->edit_alternatif('8A')
 7 SYSTEMPATH\CodeIgniter.php(468): CodeIgniter\CodeIgniter->runController(Object(App\Controllers\Spk))
 8 SYSTEMPATH\CodeIgniter.php(351): CodeIgniter\CodeIgniter->handleRequest(null, Object(Config\Cache), false)
 9 FCPATH\index.php(55): CodeIgniter\CodeIgniter->run()
10 SYSTEMPATH\Commands\Server\rewrite.php(43): require_once('FCPATH\\index.php')
CRITICAL - 2022-07-03 02:03:56 --> Trying to access array offset on value of type null
in APPPATH\Views\Alternatif\edit_alternatif.php on line 9.
 1 APPPATH\Views\Alternatif\edit_alternatif.php(9): CodeIgniter\Debug\Exceptions->errorHandler(2, 'Trying to access array offset on value of type null', 'APPPATH\\Views\\Alternatif\\edit_alternatif.php', 9)
 2 SYSTEMPATH\View\View.php(213): include('APPPATH\\Views\\Alternatif\\edit_alternatif.php')
 3 SYSTEMPATH\View\View.php(216): CodeIgniter\View\View->CodeIgniter\View\{closure}()
 4 SYSTEMPATH\Common.php(1135): CodeIgniter\View\View->render('/alternatif/edit_alternatif', [], true)
 5 APPPATH\Controllers\Spk.php(111): view('/alternatif/edit_alternatif', [...])
 6 SYSTEMPATH\CodeIgniter.php(898): App\Controllers\Spk->edit_alternatif('3')
 7 SYSTEMPATH\CodeIgniter.php(468): CodeIgniter\CodeIgniter->runController(Object(App\Controllers\Spk))
 8 SYSTEMPATH\CodeIgniter.php(351): CodeIgniter\CodeIgniter->handleRequest(null, Object(Config\Cache), false)
 9 FCPATH\index.php(55): CodeIgniter\CodeIgniter->run()
10 SYSTEMPATH\Commands\Server\rewrite.php(43): require_once('FCPATH\\index.php')
CRITICAL - 2022-07-03 02:05:14 --> Trying to access array offset on value of type null
in APPPATH\Views\Alternatif\edit_alternatif.php on line 9.
 1 APPPATH\Views\Alternatif\edit_alternatif.php(9): CodeIgniter\Debug\Exceptions->errorHandler(2, 'Trying to access array offset on value of type null', 'APPPATH\\Views\\Alternatif\\edit_alternatif.php', 9)
 2 SYSTEMPATH\View\View.php(213): include('APPPATH\\Views\\Alternatif\\edit_alternatif.php')
 3 SYSTEMPATH\View\View.php(216): CodeIgniter\View\View->CodeIgniter\View\{closure}()
 4 SYSTEMPATH\Common.php(1135): CodeIgniter\View\View->render('/alternatif/edit_alternatif', [], true)
 5 APPPATH\Controllers\Spk.php(111): view('/alternatif/edit_alternatif', [...])
 6 SYSTEMPATH\CodeIgniter.php(898): App\Controllers\Spk->edit_alternatif('3')
 7 SYSTEMPATH\CodeIgniter.php(468): CodeIgniter\CodeIgniter->runController(Object(App\Controllers\Spk))
 8 SYSTEMPATH\CodeIgniter.php(351): CodeIgniter\CodeIgniter->handleRequest(null, Object(Config\Cache), false)
 9 FCPATH\index.php(55): CodeIgniter\CodeIgniter->run()
10 SYSTEMPATH\Commands\Server\rewrite.php(43): require_once('FCPATH\\index.php')
CRITICAL - 2022-07-03 02:06:38 --> Undefined variable $slug
in APPPATH\Controllers\Spk.php on line 107.
 1 APPPATH\Controllers\Spk.php(107): CodeIgniter\Debug\Exceptions->errorHandler(2, 'Undefined variable $slug', 'APPPATH\\Controllers\\Spk.php', 107)
 2 SYSTEMPATH\CodeIgniter.php(898): App\Controllers\Spk->edit_alternatif('3')
 3 SYSTEMPATH\CodeIgniter.php(468): CodeIgniter\CodeIgniter->runController(Object(App\Controllers\Spk))
 4 SYSTEMPATH\CodeIgniter.php(351): CodeIgniter\CodeIgniter->handleRequest(null, Object(Config\Cache), false)
 5 FCPATH\index.php(55): CodeIgniter\CodeIgniter->run()
 6 SYSTEMPATH\Commands\Server\rewrite.php(43): require_once('FCPATH\\index.php')
CRITICAL - 2022-07-03 02:07:02 --> Trying to access array offset on value of type null
in APPPATH\Views\Alternatif\edit_alternatif.php on line 9.
 1 APPPATH\Views\Alternatif\edit_alternatif.php(9): CodeIgniter\Debug\Exceptions->errorHandler(2, 'Trying to access array offset on value of type null', 'APPPATH\\Views\\Alternatif\\edit_alternatif.php', 9)
 2 SYSTEMPATH\View\View.php(213): include('APPPATH\\Views\\Alternatif\\edit_alternatif.php')
 3 SYSTEMPATH\View\View.php(216): CodeIgniter\View\View->CodeIgniter\View\{closure}()
 4 SYSTEMPATH\Common.php(1135): CodeIgniter\View\View->render('/alternatif/edit_alternatif', [], true)
 5 APPPATH\Controllers\Spk.php(111): view('/alternatif/edit_alternatif', [...])
 6 SYSTEMPATH\CodeIgniter.php(898): App\Controllers\Spk->edit_alternatif('3')
 7 SYSTEMPATH\CodeIgniter.php(468): CodeIgniter\CodeIgniter->runController(Object(App\Controllers\Spk))
 8 SYSTEMPATH\CodeIgniter.php(351): CodeIgniter\CodeIgniter->handleRequest(null, Object(Config\Cache), false)
 9 FCPATH\index.php(55): CodeIgniter\CodeIgniter->run()
10 SYSTEMPATH\Commands\Server\rewrite.php(43): require_once('FCPATH\\index.php')
CRITICAL - 2022-07-03 02:09:45 --> Trying to access array offset on value of type null
in APPPATH\Views\Alternatif\edit_alternatif.php on line 9.
 1 APPPATH\Views\Alternatif\edit_alternatif.php(9): CodeIgniter\Debug\Exceptions->errorHandler(2, 'Trying to access array offset on value of type null', 'APPPATH\\Views\\Alternatif\\edit_alternatif.php', 9)
 2 SYSTEMPATH\View\View.php(213): include('APPPATH\\Views\\Alternatif\\edit_alternatif.php')
 3 SYSTEMPATH\View\View.php(216): CodeIgniter\View\View->CodeIgniter\View\{closure}()
 4 SYSTEMPATH\Common.php(1135): CodeIgniter\View\View->render('/alternatif/edit_alternatif', [], true)
 5 APPPATH\Controllers\Spk.php(111): view('/alternatif/edit_alternatif', [...])
 6 SYSTEMPATH\CodeIgniter.php(898): App\Controllers\Spk->edit_alternatif('3')
 7 SYSTEMPATH\CodeIgniter.php(468): CodeIgniter\CodeIgniter->runController(Object(App\Controllers\Spk))
 8 SYSTEMPATH\CodeIgniter.php(351): CodeIgniter\CodeIgniter->handleRequest(null, Object(Config\Cache), false)
 9 FCPATH\index.php(55): CodeIgniter\CodeIgniter->run()
10 SYSTEMPATH\Commands\Server\rewrite.php(43): require_once('FCPATH\\index.php')
CRITICAL - 2022-07-03 02:13:25 --> Undefined array key "kode_alternatif"
in APPPATH\Controllers\Spk.php on line 119.
 1 APPPATH\Controllers\Spk.php(119): CodeIgniter\Debug\Exceptions->errorHandler(2, 'Undefined array key "kode_alternatif"', 'APPPATH\\Controllers\\Spk.php', 119)
 2 SYSTEMPATH\CodeIgniter.php(898): App\Controllers\Spk->update_alternatif('3')
 3 SYSTEMPATH\CodeIgniter.php(468): CodeIgniter\CodeIgniter->runController(Object(App\Controllers\Spk))
 4 SYSTEMPATH\CodeIgniter.php(351): CodeIgniter\CodeIgniter->handleRequest(null, Object(Config\Cache), false)
 5 FCPATH\index.php(55): CodeIgniter\CodeIgniter->run()
 6 SYSTEMPATH\Commands\Server\rewrite.php(43): require_once('FCPATH\\index.php')
CRITICAL - 2022-07-03 02:13:49 --> Undefined array key "kode_alternatif"
in APPPATH\Controllers\Spk.php on line 119.
 1 APPPATH\Controllers\Spk.php(119): CodeIgniter\Debug\Exceptions->errorHandler(2, 'Undefined array key "kode_alternatif"', 'APPPATH\\Controllers\\Spk.php', 119)
 2 SYSTEMPATH\CodeIgniter.php(898): App\Controllers\Spk->update_alternatif('3')
 3 SYSTEMPATH\CodeIgniter.php(468): CodeIgniter\CodeIgniter->runController(Object(App\Controllers\Spk))
 4 SYSTEMPATH\CodeIgniter.php(351): CodeIgniter\CodeIgniter->handleRequest(null, Object(Config\Cache), false)
 5 FCPATH\index.php(55): CodeIgniter\CodeIgniter->run()
 6 SYSTEMPATH\Commands\Server\rewrite.php(43): require_once('FCPATH\\index.php')
CRITICAL - 2022-07-03 02:14:16 --> Undefined array key "kode"
in APPPATH\Controllers\Spk.php on line 119.
 1 APPPATH\Controllers\Spk.php(119): CodeIgniter\Debug\Exceptions->errorHandler(2, 'Undefined array key "kode"', 'APPPATH\\Controllers\\Spk.php', 119)
 2 SYSTEMPATH\CodeIgniter.php(898): App\Controllers\Spk->update_alternatif('3')
 3 SYSTEMPATH\CodeIgniter.php(468): CodeIgniter\CodeIgniter->runController(Object(App\Controllers\Spk))
 4 SYSTEMPATH\CodeIgniter.php(351): CodeIgniter\CodeIgniter->handleRequest(null, Object(Config\Cache), false)
 5 FCPATH\index.php(55): CodeIgniter\CodeIgniter->run()
 6 SYSTEMPATH\Commands\Server\rewrite.php(43): require_once('FCPATH\\index.php')
CRITICAL - 2022-07-03 02:14:58 --> Undefined array key "kode"
in APPPATH\Controllers\Spk.php on line 119.
 1 APPPATH\Controllers\Spk.php(119): CodeIgniter\Debug\Exceptions->errorHandler(2, 'Undefined array key "kode"', 'APPPATH\\Controllers\\Spk.php', 119)
 2 SYSTEMPATH\CodeIgniter.php(898): App\Controllers\Spk->update_alternatif('3')
 3 SYSTEMPATH\CodeIgniter.php(468): CodeIgniter\CodeIgniter->runController(Object(App\Controllers\Spk))
 4 SYSTEMPATH\CodeIgniter.php(351): CodeIgniter\CodeIgniter->handleRequest(null, Object(Config\Cache), false)
 5 FCPATH\index.php(55): CodeIgniter\CodeIgniter->run()
 6 SYSTEMPATH\Commands\Server\rewrite.php(43): require_once('FCPATH\\index.php')
CRITICAL - 2022-07-03 02:15:26 --> Undefined array key "kode_alternatif"
in APPPATH\Controllers\Spk.php on line 119.
 1 APPPATH\Controllers\Spk.php(119): CodeIgniter\Debug\Exceptions->errorHandler(2, 'Undefined array key "kode_alternatif"', 'APPPATH\\Controllers\\Spk.php', 119)
 2 SYSTEMPATH\CodeIgniter.php(898): App\Controllers\Spk->update_alternatif('3')
 3 SYSTEMPATH\CodeIgniter.php(468): CodeIgniter\CodeIgniter->runController(Object(App\Controllers\Spk))
 4 SYSTEMPATH\CodeIgniter.php(351): CodeIgniter\CodeIgniter->handleRequest(null, Object(Config\Cache), false)
 5 FCPATH\index.php(55): CodeIgniter\CodeIgniter->run()
 6 SYSTEMPATH\Commands\Server\rewrite.php(43): require_once('FCPATH\\index.php')
CRITICAL - 2022-07-03 02:16:06 --> Undefined array key "kode"
in APPPATH\Controllers\Spk.php on line 119.
 1 APPPATH\Controllers\Spk.php(119): CodeIgniter\Debug\Exceptions->errorHandler(2, 'Undefined array key "kode"', 'APPPATH\\Controllers\\Spk.php', 119)
 2 SYSTEMPATH\CodeIgniter.php(898): App\Controllers\Spk->update_alternatif('3')
 3 SYSTEMPATH\CodeIgniter.php(468): CodeIgniter\CodeIgniter->runController(Object(App\Controllers\Spk))
 4 SYSTEMPATH\CodeIgniter.php(351): CodeIgniter\CodeIgniter->handleRequest(null, Object(Config\Cache), false)
 5 FCPATH\index.php(55): CodeIgniter\CodeIgniter->run()
 6 SYSTEMPATH\Commands\Server\rewrite.php(43): require_once('FCPATH\\index.php')
CRITICAL - 2022-07-03 02:17:18 --> Undefined array key "kode"
in APPPATH\Controllers\Spk.php on line 119.
 1 APPPATH\Controllers\Spk.php(119): CodeIgniter\Debug\Exceptions->errorHandler(2, 'Undefined array key "kode"', 'APPPATH\\Controllers\\Spk.php', 119)
 2 SYSTEMPATH\CodeIgniter.php(898): App\Controllers\Spk->update_alternatif('3')
 3 SYSTEMPATH\CodeIgniter.php(468): CodeIgniter\CodeIgniter->runController(Object(App\Controllers\Spk))
 4 SYSTEMPATH\CodeIgniter.php(351): CodeIgniter\CodeIgniter->handleRequest(null, Object(Config\Cache), false)
 5 FCPATH\index.php(55): CodeIgniter\CodeIgniter->run()
 6 SYSTEMPATH\Commands\Server\rewrite.php(43): require_once('FCPATH\\index.php')
CRITICAL - 2022-07-03 02:18:10 --> Undefined array key "kode_alternatif"
in APPPATH\Controllers\Spk.php on line 119.
 1 APPPATH\Controllers\Spk.php(119): CodeIgniter\Debug\Exceptions->errorHandler(2, 'Undefined array key "kode_alternatif"', 'APPPATH\\Controllers\\Spk.php', 119)
 2 SYSTEMPATH\CodeIgniter.php(898): App\Controllers\Spk->update_alternatif('3')
 3 SYSTEMPATH\CodeIgniter.php(468): CodeIgniter\CodeIgniter->runController(Object(App\Controllers\Spk))
 4 SYSTEMPATH\CodeIgniter.php(351): CodeIgniter\CodeIgniter->handleRequest(null, Object(Config\Cache), false)
 5 FCPATH\index.php(55): CodeIgniter\CodeIgniter->run()
 6 SYSTEMPATH\Commands\Server\rewrite.php(43): require_once('FCPATH\\index.php')
CRITICAL - 2022-07-03 02:28:40 -->  is not a valid rule.
in SYSTEMPATH\Validation\Validation.php on line 314.
 1 SYSTEMPATH\Validation\Validation.php(314): CodeIgniter\Validation\Exceptions\ValidationException::forRuleNotFound('ROOTPATH\\public')
 2 SYSTEMPATH\Validation\Validation.php(173): CodeIgniter\Validation\Validation->processRules('kode', 'kode', null, [...], [...])
 3 SYSTEMPATH\Controller.php(140): CodeIgniter\Validation\Validation->run()
 4 APPPATH\Controllers\Spk.php(129): CodeIgniter\Controller->validate([...])
 5 SYSTEMPATH\CodeIgniter.php(898): App\Controllers\Spk->update_alternatif('3')
 6 SYSTEMPATH\CodeIgniter.php(468): CodeIgniter\CodeIgniter->runController(Object(App\Controllers\Spk))
 7 SYSTEMPATH\CodeIgniter.php(351): CodeIgniter\CodeIgniter->handleRequest(null, Object(Config\Cache), false)
 8 FCPATH\index.php(55): CodeIgniter\CodeIgniter->run()
 9 SYSTEMPATH\Commands\Server\rewrite.php(43): require_once('FCPATH\\index.php')
CRITICAL - 2022-07-03 02:36:30 --> Undefined array key ""
in APPPATH\Views\Alternatif\edit_alternatif.php on line 32.
 1 APPPATH\Views\Alternatif\edit_alternatif.php(32): CodeIgniter\Debug\Exceptions->errorHandler(2, 'Undefined array key ""', 'APPPATH\\Views\\Alternatif\\edit_alternatif.php', 32)
 2 SYSTEMPATH\View\View.php(213): include('APPPATH\\Views\\Alternatif\\edit_alternatif.php')
 3 SYSTEMPATH\View\View.php(216): CodeIgniter\View\View->CodeIgniter\View\{closure}()
 4 SYSTEMPATH\Common.php(1135): CodeIgniter\View\View->render('/alternatif/edit_alternatif', [], true)
 5 APPPATH\Controllers\Spk.php(111): view('/alternatif/edit_alternatif', [...])
 6 SYSTEMPATH\CodeIgniter.php(898): App\Controllers\Spk->edit_alternatif('A3')
 7 SYSTEMPATH\CodeIgniter.php(468): CodeIgniter\CodeIgniter->runController(Object(App\Controllers\Spk))
 8 SYSTEMPATH\CodeIgniter.php(351): CodeIgniter\CodeIgniter->handleRequest(null, Object(Config\Cache), false)
 9 FCPATH\index.php(55): CodeIgniter\CodeIgniter->run()
10 SYSTEMPATH\Commands\Server\rewrite.php(43): require_once('FCPATH\\index.php')
