ERROR - 2022-07-07 12:42:50 --> Error connecting to the database: No connection could be made because the target machine actively refused it
CRITICAL - 2022-07-07 12:42:50 --> Unable to connect to the database.
Main connection [MySQLi]: No connection could be made because the target machine actively refused it
in SYSTEMPATH\Database\BaseConnection.php on line 415.
 1 SYSTEMPATH\Database\BaseConnection.php(585): CodeIgniter\Database\BaseConnection->initialize()
 2 SYSTEMPATH\Database\BaseBuilder.php(1585): CodeIgniter\Database\BaseConnection->query('SELECT *
FROM `users`
WHERE `username` = :username:
AND `users`.`deleted_at` IS NULL
 LIMIT 1', [...], false)
 3 SYSTEMPATH\Model.php(249): CodeIgniter\Database\BaseBuilder->get()
 4 SYSTEMPATH\BaseModel.php(622): CodeIgniter\Model->doFirst()
 5 VENDORPATH\myth\auth\src\Authentication\LocalAuthenticator.php(156): CodeIgniter\BaseModel->first()
 6 VENDORPATH\myth\auth\src\Authentication\LocalAuthenticator.php(20): Myth\Auth\Authentication\LocalAuthenticator->validate([...], true)
 7 VENDORPATH\myth\auth\src\Controllers\AuthController.php(88): Myth\Auth\Authentication\LocalAuthenticator->attempt([...], false)
 8 SYSTEMPATH\CodeIgniter.php(898): Myth\Auth\Controllers\AuthController->attemptLogin()
 9 SYSTEMPATH\CodeIgniter.php(468): CodeIgniter\CodeIgniter->runController(Object(Myth\Auth\Controllers\AuthController))
10 SYSTEMPATH\CodeIgniter.php(351): CodeIgniter\CodeIgniter->handleRequest(null, Object(Config\Cache), false)
11 FCPATH\index.php(55): CodeIgniter\CodeIgniter->run()
12 SYSTEMPATH\Commands\Server\rewrite.php(43): require_once('FCPATH\\index.php')
CRITICAL - 2022-07-07 14:40:40 --> array_push(): Argument #1 ($array) must be of type array, null given
in APPPATH\Views\hasil.php on line 104.
 1 APPPATH\Views\hasil.php(104): array_push(null, 0.19236363636363607)
 2 SYSTEMPATH\View\View.php(213): include('APPPATH\\Views\\hasil.php')
 3 SYSTEMPATH\View\View.php(216): CodeIgniter\View\View->CodeIgniter\View\{closure}()
 4 SYSTEMPATH\Common.php(1135): CodeIgniter\View\View->render('hasil', [], true)
 5 APPPATH\Controllers\Spk.php(396): view('hasil', [...])
 6 SYSTEMPATH\CodeIgniter.php(898): App\Controllers\Spk->hasil()
 7 SYSTEMPATH\CodeIgniter.php(468): CodeIgniter\CodeIgniter->runController(Object(App\Controllers\Spk))
 8 SYSTEMPATH\CodeIgniter.php(351): CodeIgniter\CodeIgniter->handleRequest(null, Object(Config\Cache), false)
 9 FCPATH\index.php(55): CodeIgniter\CodeIgniter->run()
10 SYSTEMPATH\Commands\Server\rewrite.php(43): require_once('FCPATH\\index.php')
CRITICAL - 2022-07-07 14:40:55 --> array_push(): Argument #1 ($array) must be of type array, null given
in APPPATH\Views\hasil.php on line 104.
 1 APPPATH\Views\hasil.php(104): array_push(null, 0.19236363636363607)
 2 SYSTEMPATH\View\View.php(213): include('APPPATH\\Views\\hasil.php')
 3 SYSTEMPATH\View\View.php(216): CodeIgniter\View\View->CodeIgniter\View\{closure}()
 4 SYSTEMPATH\Common.php(1135): CodeIgniter\View\View->render('hasil', [], true)
 5 APPPATH\Controllers\Spk.php(396): view('hasil', [...])
 6 SYSTEMPATH\CodeIgniter.php(898): App\Controllers\Spk->hasil()
 7 SYSTEMPATH\CodeIgniter.php(468): CodeIgniter\CodeIgniter->runController(Object(App\Controllers\Spk))
 8 SYSTEMPATH\CodeIgniter.php(351): CodeIgniter\CodeIgniter->handleRequest(null, Object(Config\Cache), false)
 9 FCPATH\index.php(55): CodeIgniter\CodeIgniter->run()
10 SYSTEMPATH\Commands\Server\rewrite.php(43): require_once('FCPATH\\index.php')
CRITICAL - 2022-07-07 14:43:30 --> Undefined variable $MinS
in APPPATH\Views\hasil.php on line 124.
 1 APPPATH\Views\hasil.php(124): CodeIgniter\Debug\Exceptions->errorHandler(2, 'Undefined variable $MinS', 'APPPATH\\Views\\hasil.php', 124)
 2 SYSTEMPATH\View\View.php(213): include('APPPATH\\Views\\hasil.php')
 3 SYSTEMPATH\View\View.php(216): CodeIgniter\View\View->CodeIgniter\View\{closure}()
 4 SYSTEMPATH\Common.php(1135): CodeIgniter\View\View->render('hasil', [], true)
 5 APPPATH\Controllers\Spk.php(396): view('hasil', [...])
 6 SYSTEMPATH\CodeIgniter.php(898): App\Controllers\Spk->hasil()
 7 SYSTEMPATH\CodeIgniter.php(468): CodeIgniter\CodeIgniter->runController(Object(App\Controllers\Spk))
 8 SYSTEMPATH\CodeIgniter.php(351): CodeIgniter\CodeIgniter->handleRequest(null, Object(Config\Cache), false)
 9 FCPATH\index.php(55): CodeIgniter\CodeIgniter->run()
10 SYSTEMPATH\Commands\Server\rewrite.php(43): require_once('FCPATH\\index.php')
CRITICAL - 2022-07-07 14:45:20 --> Undefined variable $MinS
in APPPATH\Views\hasil.php on line 121.
 1 APPPATH\Views\hasil.php(121): CodeIgniter\Debug\Exceptions->errorHandler(2, 'Undefined variable $MinS', 'APPPATH\\Views\\hasil.php', 121)
 2 SYSTEMPATH\View\View.php(213): include('APPPATH\\Views\\hasil.php')
 3 SYSTEMPATH\View\View.php(216): CodeIgniter\View\View->CodeIgniter\View\{closure}()
 4 SYSTEMPATH\Common.php(1135): CodeIgniter\View\View->render('hasil', [], true)
 5 APPPATH\Controllers\Spk.php(396): view('hasil', [...])
 6 SYSTEMPATH\CodeIgniter.php(898): App\Controllers\Spk->hasil()
 7 SYSTEMPATH\CodeIgniter.php(468): CodeIgniter\CodeIgniter->runController(Object(App\Controllers\Spk))
 8 SYSTEMPATH\CodeIgniter.php(351): CodeIgniter\CodeIgniter->handleRequest(null, Object(Config\Cache), false)
 9 FCPATH\index.php(55): CodeIgniter\CodeIgniter->run()
10 SYSTEMPATH\Commands\Server\rewrite.php(43): require_once('FCPATH\\index.php')
CRITICAL - 2022-07-07 14:45:28 --> Undefined variable $MinS
in APPPATH\Views\hasil.php on line 123.
 1 APPPATH\Views\hasil.php(123): CodeIgniter\Debug\Exceptions->errorHandler(2, 'Undefined variable $MinS', 'APPPATH\\Views\\hasil.php', 123)
 2 SYSTEMPATH\View\View.php(213): include('APPPATH\\Views\\hasil.php')
 3 SYSTEMPATH\View\View.php(216): CodeIgniter\View\View->CodeIgniter\View\{closure}()
 4 SYSTEMPATH\Common.php(1135): CodeIgniter\View\View->render('hasil', [], true)
 5 APPPATH\Controllers\Spk.php(396): view('hasil', [...])
 6 SYSTEMPATH\CodeIgniter.php(898): App\Controllers\Spk->hasil()
 7 SYSTEMPATH\CodeIgniter.php(468): CodeIgniter\CodeIgniter->runController(Object(App\Controllers\Spk))
 8 SYSTEMPATH\CodeIgniter.php(351): CodeIgniter\CodeIgniter->handleRequest(null, Object(Config\Cache), false)
 9 FCPATH\index.php(55): CodeIgniter\CodeIgniter->run()
10 SYSTEMPATH\Commands\Server\rewrite.php(43): require_once('FCPATH\\index.php')
CRITICAL - 2022-07-07 14:46:37 --> Division by zero
in APPPATH\Views\hasil.php on line 125.
 1 SYSTEMPATH\View\View.php(213): include()
 2 SYSTEMPATH\View\View.php(216): CodeIgniter\View\View->CodeIgniter\View\{closure}()
 3 SYSTEMPATH\Common.php(1135): CodeIgniter\View\View->render('hasil', [], true)
 4 APPPATH\Controllers\Spk.php(396): view('hasil', [...])
 5 SYSTEMPATH\CodeIgniter.php(898): App\Controllers\Spk->hasil()
 6 SYSTEMPATH\CodeIgniter.php(468): CodeIgniter\CodeIgniter->runController(Object(App\Controllers\Spk))
 7 SYSTEMPATH\CodeIgniter.php(351): CodeIgniter\CodeIgniter->handleRequest(null, Object(Config\Cache), false)
 8 FCPATH\index.php(55): CodeIgniter\CodeIgniter->run()
 9 SYSTEMPATH\Commands\Server\rewrite.php(43): require_once('FCPATH\\index.php')
