CRITICAL - 2022-07-01 04:38:37 --> Undefined variable $MaxC1
in APPPATH\Views\perhitungan.php on line 177.
 1 APPPATH\Views\perhitungan.php(177): CodeIgniter\Debug\Exceptions->errorHandler(2, 'Undefined variable $MaxC1', 'APPPATH\\Views\\perhitungan.php', 177)
 2 SYSTEMPATH\View\View.php(213): include('APPPATH\\Views\\perhitungan.php')
 3 SYSTEMPATH\View\View.php(216): CodeIgniter\View\View->CodeIgniter\View\{closure}()
 4 SYSTEMPATH\Common.php(1135): CodeIgniter\View\View->render('perhitungan', [], true)
 5 APPPATH\Controllers\Spk.php(241): view('perhitungan', [...])
 6 SYSTEMPATH\CodeIgniter.php(898): App\Controllers\Spk->perhitungan()
 7 SYSTEMPATH\CodeIgniter.php(468): CodeIgniter\CodeIgniter->runController(Object(App\Controllers\Spk))
 8 SYSTEMPATH\CodeIgniter.php(351): CodeIgniter\CodeIgniter->handleRequest(null, Object(Config\Cache), false)
 9 FCPATH\index.php(55): CodeIgniter\CodeIgniter->run()
10 SYSTEMPATH\Commands\Server\rewrite.php(43): require_once('FCPATH\\index.php')
CRITICAL - 2022-07-01 04:38:59 --> Undefined variable $MaxC1
in APPPATH\Views\perhitungan.php on line 177.
 1 APPPATH\Views\perhitungan.php(177): CodeIgniter\Debug\Exceptions->errorHandler(2, 'Undefined variable $MaxC1', 'APPPATH\\Views\\perhitungan.php', 177)
 2 SYSTEMPATH\View\View.php(213): include('APPPATH\\Views\\perhitungan.php')
 3 SYSTEMPATH\View\View.php(216): CodeIgniter\View\View->CodeIgniter\View\{closure}()
 4 SYSTEMPATH\Common.php(1135): CodeIgniter\View\View->render('perhitungan', [], true)
 5 APPPATH\Controllers\Spk.php(241): view('perhitungan', [...])
 6 SYSTEMPATH\CodeIgniter.php(898): App\Controllers\Spk->perhitungan()
 7 SYSTEMPATH\CodeIgniter.php(468): CodeIgniter\CodeIgniter->runController(Object(App\Controllers\Spk))
 8 SYSTEMPATH\CodeIgniter.php(351): CodeIgniter\CodeIgniter->handleRequest(null, Object(Config\Cache), false)
 9 FCPATH\index.php(55): CodeIgniter\CodeIgniter->run()
10 SYSTEMPATH\Commands\Server\rewrite.php(43): require_once('FCPATH\\index.php')
CRITICAL - 2022-07-01 04:43:10 --> Call to undefined function normalisasi()
in APPPATH\Views\perhitungan.php on line 137.
 1 SYSTEMPATH\View\View.php(213): include()
 2 SYSTEMPATH\View\View.php(216): CodeIgniter\View\View->CodeIgniter\View\{closure}()
 3 SYSTEMPATH\Common.php(1135): CodeIgniter\View\View->render('perhitungan', [], true)
 4 APPPATH\Controllers\Spk.php(241): view('perhitungan', [...])
 5 SYSTEMPATH\CodeIgniter.php(898): App\Controllers\Spk->perhitungan()
 6 SYSTEMPATH\CodeIgniter.php(468): CodeIgniter\CodeIgniter->runController(Object(App\Controllers\Spk))
 7 SYSTEMPATH\CodeIgniter.php(351): CodeIgniter\CodeIgniter->handleRequest(null, Object(Config\Cache), false)
 8 FCPATH\index.php(55): CodeIgniter\CodeIgniter->run()
 9 SYSTEMPATH\Commands\Server\rewrite.php(43): require_once('FCPATH\\index.php')
CRITICAL - 2022-07-01 04:43:40 --> Undefined variable $A
in APPPATH\Views\perhitungan.php on line 8.
 1 APPPATH\Views\perhitungan.php(8): CodeIgniter\Debug\Exceptions->errorHandler(2, 'Undefined variable $A', 'APPPATH\\Views\\perhitungan.php', 8)
 2 APPPATH\Views\perhitungan.php(137): normalisasiC1('86.84', '88.47', '77.47')
 3 SYSTEMPATH\View\View.php(213): include('APPPATH\\Views\\perhitungan.php')
 4 SYSTEMPATH\View\View.php(216): CodeIgniter\View\View->CodeIgniter\View\{closure}()
 5 SYSTEMPATH\Common.php(1135): CodeIgniter\View\View->render('perhitungan', [], true)
 6 APPPATH\Controllers\Spk.php(241): view('perhitungan', [...])
 7 SYSTEMPATH\CodeIgniter.php(898): App\Controllers\Spk->perhitungan()
 8 SYSTEMPATH\CodeIgniter.php(468): CodeIgniter\CodeIgniter->runController(Object(App\Controllers\Spk))
 9 SYSTEMPATH\CodeIgniter.php(351): CodeIgniter\CodeIgniter->handleRequest(null, Object(Config\Cache), false)
10 FCPATH\index.php(55): CodeIgniter\CodeIgniter->run()
11 SYSTEMPATH\Commands\Server\rewrite.php(43): require_once('FCPATH\\index.php')
CRITICAL - 2022-07-01 04:44:18 --> Undefined variable $alternatif
in APPPATH\Views\perhitungan.php on line 8.
 1 APPPATH\Views\perhitungan.php(8): CodeIgniter\Debug\Exceptions->errorHandler(2, 'Undefined variable $alternatif', 'APPPATH\\Views\\perhitungan.php', 8)
 2 APPPATH\Views\perhitungan.php(137): normalisasiC1('86.84', '88.47', '77.47')
 3 SYSTEMPATH\View\View.php(213): include('APPPATH\\Views\\perhitungan.php')
 4 SYSTEMPATH\View\View.php(216): CodeIgniter\View\View->CodeIgniter\View\{closure}()
 5 SYSTEMPATH\Common.php(1135): CodeIgniter\View\View->render('perhitungan', [], true)
 6 APPPATH\Controllers\Spk.php(241): view('perhitungan', [...])
 7 SYSTEMPATH\CodeIgniter.php(898): App\Controllers\Spk->perhitungan()
 8 SYSTEMPATH\CodeIgniter.php(468): CodeIgniter\CodeIgniter->runController(Object(App\Controllers\Spk))
 9 SYSTEMPATH\CodeIgniter.php(351): CodeIgniter\CodeIgniter->handleRequest(null, Object(Config\Cache), false)
10 FCPATH\index.php(55): CodeIgniter\CodeIgniter->run()
11 SYSTEMPATH\Commands\Server\rewrite.php(43): require_once('FCPATH\\index.php')
CRITICAL - 2022-07-01 04:44:21 --> Undefined variable $alternatif
in APPPATH\Views\perhitungan.php on line 8.
 1 APPPATH\Views\perhitungan.php(8): CodeIgniter\Debug\Exceptions->errorHandler(2, 'Undefined variable $alternatif', 'APPPATH\\Views\\perhitungan.php', 8)
 2 APPPATH\Views\perhitungan.php(137): normalisasiC1('86.84', '88.47', '77.47')
 3 SYSTEMPATH\View\View.php(213): include('APPPATH\\Views\\perhitungan.php')
 4 SYSTEMPATH\View\View.php(216): CodeIgniter\View\View->CodeIgniter\View\{closure}()
 5 SYSTEMPATH\Common.php(1135): CodeIgniter\View\View->render('perhitungan', [], true)
 6 APPPATH\Controllers\Spk.php(241): view('perhitungan', [...])
 7 SYSTEMPATH\CodeIgniter.php(898): App\Controllers\Spk->perhitungan()
 8 SYSTEMPATH\CodeIgniter.php(468): CodeIgniter\CodeIgniter->runController(Object(App\Controllers\Spk))
 9 SYSTEMPATH\CodeIgniter.php(351): CodeIgniter\CodeIgniter->handleRequest(null, Object(Config\Cache), false)
10 FCPATH\index.php(55): CodeIgniter\CodeIgniter->run()
11 SYSTEMPATH\Commands\Server\rewrite.php(43): require_once('FCPATH\\index.php')
CRITICAL - 2022-07-01 04:44:49 --> Undefined variable $alternatif
in APPPATH\Views\perhitungan.php on line 8.
 1 APPPATH\Views\perhitungan.php(8): CodeIgniter\Debug\Exceptions->errorHandler(2, 'Undefined variable $alternatif', 'APPPATH\\Views\\perhitungan.php', 8)
 2 APPPATH\Views\perhitungan.php(137): normalisasiC1('86.84', '88.47', '77.47')
 3 SYSTEMPATH\View\View.php(213): include('APPPATH\\Views\\perhitungan.php')
 4 SYSTEMPATH\View\View.php(216): CodeIgniter\View\View->CodeIgniter\View\{closure}()
 5 SYSTEMPATH\Common.php(1135): CodeIgniter\View\View->render('perhitungan', [], true)
 6 APPPATH\Controllers\Spk.php(241): view('perhitungan', [...])
 7 SYSTEMPATH\CodeIgniter.php(898): App\Controllers\Spk->perhitungan()
 8 SYSTEMPATH\CodeIgniter.php(468): CodeIgniter\CodeIgniter->runController(Object(App\Controllers\Spk))
 9 SYSTEMPATH\CodeIgniter.php(351): CodeIgniter\CodeIgniter->handleRequest(null, Object(Config\Cache), false)
10 FCPATH\index.php(55): CodeIgniter\CodeIgniter->run()
11 SYSTEMPATH\Commands\Server\rewrite.php(43): require_once('FCPATH\\index.php')
CRITICAL - 2022-07-01 04:44:58 --> Undefined variable $alternatif
in APPPATH\Views\perhitungan.php on line 8.
 1 APPPATH\Views\perhitungan.php(8): CodeIgniter\Debug\Exceptions->errorHandler(2, 'Undefined variable $alternatif', 'APPPATH\\Views\\perhitungan.php', 8)
 2 APPPATH\Views\perhitungan.php(137): normalisasiC1('86.84', '88.47', '77.47')
 3 SYSTEMPATH\View\View.php(213): include('APPPATH\\Views\\perhitungan.php')
 4 SYSTEMPATH\View\View.php(216): CodeIgniter\View\View->CodeIgniter\View\{closure}()
 5 SYSTEMPATH\Common.php(1135): CodeIgniter\View\View->render('perhitungan', [], true)
 6 APPPATH\Controllers\Spk.php(241): view('perhitungan', [...])
 7 SYSTEMPATH\CodeIgniter.php(898): App\Controllers\Spk->perhitungan()
 8 SYSTEMPATH\CodeIgniter.php(468): CodeIgniter\CodeIgniter->runController(Object(App\Controllers\Spk))
 9 SYSTEMPATH\CodeIgniter.php(351): CodeIgniter\CodeIgniter->handleRequest(null, Object(Config\Cache), false)
10 FCPATH\index.php(55): CodeIgniter\CodeIgniter->run()
11 SYSTEMPATH\Commands\Server\rewrite.php(43): require_once('FCPATH\\index.php')
CRITICAL - 2022-07-01 04:47:04 --> Cannot redeclare normalisasiC1() (previously declared in C:\xampp\htdocs\portofolio\webmaster\SPK VIKOR\app\Views\perhitungan.php:7)
in APPPATH\Views\perhitungan.php on line 7.
 1 [internal function]: CodeIgniter\Debug\Exceptions->shutdownHandler()
CRITICAL - 2022-07-01 04:47:43 --> Cannot redeclare normalisasiC1() (previously declared in C:\xampp\htdocs\portofolio\webmaster\SPK VIKOR\app\Views\perhitungan.php:7)
in APPPATH\Views\perhitungan.php on line 7.
 1 [internal function]: CodeIgniter\Debug\Exceptions->shutdownHandler()
CRITICAL - 2022-07-01 04:48:14 --> Cannot redeclare NormalisasiC1() (previously declared in C:\xampp\htdocs\portofolio\webmaster\SPK VIKOR\app\Views\perhitungan.php:7)
in APPPATH\Views\perhitungan.php on line 7.
 1 [internal function]: CodeIgniter\Debug\Exceptions->shutdownHandler()
CRITICAL - 2022-07-01 04:48:25 --> Cannot redeclare aNormalisasiC1() (previously declared in C:\xampp\htdocs\portofolio\webmaster\SPK VIKOR\app\Views\perhitungan.php:7)
in APPPATH\Views\perhitungan.php on line 7.
 1 [internal function]: CodeIgniter\Debug\Exceptions->shutdownHandler()
CRITICAL - 2022-07-01 04:49:34 --> Cannot redeclare normalisasi() (previously declared in C:\xampp\htdocs\portofolio\webmaster\SPK VIKOR\app\Views\perhitungan.php:7)
in APPPATH\Views\perhitungan.php on line 7.
 1 [internal function]: CodeIgniter\Debug\Exceptions->shutdownHandler()
CRITICAL - 2022-07-01 04:50:03 --> Undefined variable $A
in APPPATH\Views\perhitungan.php on line 9.
 1 APPPATH\Views\perhitungan.php(9): CodeIgniter\Debug\Exceptions->errorHandler(2, 'Undefined variable $A', 'APPPATH\\Views\\perhitungan.php', 9)
 2 APPPATH\Views\perhitungan.php(138): normalisasiC1('86.84', '88.47', '77.47')
 3 SYSTEMPATH\View\View.php(213): include('APPPATH\\Views\\perhitungan.php')
 4 SYSTEMPATH\View\View.php(216): CodeIgniter\View\View->CodeIgniter\View\{closure}()
 5 SYSTEMPATH\Common.php(1135): CodeIgniter\View\View->render('perhitungan', [], true)
 6 APPPATH\Controllers\Spk.php(241): view('perhitungan', [...])
 7 SYSTEMPATH\CodeIgniter.php(898): App\Controllers\Spk->perhitungan()
 8 SYSTEMPATH\CodeIgniter.php(468): CodeIgniter\CodeIgniter->runController(Object(App\Controllers\Spk))
 9 SYSTEMPATH\CodeIgniter.php(351): CodeIgniter\CodeIgniter->handleRequest(null, Object(Config\Cache), false)
10 FCPATH\index.php(55): CodeIgniter\CodeIgniter->run()
11 SYSTEMPATH\Commands\Server\rewrite.php(43): require_once('FCPATH\\index.php')
CRITICAL - 2022-07-01 04:50:16 --> Call to undefined function normalisasi()
in APPPATH\Views\perhitungan.php on line 137.
 1 SYSTEMPATH\View\View.php(213): include()
 2 SYSTEMPATH\View\View.php(216): CodeIgniter\View\View->CodeIgniter\View\{closure}()
 3 SYSTEMPATH\Common.php(1135): CodeIgniter\View\View->render('perhitungan', [], true)
 4 APPPATH\Controllers\Spk.php(241): view('perhitungan', [...])
 5 SYSTEMPATH\CodeIgniter.php(898): App\Controllers\Spk->perhitungan()
 6 SYSTEMPATH\CodeIgniter.php(468): CodeIgniter\CodeIgniter->runController(Object(App\Controllers\Spk))
 7 SYSTEMPATH\CodeIgniter.php(351): CodeIgniter\CodeIgniter->handleRequest(null, Object(Config\Cache), false)
 8 FCPATH\index.php(55): CodeIgniter\CodeIgniter->run()
 9 SYSTEMPATH\Commands\Server\rewrite.php(43): require_once('FCPATH\\index.php')
CRITICAL - 2022-07-01 04:52:42 --> syntax error, unexpected token "="
in APPPATH\Views\perhitungan.php on line 155.
 1 SYSTEMPATH\View\View.php(216): CodeIgniter\View\View->CodeIgniter\View\{closure}()
 2 SYSTEMPATH\Common.php(1135): CodeIgniter\View\View->render('perhitungan', [], true)
 3 APPPATH\Controllers\Spk.php(241): view('perhitungan', [...])
 4 SYSTEMPATH\CodeIgniter.php(898): App\Controllers\Spk->perhitungan()
 5 SYSTEMPATH\CodeIgniter.php(468): CodeIgniter\CodeIgniter->runController(Object(App\Controllers\Spk))
 6 SYSTEMPATH\CodeIgniter.php(351): CodeIgniter\CodeIgniter->handleRequest(null, Object(Config\Cache), false)
 7 FCPATH\index.php(55): CodeIgniter\CodeIgniter->run()
 8 SYSTEMPATH\Commands\Server\rewrite.php(43): require_once('FCPATH\\index.php')
CRITICAL - 2022-07-01 04:58:14 --> Unsupported operand types: array * float
in APPPATH\Views\perhitungan.php on line 178.
 1 SYSTEMPATH\View\View.php(213): include()
 2 SYSTEMPATH\View\View.php(216): CodeIgniter\View\View->CodeIgniter\View\{closure}()
 3 SYSTEMPATH\Common.php(1135): CodeIgniter\View\View->render('perhitungan', [], true)
 4 APPPATH\Controllers\Spk.php(241): view('perhitungan', [...])
 5 SYSTEMPATH\CodeIgniter.php(898): App\Controllers\Spk->perhitungan()
 6 SYSTEMPATH\CodeIgniter.php(468): CodeIgniter\CodeIgniter->runController(Object(App\Controllers\Spk))
 7 SYSTEMPATH\CodeIgniter.php(351): CodeIgniter\CodeIgniter->handleRequest(null, Object(Config\Cache), false)
 8 FCPATH\index.php(55): CodeIgniter\CodeIgniter->run()
 9 SYSTEMPATH\Commands\Server\rewrite.php(43): require_once('FCPATH\\index.php')
CRITICAL - 2022-07-01 04:58:53 --> Unsupported operand types: array * float
in APPPATH\Views\perhitungan.php on line 181.
 1 SYSTEMPATH\View\View.php(213): include()
 2 SYSTEMPATH\View\View.php(216): CodeIgniter\View\View->CodeIgniter\View\{closure}()
 3 SYSTEMPATH\Common.php(1135): CodeIgniter\View\View->render('perhitungan', [], true)
 4 APPPATH\Controllers\Spk.php(241): view('perhitungan', [...])
 5 SYSTEMPATH\CodeIgniter.php(898): App\Controllers\Spk->perhitungan()
 6 SYSTEMPATH\CodeIgniter.php(468): CodeIgniter\CodeIgniter->runController(Object(App\Controllers\Spk))
 7 SYSTEMPATH\CodeIgniter.php(351): CodeIgniter\CodeIgniter->handleRequest(null, Object(Config\Cache), false)
 8 FCPATH\index.php(55): CodeIgniter\CodeIgniter->run()
 9 SYSTEMPATH\Commands\Server\rewrite.php(43): require_once('FCPATH\\index.php')
